{"/home/runner/work/UnoSim/UnoSim/client/src/components/features/compilation-output.tsx": {"path":"/home/runner/work/UnoSim/UnoSim/client/src/components/features/compilation-output.tsx","statementMap":{"0":{"start":{"line":12,"column":0},"end":{"line":12,"column":16}},"1":{"start":{"line":1,"column":0},"end":{"line":1,"column":48}},"2":{"start":{"line":2,"column":0},"end":{"line":2,"column":62}},"3":{"start":{"line":19,"column":2},"end":{"line":75,"column":4}}},"fnMap":{"0":{"name":"CompilationOutput","decl":{"start":{"line":12,"column":16},"end":{"line":12,"column":33}},"loc":{"start":{"line":18,"column":25},"end":{"line":76,"column":1}}}},"branchMap":{"0":{"loc":{"start":{"line":15,"column":2},"end":{"line":15,"column":19}},"type":"default-arg","locations":[{"start":{"line":15,"column":14},"end":{"line":15,"column":19}}]},"1":{"loc":{"start":{"line":16,"column":2},"end":{"line":16,"column":27}},"type":"default-arg","locations":[{"start":{"line":16,"column":23},"end":{"line":16,"column":27}}]},"2":{"loc":{"start":{"line":17,"column":2},"end":{"line":17,"column":20}},"type":"default-arg","locations":[{"start":{"line":17,"column":15},"end":{"line":17,"column":20}}]},"3":{"loc":{"start":{"line":24,"column":7},"end":{"line":59,"column":null}},"type":"binary-expr","locations":[{"start":{"line":24,"column":7},"end":{"line":24,"column":18}},{"start":{"line":25,"column":8},"end":{"line":58,"column":null}}]},"4":{"loc":{"start":{"line":28,"column":15},"end":{"line":37,"column":null}},"type":"cond-expr","locations":[{"start":{"line":29,"column":16},"end":{"line":31,"column":null}},{"start":{"line":34,"column":16},"end":{"line":36,"column":null}}]},"5":{"loc":{"start":{"line":28,"column":15},"end":{"line":28,"column":46}},"type":"binary-expr","locations":[{"start":{"line":28,"column":15},"end":{"line":28,"column":24}},{"start":{"line":28,"column":28},"end":{"line":28,"column":46}}]},"6":{"loc":{"start":{"line":41,"column":13},"end":{"line":44,"column":null}},"type":"binary-expr","locations":[{"start":{"line":41,"column":13},"end":{"line":41,"column":22}},{"start":{"line":41,"column":26},"end":{"line":41,"column":44}},{"start":{"line":42,"column":14},"end":{"line":42,"column":null}}]},"7":{"loc":{"start":{"line":67,"column":11},"end":{"line":70,"column":null}},"type":"binary-expr","locations":[{"start":{"line":67,"column":11},"end":{"line":67,"column":17}},{"start":{"line":68,"column":12},"end":{"line":68,"column":null}}]}},"s":{"0":1,"1":1,"2":1,"3":5},"f":{"0":5},"b":{"0":[5],"1":[5],"2":[5],"3":[5,5],"4":[0,5],"5":[5,0],"6":[5,0,0],"7":[5,1]}}
,"/home/runner/work/UnoSim/UnoSim/client/src/components/features/parser-output.tsx": {"path":"/home/runner/work/UnoSim/UnoSim/client/src/components/features/parser-output.tsx","statementMap":{"0":{"start":{"line":28,"column":0},"end":{"line":28,"column":16}},"1":{"start":{"line":1,"column":0},"end":{"line":1,"column":null}},"2":{"start":{"line":10,"column":0},"end":{"line":10,"column":48}},"3":{"start":{"line":11,"column":0},"end":{"line":11,"column":80}},"4":{"start":{"line":13,"column":0},"end":{"line":13,"column":28}},"5":{"start":{"line":14,"column":0},"end":{"line":14,"column":33}},"6":{"start":{"line":15,"column":0},"end":{"line":15,"column":31}},"7":{"start":{"line":38,"column":36},"end":{"line":39,"column":null}},"8":{"start":{"line":41,"column":40},"end":{"line":41,"column":55}},"9":{"start":{"line":43,"column":19},"end":{"line":43,"column":39}},"10":{"start":{"line":51,"column":29},"end":{"line":59,"column":null}},"11":{"start":{"line":53,"column":6},"end":{"line":55,"column":7}},"12":{"start":{"line":54,"column":8},"end":{"line":54,"column":31}},"13":{"start":{"line":56,"column":6},"end":{"line":56,"column":34}},"14":{"start":{"line":57,"column":6},"end":{"line":57,"column":17}},"15":{"start":{"line":62,"column":27},"end":{"line":71,"column":3}},"16":{"start":{"line":63,"column":43},"end":{"line":69,"column":6}},"17":{"start":{"line":70,"column":4},"end":{"line":70,"column":40}},"18":{"start":{"line":74,"column":27},"end":{"line":86,"column":31}},"19":{"start":{"line":75,"column":4},"end":{"line":77,"column":5}},"20":{"start":{"line":76,"column":6},"end":{"line":76,"column":24}},"21":{"start":{"line":79,"column":4},"end":{"line":85,"column":7}},"22":{"start":{"line":80,"column":28},"end":{"line":80,"column":69}},"23":{"start":{"line":82,"column":8},"end":{"line":83,"column":78}},"24":{"start":{"line":83,"column":36},"end":{"line":83,"column":67}},"25":{"start":{"line":84,"column":6},"end":{"line":84,"column":41}},"26":{"start":{"line":89,"column":30},"end":{"line":97,"column":18}},"27":{"start":{"line":90,"column":4},"end":{"line":96,"column":14}},"28":{"start":{"line":91,"column":28},"end":{"line":91,"column":69}},"29":{"start":{"line":93,"column":8},"end":{"line":94,"column":78}},"30":{"start":{"line":94,"column":36},"end":{"line":94,"column":67}},"31":{"start":{"line":95,"column":6},"end":{"line":95,"column":41}},"32":{"start":{"line":100,"column":29},"end":{"line":103,"column":4}},"33":{"start":{"line":105,"column":26},"end":{"line":110,"column":3}},"34":{"start":{"line":106,"column":4},"end":{"line":106,"column":74}},"35":{"start":{"line":106,"column":24},"end":{"line":106,"column":74}},"36":{"start":{"line":107,"column":4},"end":{"line":108,"column":67}},"37":{"start":{"line":108,"column":6},"end":{"line":108,"column":67}},"38":{"start":{"line":109,"column":4},"end":{"line":109,"column":60}},"39":{"start":{"line":112,"column":27},"end":{"line":116,"column":3}},"40":{"start":{"line":113,"column":4},"end":{"line":113,"column":38}},"41":{"start":{"line":113,"column":24},"end":{"line":113,"column":38}},"42":{"start":{"line":114,"column":4},"end":{"line":114,"column":41}},"43":{"start":{"line":114,"column":24},"end":{"line":114,"column":41}},"44":{"start":{"line":115,"column":4},"end":{"line":115,"column":19}},"45":{"start":{"line":118,"column":22},"end":{"line":118,"column":69}},"46":{"start":{"line":118,"column":45},"end":{"line":118,"column":61}},"47":{"start":{"line":119,"column":24},"end":{"line":119,"column":71}},"48":{"start":{"line":119,"column":47},"end":{"line":119,"column":63}},"49":{"start":{"line":120,"column":21},"end":{"line":120,"column":68}},"50":{"start":{"line":120,"column":44},"end":{"line":120,"column":60}},"51":{"start":{"line":122,"column":2},"end":{"line":601,"column":4}},"52":{"start":{"line":127,"column":30},"end":{"line":127,"column":72}},"53":{"start":{"line":211,"column":18},"end":{"line":211,"column":38}},"54":{"start":{"line":219,"column":22},"end":{"line":220,"column":null}},"55":{"start":{"line":231,"column":26},"end":{"line":232,"column":52}},"56":{"start":{"line":265,"column":36},"end":{"line":265,"column":56}},"57":{"start":{"line":266,"column":36},"end":{"line":269,"column":38}},"58":{"start":{"line":304,"column":29},"end":{"line":304,"column":57}},"59":{"start":{"line":328,"column":37},"end":{"line":328,"column":57}},"60":{"start":{"line":364,"column":34},"end":{"line":364,"column":53}},"61":{"start":{"line":365,"column":43},"end":{"line":366,"column":null}},"62":{"start":{"line":366,"column":24},"end":{"line":366,"column":59}},"63":{"start":{"line":368,"column":44},"end":{"line":369,"column":null}},"64":{"start":{"line":369,"column":24},"end":{"line":369,"column":60}},"65":{"start":{"line":371,"column":42},"end":{"line":372,"column":null}},"66":{"start":{"line":372,"column":24},"end":{"line":372,"column":58}},"67":{"start":{"line":374,"column":43},"end":{"line":375,"column":null}},"68":{"start":{"line":375,"column":24},"end":{"line":375,"column":59}},"69":{"start":{"line":377,"column":39},"end":{"line":389,"column":26}},"70":{"start":{"line":378,"column":39},"end":{"line":378,"column":70}},"71":{"start":{"line":380,"column":40},"end":{"line":380,"column":74}},"72":{"start":{"line":381,"column":39},"end":{"line":381,"column":70}},"73":{"start":{"line":382,"column":26},"end":{"line":388,"column":44}},"74":{"start":{"line":390,"column":42},"end":{"line":390,"column":64}},"75":{"start":{"line":391,"column":47},"end":{"line":391,"column":69}},"76":{"start":{"line":393,"column":22},"end":{"line":591,"column":24}},"77":{"start":{"line":403,"column":47},"end":{"line":403,"column":65}},"78":{"start":{"line":404,"column":32},"end":{"line":409,"column":36}},"79":{"start":{"line":405,"column":34},"end":{"line":409,"column":36}},"80":{"start":{"line":410,"column":32},"end":{"line":415,"column":36}},"81":{"start":{"line":411,"column":34},"end":{"line":415,"column":36}},"82":{"start":{"line":416,"column":32},"end":{"line":416,"column":44}},"83":{"start":{"line":420,"column":42},"end":{"line":420,"column":74}},"84":{"start":{"line":421,"column":32},"end":{"line":424,"column":41}},"85":{"start":{"line":440,"column":48},"end":{"line":442,"column":42}},"86":{"start":{"line":441,"column":43},"end":{"line":441,"column":53}},"87":{"start":{"line":444,"column":36},"end":{"line":448,"column":58}},"88":{"start":{"line":449,"column":34},"end":{"line":464,"column":36}},"89":{"start":{"line":504,"column":34},"end":{"line":504,"column":47}},"90":{"start":{"line":527,"column":34},"end":{"line":527,"column":47}},"91":{"start":{"line":550,"column":34},"end":{"line":550,"column":47}},"92":{"start":{"line":573,"column":34},"end":{"line":573,"column":47}}},"fnMap":{"0":{"name":"ParserOutput","decl":{"start":{"line":28,"column":16},"end":{"line":28,"column":28}},"loc":{"start":{"line":37,"column":20},"end":{"line":602,"column":1}}},"1":{"name":"(anonymous_7)","decl":{"start":{"line":52,"column":4},"end":{"line":52,"column":5}},"loc":{"start":{"line":52,"column":17},"end":{"line":58,"column":5}}},"2":{"name":"(anonymous_8)","decl":{"start":{"line":62,"column":27},"end":{"line":62,"column":28}},"loc":{"start":{"line":62,"column":56},"end":{"line":71,"column":3}}},"3":{"name":"(anonymous_9)","decl":{"start":{"line":74,"column":41},"end":{"line":74,"column":44}},"loc":{"start":{"line":74,"column":46},"end":{"line":86,"column":3}}},"4":{"name":"(anonymous_10)","decl":{"start":{"line":79,"column":29},"end":{"line":79,"column":30}},"loc":{"start":{"line":79,"column":40},"end":{"line":85,"column":5}}},"5":{"name":"(anonymous_11)","decl":{"start":{"line":83,"column":29},"end":{"line":83,"column":30}},"loc":{"start":{"line":83,"column":36},"end":{"line":83,"column":67}}},"6":{"name":"(anonymous_12)","decl":{"start":{"line":89,"column":44},"end":{"line":89,"column":47}},"loc":{"start":{"line":89,"column":49},"end":{"line":97,"column":3}}},"7":{"name":"(anonymous_13)","decl":{"start":{"line":90,"column":29},"end":{"line":90,"column":30}},"loc":{"start":{"line":90,"column":40},"end":{"line":96,"column":5}}},"8":{"name":"(anonymous_14)","decl":{"start":{"line":94,"column":29},"end":{"line":94,"column":30}},"loc":{"start":{"line":94,"column":36},"end":{"line":94,"column":67}}},"9":{"name":"(anonymous_15)","decl":{"start":{"line":105,"column":26},"end":{"line":105,"column":27}},"loc":{"start":{"line":105,"column":50},"end":{"line":110,"column":3}}},"10":{"name":"(anonymous_16)","decl":{"start":{"line":112,"column":27},"end":{"line":112,"column":28}},"loc":{"start":{"line":112,"column":59},"end":{"line":116,"column":3}}},"11":{"name":"(anonymous_17)","decl":{"start":{"line":118,"column":38},"end":{"line":118,"column":39}},"loc":{"start":{"line":118,"column":45},"end":{"line":118,"column":61}}},"12":{"name":"(anonymous_18)","decl":{"start":{"line":119,"column":40},"end":{"line":119,"column":41}},"loc":{"start":{"line":119,"column":47},"end":{"line":119,"column":63}}},"13":{"name":"(anonymous_19)","decl":{"start":{"line":120,"column":37},"end":{"line":120,"column":38}},"loc":{"start":{"line":120,"column":44},"end":{"line":120,"column":60}}},"14":{"name":"(anonymous_20)","decl":{"start":{"line":127,"column":23},"end":{"line":127,"column":24}},"loc":{"start":{"line":127,"column":30},"end":{"line":127,"column":72}}},"15":{"name":"(anonymous_21)","decl":{"start":{"line":210,"column":16},"end":{"line":210,"column":17}},"loc":{"start":{"line":211,"column":18},"end":{"line":211,"column":38}}},"16":{"name":"(anonymous_22)","decl":{"start":{"line":218,"column":42},"end":{"line":218,"column":43}},"loc":{"start":{"line":219,"column":22},"end":{"line":220,"column":null}}},"17":{"name":"(anonymous_23)","decl":{"start":{"line":230,"column":33},"end":{"line":230,"column":36}},"loc":{"start":{"line":231,"column":26},"end":{"line":232,"column":52}}},"18":{"name":"(anonymous_24)","decl":{"start":{"line":264,"column":43},"end":{"line":264,"column":44}},"loc":{"start":{"line":264,"column":49},"end":{"line":270,"column":35}}},"19":{"name":"(anonymous_25)","decl":{"start":{"line":304,"column":23},"end":{"line":304,"column":26}},"loc":{"start":{"line":304,"column":29},"end":{"line":304,"column":57}}},"20":{"name":"(anonymous_26)","decl":{"start":{"line":328,"column":31},"end":{"line":328,"column":34}},"loc":{"start":{"line":328,"column":37},"end":{"line":328,"column":57}}},"21":{"name":"(anonymous_27)","decl":{"start":{"line":362,"column":42},"end":{"line":362,"column":43}},"loc":{"start":{"line":362,"column":58},"end":{"line":592,"column":21}}},"22":{"name":"(anonymous_28)","decl":{"start":{"line":365,"column":54},"end":{"line":365,"column":55}},"loc":{"start":{"line":366,"column":24},"end":{"line":366,"column":59}}},"23":{"name":"(anonymous_29)","decl":{"start":{"line":368,"column":55},"end":{"line":368,"column":56}},"loc":{"start":{"line":369,"column":24},"end":{"line":369,"column":60}}},"24":{"name":"(anonymous_30)","decl":{"start":{"line":371,"column":53},"end":{"line":371,"column":54}},"loc":{"start":{"line":372,"column":24},"end":{"line":372,"column":58}}},"25":{"name":"(anonymous_31)","decl":{"start":{"line":374,"column":54},"end":{"line":374,"column":55}},"loc":{"start":{"line":375,"column":24},"end":{"line":375,"column":59}}},"26":{"name":"(anonymous_32)","decl":{"start":{"line":378,"column":32},"end":{"line":378,"column":33}},"loc":{"start":{"line":378,"column":39},"end":{"line":378,"column":70}}},"27":{"name":"(anonymous_33)","decl":{"start":{"line":379,"column":29},"end":{"line":379,"column":30}},"loc":{"start":{"line":379,"column":35},"end":{"line":389,"column":25}}},"28":{"name":"(anonymous_34)","decl":{"start":{"line":402,"column":32},"end":{"line":402,"column":35}},"loc":{"start":{"line":402,"column":37},"end":{"line":417,"column":31}}},"29":{"name":"(anonymous_35)","decl":{"start":{"line":419,"column":32},"end":{"line":419,"column":35}},"loc":{"start":{"line":419,"column":37},"end":{"line":425,"column":31}}},"30":{"name":"(anonymous_36)","decl":{"start":{"line":439,"column":49},"end":{"line":439,"column":50}},"loc":{"start":{"line":439,"column":61},"end":{"line":465,"column":33}}},"31":{"name":"(anonymous_37)","decl":{"start":{"line":441,"column":36},"end":{"line":441,"column":37}},"loc":{"start":{"line":441,"column":43},"end":{"line":441,"column":53}}},"32":{"name":"(anonymous_38)","decl":{"start":{"line":503,"column":50},"end":{"line":503,"column":51}},"loc":{"start":{"line":504,"column":34},"end":{"line":504,"column":47}}},"33":{"name":"(anonymous_39)","decl":{"start":{"line":526,"column":51},"end":{"line":526,"column":52}},"loc":{"start":{"line":527,"column":34},"end":{"line":527,"column":47}}},"34":{"name":"(anonymous_40)","decl":{"start":{"line":549,"column":49},"end":{"line":549,"column":50}},"loc":{"start":{"line":550,"column":34},"end":{"line":550,"column":47}}},"35":{"name":"(anonymous_41)","decl":{"start":{"line":572,"column":50},"end":{"line":572,"column":51}},"loc":{"start":{"line":573,"column":34},"end":{"line":573,"column":47}}}},"branchMap":{"0":{"loc":{"start":{"line":30,"column":2},"end":{"line":30,"column":17}},"type":"default-arg","locations":[{"start":{"line":30,"column":15},"end":{"line":30,"column":17}}]},"1":{"loc":{"start":{"line":34,"column":2},"end":{"line":34,"column":20}},"type":"default-arg","locations":[{"start":{"line":34,"column":15},"end":{"line":34,"column":20}}]},"2":{"loc":{"start":{"line":35,"column":2},"end":{"line":35,"column":25}},"type":"default-arg","locations":[{"start":{"line":35,"column":15},"end":{"line":35,"column":25}}]},"3":{"loc":{"start":{"line":53,"column":6},"end":{"line":55,"column":7}},"type":"if","locations":[{"start":{"line":53,"column":6},"end":{"line":55,"column":7}},{"start":{},"end":{}}]},"4":{"loc":{"start":{"line":70,"column":11},"end":{"line":70,"column":39}},"type":"binary-expr","locations":[{"start":{"line":70,"column":11},"end":{"line":70,"column":27}},{"start":{"line":70,"column":31},"end":{"line":70,"column":39}}]},"5":{"loc":{"start":{"line":75,"column":4},"end":{"line":77,"column":5}},"type":"if","locations":[{"start":{"line":75,"column":4},"end":{"line":77,"column":5}},{"start":{},"end":{}}]},"6":{"loc":{"start":{"line":80,"column":28},"end":{"line":80,"column":69}},"type":"binary-expr","locations":[{"start":{"line":80,"column":28},"end":{"line":80,"column":41}},{"start":{"line":80,"column":45},"end":{"line":80,"column":69}}]},"7":{"loc":{"start":{"line":82,"column":8},"end":{"line":83,"column":78}},"type":"binary-expr","locations":[{"start":{"line":82,"column":8},"end":{"line":82,"column":22}},{"start":{"line":83,"column":9},"end":{"line":83,"column":68}},{"start":{"line":83,"column":72},"end":{"line":83,"column":77}}]},"8":{"loc":{"start":{"line":84,"column":13},"end":{"line":84,"column":40}},"type":"binary-expr","locations":[{"start":{"line":84,"column":13},"end":{"line":84,"column":26}},{"start":{"line":84,"column":30},"end":{"line":84,"column":40}}]},"9":{"loc":{"start":{"line":91,"column":28},"end":{"line":91,"column":69}},"type":"binary-expr","locations":[{"start":{"line":91,"column":28},"end":{"line":91,"column":41}},{"start":{"line":91,"column":45},"end":{"line":91,"column":69}}]},"10":{"loc":{"start":{"line":93,"column":8},"end":{"line":94,"column":78}},"type":"binary-expr","locations":[{"start":{"line":93,"column":8},"end":{"line":93,"column":22}},{"start":{"line":94,"column":9},"end":{"line":94,"column":68}},{"start":{"line":94,"column":72},"end":{"line":94,"column":77}}]},"11":{"loc":{"start":{"line":95,"column":13},"end":{"line":95,"column":40}},"type":"binary-expr","locations":[{"start":{"line":95,"column":13},"end":{"line":95,"column":26}},{"start":{"line":95,"column":30},"end":{"line":95,"column":40}}]},"12":{"loc":{"start":{"line":106,"column":4},"end":{"line":106,"column":74}},"type":"if","locations":[{"start":{"line":106,"column":4},"end":{"line":106,"column":74}},{"start":{},"end":{}}]},"13":{"loc":{"start":{"line":107,"column":4},"end":{"line":108,"column":67}},"type":"if","locations":[{"start":{"line":107,"column":4},"end":{"line":108,"column":67}},{"start":{},"end":{}}]},"14":{"loc":{"start":{"line":113,"column":4},"end":{"line":113,"column":38}},"type":"if","locations":[{"start":{"line":113,"column":4},"end":{"line":113,"column":38}},{"start":{},"end":{}}]},"15":{"loc":{"start":{"line":114,"column":4},"end":{"line":114,"column":41}},"type":"if","locations":[{"start":{"line":114,"column":4},"end":{"line":114,"column":41}},{"start":{},"end":{}}]},"16":{"loc":{"start":{"line":131,"column":9},"end":{"line":190,"column":null}},"type":"binary-expr","locations":[{"start":{"line":131,"column":9},"end":{"line":131,"column":20}},{"start":{"line":132,"column":10},"end":{"line":189,"column":null}}]},"17":{"loc":{"start":{"line":148,"column":26},"end":{"line":148,"column":71}},"type":"binary-expr","locations":[{"start":{"line":148,"column":26},"end":{"line":148,"column":45}},{"start":{"line":148,"column":49},"end":{"line":148,"column":71}}]},"18":{"loc":{"start":{"line":155,"column":17},"end":{"line":157,"column":78}},"type":"binary-expr","locations":[{"start":{"line":155,"column":17},"end":{"line":156,"column":19}},{"start":{"line":157,"column":18},"end":{"line":157,"column":78}}]},"19":{"loc":{"start":{"line":155,"column":18},"end":{"line":155,"column":71}},"type":"cond-expr","locations":[{"start":{"line":155,"column":32},"end":{"line":155,"column":49}},{"start":{"line":155,"column":52},"end":{"line":155,"column":71}}]},"20":{"loc":{"start":{"line":157,"column":22},"end":{"line":157,"column":75}},"type":"cond-expr","locations":[{"start":{"line":157,"column":36},"end":{"line":157,"column":53}},{"start":{"line":157,"column":56},"end":{"line":157,"column":75}}]},"21":{"loc":{"start":{"line":161,"column":15},"end":{"line":165,"column":null}},"type":"binary-expr","locations":[{"start":{"line":161,"column":15},"end":{"line":161,"column":30}},{"start":{"line":162,"column":16},"end":{"line":164,"column":null}}]},"22":{"loc":{"start":{"line":167,"column":15},"end":{"line":171,"column":null}},"type":"binary-expr","locations":[{"start":{"line":167,"column":15},"end":{"line":167,"column":32}},{"start":{"line":168,"column":16},"end":{"line":170,"column":null}}]},"23":{"loc":{"start":{"line":173,"column":15},"end":{"line":177,"column":null}},"type":"binary-expr","locations":[{"start":{"line":173,"column":15},"end":{"line":173,"column":29}},{"start":{"line":174,"column":16},"end":{"line":176,"column":null}}]},"24":{"loc":{"start":{"line":199,"column":11},"end":{"line":285,"column":null}},"type":"cond-expr","locations":[{"start":{"line":200,"column":12},"end":{"line":200,"column":null}},{"start":{"line":204,"column":12},"end":{"line":284,"column":null}}]},"25":{"loc":{"start":{"line":224,"column":28},"end":{"line":228,"column":52}},"type":"cond-expr","locations":[{"start":{"line":225,"column":32},"end":{"line":225,"column":49}},{"start":{"line":226,"column":32},"end":{"line":228,"column":52}}]},"26":{"loc":{"start":{"line":226,"column":32},"end":{"line":228,"column":52}},"type":"cond-expr","locations":[{"start":{"line":227,"column":34},"end":{"line":227,"column":51}},{"start":{"line":228,"column":34},"end":{"line":228,"column":52}}]},"27":{"loc":{"start":{"line":231,"column":26},"end":{"line":232,"column":52}},"type":"binary-expr","locations":[{"start":{"line":231,"column":26},"end":{"line":231,"column":52}},{"start":{"line":232,"column":26},"end":{"line":232,"column":52}}]},"28":{"loc":{"start":{"line":242,"column":31},"end":{"line":243,"column":null}},"type":"binary-expr","locations":[{"start":{"line":242,"column":31},"end":{"line":242,"column":57}},{"start":{"line":243,"column":32},"end":{"line":243,"column":64}}]},"29":{"loc":{"start":{"line":245,"column":31},"end":{"line":247,"column":null}},"type":"binary-expr","locations":[{"start":{"line":245,"column":31},"end":{"line":245,"column":59}},{"start":{"line":246,"column":32},"end":{"line":246,"column":50}},{"start":{"line":247,"column":34},"end":{"line":247,"column":69}}]},"30":{"loc":{"start":{"line":253,"column":29},"end":{"line":276,"column":null}},"type":"binary-expr","locations":[{"start":{"line":253,"column":29},"end":{"line":253,"column":47}},{"start":{"line":254,"column":30},"end":{"line":275,"column":null}}]},"31":{"loc":{"start":{"line":297,"column":15},"end":{"line":299,"column":60}},"type":"cond-expr","locations":[{"start":{"line":298,"column":18},"end":{"line":298,"column":51}},{"start":{"line":299,"column":18},"end":{"line":299,"column":60}}]},"32":{"loc":{"start":{"line":306,"column":21},"end":{"line":306,"column":70}},"type":"cond-expr","locations":[{"start":{"line":306,"column":35},"end":{"line":306,"column":52}},{"start":{"line":306,"column":55},"end":{"line":306,"column":70}}]},"33":{"loc":{"start":{"line":308,"column":15},"end":{"line":311,"column":null}},"type":"cond-expr","locations":[{"start":{"line":309,"column":16},"end":{"line":309,"column":47}},{"start":{"line":311,"column":16},"end":{"line":311,"column":50}}]},"34":{"loc":{"start":{"line":318,"column":13},"end":{"line":595,"column":null}},"type":"cond-expr","locations":[{"start":{"line":319,"column":14},"end":{"line":334,"column":null}},{"start":{"line":337,"column":14},"end":{"line":594,"column":null}}]},"35":{"loc":{"start":{"line":320,"column":17},"end":{"line":333,"column":null}},"type":"cond-expr","locations":[{"start":{"line":321,"column":18},"end":{"line":321,"column":37}},{"start":{"line":323,"column":18},"end":{"line":332,"column":null}}]},"36":{"loc":{"start":{"line":364,"column":34},"end":{"line":364,"column":53}},"type":"binary-expr","locations":[{"start":{"line":364,"column":34},"end":{"line":364,"column":47}},{"start":{"line":364,"column":51},"end":{"line":364,"column":53}}]},"37":{"loc":{"start":{"line":381,"column":39},"end":{"line":381,"column":70}},"type":"cond-expr","locations":[{"start":{"line":381,"column":47},"end":{"line":381,"column":65}},{"start":{"line":381,"column":68},"end":{"line":381,"column":70}}]},"38":{"loc":{"start":{"line":382,"column":33},"end":{"line":388,"column":43}},"type":"cond-expr","locations":[{"start":{"line":383,"column":30},"end":{"line":383,"column":37}},{"start":{"line":384,"column":30},"end":{"line":388,"column":43}}]},"39":{"loc":{"start":{"line":384,"column":30},"end":{"line":388,"column":43}},"type":"cond-expr","locations":[{"start":{"line":385,"column":32},"end":{"line":385,"column":40}},{"start":{"line":386,"column":32},"end":{"line":388,"column":43}}]},"40":{"loc":{"start":{"line":386,"column":32},"end":{"line":388,"column":43}},"type":"cond-expr","locations":[{"start":{"line":387,"column":34},"end":{"line":387,"column":48}},{"start":{"line":388,"column":34},"end":{"line":388,"column":43}}]},"41":{"loc":{"start":{"line":396,"column":80},"end":{"line":396,"column":127}},"type":"cond-expr","locations":[{"start":{"line":396,"column":96},"end":{"line":396,"column":111}},{"start":{"line":396,"column":114},"end":{"line":396,"column":127}}]},"42":{"loc":{"start":{"line":404,"column":32},"end":{"line":409,"column":36}},"type":"if","locations":[{"start":{"line":404,"column":32},"end":{"line":409,"column":36}},{"start":{},"end":{}}]},"43":{"loc":{"start":{"line":410,"column":32},"end":{"line":415,"column":36}},"type":"if","locations":[{"start":{"line":410,"column":32},"end":{"line":415,"column":36}},{"start":{},"end":{}}]},"44":{"loc":{"start":{"line":421,"column":39},"end":{"line":424,"column":40}},"type":"cond-expr","locations":[{"start":{"line":423,"column":34},"end":{"line":423,"column":76}},{"start":{"line":424,"column":36},"end":{"line":424,"column":40}}]},"45":{"loc":{"start":{"line":421,"column":39},"end":{"line":422,"column":54}},"type":"binary-expr","locations":[{"start":{"line":421,"column":39},"end":{"line":421,"column":55}},{"start":{"line":422,"column":34},"end":{"line":422,"column":54}}]},"46":{"loc":{"start":{"line":434,"column":30},"end":{"line":434,"column":75}},"type":"binary-expr","locations":[{"start":{"line":434,"column":30},"end":{"line":434,"column":46}},{"start":{"line":434,"column":50},"end":{"line":434,"column":75}}]},"47":{"loc":{"start":{"line":437,"column":29},"end":{"line":495,"column":null}},"type":"cond-expr","locations":[{"start":{"line":438,"column":30},"end":{"line":465,"column":null}},{"start":{"line":467,"column":32},"end":{"line":495,"column":null}}]},"48":{"loc":{"start":{"line":444,"column":36},"end":{"line":448,"column":58}},"type":"cond-expr","locations":[{"start":{"line":445,"column":40},"end":{"line":445,"column":55}},{"start":{"line":446,"column":40},"end":{"line":448,"column":58}}]},"49":{"loc":{"start":{"line":446,"column":40},"end":{"line":448,"column":58}},"type":"cond-expr","locations":[{"start":{"line":447,"column":42},"end":{"line":447,"column":59}},{"start":{"line":448,"column":42},"end":{"line":448,"column":58}}]},"50":{"loc":{"start":{"line":455,"column":39},"end":{"line":456,"column":null}},"type":"binary-expr","locations":[{"start":{"line":455,"column":39},"end":{"line":455,"column":55}},{"start":{"line":456,"column":40},"end":{"line":456,"column":79}}]},"51":{"loc":{"start":{"line":458,"column":39},"end":{"line":461,"column":null}},"type":"binary-expr","locations":[{"start":{"line":458,"column":39},"end":{"line":458,"column":48}},{"start":{"line":459,"column":40},"end":{"line":460,"column":null}}]},"52":{"loc":{"start":{"line":467,"column":32},"end":{"line":495,"column":null}},"type":"cond-expr","locations":[{"start":{"line":469,"column":30},"end":{"line":484,"column":null}},{"start":{"line":486,"column":32},"end":{"line":495,"column":null}}]},"53":{"loc":{"start":{"line":467,"column":32},"end":{"line":468,"column":58}},"type":"binary-expr","locations":[{"start":{"line":467,"column":32},"end":{"line":467,"column":46}},{"start":{"line":468,"column":30},"end":{"line":468,"column":58}}]},"54":{"loc":{"start":{"line":472,"column":36},"end":{"line":476,"column":58}},"type":"cond-expr","locations":[{"start":{"line":473,"column":40},"end":{"line":473,"column":55}},{"start":{"line":474,"column":40},"end":{"line":476,"column":58}}]},"55":{"loc":{"start":{"line":474,"column":40},"end":{"line":476,"column":58}},"type":"cond-expr","locations":[{"start":{"line":475,"column":42},"end":{"line":475,"column":59}},{"start":{"line":476,"column":42},"end":{"line":476,"column":58}}]},"56":{"loc":{"start":{"line":479,"column":35},"end":{"line":483,"column":54}},"type":"cond-expr","locations":[{"start":{"line":480,"column":38},"end":{"line":480,"column":45}},{"start":{"line":481,"column":38},"end":{"line":483,"column":54}}]},"57":{"loc":{"start":{"line":481,"column":38},"end":{"line":483,"column":54}},"type":"cond-expr","locations":[{"start":{"line":482,"column":40},"end":{"line":482,"column":48}},{"start":{"line":483,"column":40},"end":{"line":483,"column":54}}]},"58":{"loc":{"start":{"line":486,"column":32},"end":{"line":495,"column":null}},"type":"cond-expr","locations":[{"start":{"line":488,"column":30},"end":{"line":492,"column":null}},{"start":{"line":495,"column":30},"end":{"line":495,"column":70}}]},"59":{"loc":{"start":{"line":486,"column":32},"end":{"line":487,"column":54}},"type":"binary-expr","locations":[{"start":{"line":486,"column":32},"end":{"line":486,"column":55}},{"start":{"line":487,"column":30},"end":{"line":487,"column":54}}]},"60":{"loc":{"start":{"line":501,"column":29},"end":{"line":518,"column":null}},"type":"cond-expr","locations":[{"start":{"line":502,"column":30},"end":{"line":515,"column":null}},{"start":{"line":518,"column":30},"end":{"line":518,"column":70}}]},"61":{"loc":{"start":{"line":505,"column":37},"end":{"line":512,"column":null}},"type":"cond-expr","locations":[{"start":{"line":506,"column":38},"end":{"line":507,"column":null}},{"start":{"line":510,"column":38},"end":{"line":510,"column":null}}]},"62":{"loc":{"start":{"line":524,"column":29},"end":{"line":541,"column":null}},"type":"cond-expr","locations":[{"start":{"line":525,"column":30},"end":{"line":538,"column":null}},{"start":{"line":541,"column":30},"end":{"line":541,"column":70}}]},"63":{"loc":{"start":{"line":528,"column":37},"end":{"line":535,"column":null}},"type":"cond-expr","locations":[{"start":{"line":529,"column":38},"end":{"line":530,"column":null}},{"start":{"line":533,"column":38},"end":{"line":533,"column":null}}]},"64":{"loc":{"start":{"line":547,"column":29},"end":{"line":564,"column":null}},"type":"cond-expr","locations":[{"start":{"line":548,"column":30},"end":{"line":561,"column":null}},{"start":{"line":564,"column":30},"end":{"line":564,"column":70}}]},"65":{"loc":{"start":{"line":551,"column":37},"end":{"line":558,"column":null}},"type":"cond-expr","locations":[{"start":{"line":552,"column":38},"end":{"line":553,"column":null}},{"start":{"line":556,"column":38},"end":{"line":556,"column":null}}]},"66":{"loc":{"start":{"line":570,"column":29},"end":{"line":587,"column":null}},"type":"cond-expr","locations":[{"start":{"line":571,"column":30},"end":{"line":584,"column":null}},{"start":{"line":587,"column":30},"end":{"line":587,"column":70}}]},"67":{"loc":{"start":{"line":574,"column":37},"end":{"line":581,"column":null}},"type":"cond-expr","locations":[{"start":{"line":575,"column":38},"end":{"line":576,"column":null}},{"start":{"line":579,"column":38},"end":{"line":579,"column":null}}]}},"s":{"0":1,"1":1,"2":1,"3":1,"4":1,"5":1,"6":1,"7":8,"8":8,"9":8,"10":8,"11":11,"12":11,"13":11,"14":11,"15":8,"16":11,"17":11,"18":8,"19":8,"20":0,"21":8,"22":2,"23":2,"24":2,"25":2,"26":8,"27":8,"28":2,"29":2,"30":2,"31":2,"32":8,"33":8,"34":11,"35":0,"36":11,"37":9,"38":2,"39":8,"40":11,"41":0,"42":11,"43":9,"44":2,"45":8,"46":11,"47":8,"48":11,"49":8,"50":11,"51":8,"52":0,"53":11,"54":11,"55":0,"56":0,"57":0,"58":0,"59":0,"60":2,"61":2,"62":2,"63":2,"64":2,"65":2,"66":2,"67":2,"68":2,"69":2,"70":2,"71":0,"72":0,"73":0,"74":2,"75":2,"76":2,"77":2,"78":2,"79":0,"80":2,"81":0,"82":2,"83":2,"84":2,"85":0,"86":0,"87":0,"88":0,"89":0,"90":2,"91":0,"92":0},"f":{"0":8,"1":11,"2":11,"3":8,"4":2,"5":2,"6":8,"7":2,"8":2,"9":11,"10":11,"11":11,"12":11,"13":11,"14":0,"15":11,"16":11,"17":0,"18":0,"19":0,"20":0,"21":2,"22":2,"23":2,"24":2,"25":2,"26":2,"27":0,"28":2,"29":2,"30":0,"31":0,"32":0,"33":2,"34":0,"35":0},"b":{"0":[0],"1":[8],"2":[8],"3":[11,0],"4":[11,0],"5":[0,8],"6":[2,2],"7":[2,2,0],"8":[2,0],"9":[2,2],"10":[2,2,0],"11":[2,0],"12":[0,11],"13":[9,2],"14":[0,11],"15":[9,2],"16":[8,8],"17":[8,7],"18":[8,2],"19":[0,8],"20":[0,2],"21":[8,2],"22":[8,7],"23":[8,0],"24":[1,7],"25":[0,11],"26":[9,2],"27":[0,0],"28":[11,1],"29":[11,0,0],"30":[11,4],"31":[0,8],"32":[0,8],"33":[0,8],"34":[6,2],"35":[0,6],"36":[2,0],"37":[0,0],"38":[0,0],"39":[0,0],"40":[0,0],"41":[2,0],"42":[0,2],"43":[0,2],"44":[2,0],"45":[2,2],"46":[2,0],"47":[0,2],"48":[0,0],"49":[0,0],"50":[0,0],"51":[0,0],"52":[0,2],"53":[2,0],"54":[0,0],"55":[0,0],"56":[0,0],"57":[0,0],"58":[2,0],"59":[2,2],"60":[0,2],"61":[0,0],"62":[2,0],"63":[2,0],"64":[0,2],"65":[0,0],"66":[0,2],"67":[0,0]}}
,"/home/runner/work/UnoSim/UnoSim/client/src/components/features/serial-monitor.tsx": {"path":"/home/runner/work/UnoSim/UnoSim/client/src/components/features/serial-monitor.tsx","statementMap":{"0":{"start":{"line":60,"column":0},"end":{"line":60,"column":16}},"1":{"start":{"line":116,"column":0},"end":{"line":116,"column":16}},"2":{"start":{"line":1,"column":0},"end":{"line":1,"column":42}},"3":{"start":{"line":2,"column":0},"end":{"line":2,"column":57}},"4":{"start":{"line":18,"column":18},"end":{"line":18,"column":74}},"5":{"start":{"line":19,"column":2},"end":{"line":19,"column":74}},"6":{"start":{"line":21,"column":2},"end":{"line":23,"column":38}},"7":{"start":{"line":25,"column":2},"end":{"line":25,"column":74}},"8":{"start":{"line":29,"column":2},"end":{"line":39,"column":3}},"9":{"start":{"line":30,"column":14},"end":{"line":30,"column":16}},"10":{"start":{"line":31,"column":4},"end":{"line":37,"column":5}},"11":{"start":{"line":32,"column":6},"end":{"line":36,"column":7}},"12":{"start":{"line":33,"column":8},"end":{"line":33,"column":31}},"13":{"start":{"line":35,"column":8},"end":{"line":35,"column":18}},"14":{"start":{"line":38,"column":4},"end":{"line":38,"column":20}},"15":{"start":{"line":42,"column":2},"end":{"line":44,"column":3}},"16":{"start":{"line":43,"column":4},"end":{"line":43,"column":49}},"17":{"start":{"line":47,"column":2},"end":{"line":49,"column":3}},"18":{"start":{"line":48,"column":4},"end":{"line":48,"column":48}},"19":{"start":{"line":52,"column":2},"end":{"line":54,"column":3}},"20":{"start":{"line":53,"column":4},"end":{"line":53,"column":68}},"21":{"start":{"line":56,"column":2},"end":{"line":56,"column":19}},"22":{"start":{"line":66,"column":2},"end":{"line":87,"column":3}},"23":{"start":{"line":68,"column":25},"end":{"line":68,"column":26}},"24":{"start":{"line":69,"column":14},"end":{"line":69,"column":15}},"25":{"start":{"line":70,"column":4},"end":{"line":73,"column":5}},"26":{"start":{"line":71,"column":6},"end":{"line":71,"column":23}},"27":{"start":{"line":72,"column":6},"end":{"line":72,"column":12}},"28":{"start":{"line":75,"column":4},"end":{"line":86,"column":5}},"29":{"start":{"line":80,"column":23},"end":{"line":80,"column":46}},"30":{"start":{"line":81,"column":6},"end":{"line":84,"column":8}},"31":{"start":{"line":85,"column":6},"end":{"line":85,"column":40}},"32":{"start":{"line":90,"column":2},"end":{"line":97,"column":3}},"33":{"start":{"line":91,"column":22},"end":{"line":91,"column":44}},"34":{"start":{"line":92,"column":4},"end":{"line":95,"column":5}},"35":{"start":{"line":93,"column":6},"end":{"line":93,"column":48}},"36":{"start":{"line":94,"column":6},"end":{"line":94,"column":55}},"37":{"start":{"line":96,"column":4},"end":{"line":96,"column":16}},"38":{"start":{"line":100,"column":2},"end":{"line":102,"column":3}},"39":{"start":{"line":101,"column":4},"end":{"line":101,"column":16}},"40":{"start":{"line":105,"column":2},"end":{"line":105,"column":14}},"41":{"start":{"line":109,"column":2},"end":{"line":113,"column":4}},"42":{"start":{"line":125,"column":2},"end":{"line":125,"column":19}},"43":{"start":{"line":126,"column":20},"end":{"line":126,"column":55}},"44":{"start":{"line":127,"column":30},"end":{"line":127,"column":42}},"45":{"start":{"line":128,"column":27},"end":{"line":128,"column":36}},"46":{"start":{"line":130,"column":2},"end":{"line":133,"column":26}},"47":{"start":{"line":132,"column":4},"end":{"line":132,"column":54}},"48":{"start":{"line":135,"column":2},"end":{"line":214,"column":15}},"49":{"start":{"line":136,"column":64},"end":{"line":136,"column":66}},"50":{"start":{"line":137,"column":22},"end":{"line":137,"column":27}},"51":{"start":{"line":139,"column":4},"end":{"line":191,"column":7}},"52":{"start":{"line":140,"column":17},"end":{"line":140,"column":26}},"53":{"start":{"line":141,"column":23},"end":{"line":141,"column":44}},"54":{"start":{"line":143,"column":6},"end":{"line":146,"column":7}},"55":{"start":{"line":144,"column":8},"end":{"line":144,"column":27}},"56":{"start":{"line":145,"column":8},"end":{"line":145,"column":25}},"57":{"start":{"line":148,"column":6},"end":{"line":153,"column":7}},"58":{"start":{"line":149,"column":8},"end":{"line":152,"column":9}},"59":{"start":{"line":150,"column":10},"end":{"line":150,"column":27}},"60":{"start":{"line":151,"column":10},"end":{"line":151,"column":30}},"61":{"start":{"line":156,"column":30},"end":{"line":159,"column":null}},"62":{"start":{"line":161,"column":6},"end":{"line":163,"column":7}},"63":{"start":{"line":162,"column":8},"end":{"line":162,"column":15}},"64":{"start":{"line":164,"column":6},"end":{"line":164,"column":29}},"65":{"start":{"line":166,"column":6},"end":{"line":185,"column":7}},"66":{"start":{"line":167,"column":22},"end":{"line":167,"column":38}},"67":{"start":{"line":168,"column":27},"end":{"line":168,"column":64}},"68":{"start":{"line":168,"column":44},"end":{"line":168,"column":63}},"69":{"start":{"line":169,"column":8},"end":{"line":184,"column":9}},"70":{"start":{"line":170,"column":28},"end":{"line":170,"column":61}},"71":{"start":{"line":171,"column":10},"end":{"line":182,"column":11}},"72":{"start":{"line":172,"column":12},"end":{"line":172,"column":72}},"73":{"start":{"line":174,"column":12},"end":{"line":181,"column":13}},"74":{"start":{"line":175,"column":14},"end":{"line":178,"column":16}},"75":{"start":{"line":180,"column":14},"end":{"line":180,"column":74}},"76":{"start":{"line":183,"column":10},"end":{"line":183,"column":17}},"77":{"start":{"line":187,"column":24},"end":{"line":187,"column":46}},"78":{"start":{"line":188,"column":6},"end":{"line":190,"column":7}},"79":{"start":{"line":189,"column":8},"end":{"line":189,"column":68}},"80":{"start":{"line":193,"column":15},"end":{"line":193,"column":32}},"81":{"start":{"line":194,"column":4},"end":{"line":194,"column":20}},"82":{"start":{"line":194,"column":13},"end":{"line":194,"column":20}},"83":{"start":{"line":195,"column":4},"end":{"line":195,"column":22}},"84":{"start":{"line":196,"column":4},"end":{"line":208,"column":5}},"85":{"start":{"line":197,"column":26},"end":{"line":197,"column":55}},"86":{"start":{"line":198,"column":6},"end":{"line":198,"column":61}},"87":{"start":{"line":199,"column":6},"end":{"line":199,"column":68}},"88":{"start":{"line":200,"column":6},"end":{"line":200,"column":34}},"89":{"start":{"line":202,"column":6},"end":{"line":207,"column":9}},"90":{"start":{"line":203,"column":20},"end":{"line":203,"column":49}},"91":{"start":{"line":204,"column":8},"end":{"line":204,"column":74}},"92":{"start":{"line":205,"column":8},"end":{"line":205,"column":34}},"93":{"start":{"line":206,"column":8},"end":{"line":206,"column":28}},"94":{"start":{"line":210,"column":4},"end":{"line":213,"column":5}},"95":{"start":{"line":211,"column":6},"end":{"line":211,"column":37}},"96":{"start":{"line":212,"column":6},"end":{"line":212,"column":46}},"97":{"start":{"line":216,"column":23},"end":{"line":229,"column":3}},"98":{"start":{"line":217,"column":15},"end":{"line":217,"column":32}},"99":{"start":{"line":218,"column":4},"end":{"line":218,"column":20}},"100":{"start":{"line":218,"column":13},"end":{"line":218,"column":20}},"101":{"start":{"line":219,"column":29},"end":{"line":219,"column":41}},"102":{"start":{"line":220,"column":25},"end":{"line":220,"column":58}},"103":{"start":{"line":222,"column":4},"end":{"line":224,"column":5}},"104":{"start":{"line":223,"column":6},"end":{"line":223,"column":42}},"105":{"start":{"line":225,"column":4},"end":{"line":227,"column":5}},"106":{"start":{"line":226,"column":6},"end":{"line":226,"column":41}},"107":{"start":{"line":228,"column":4},"end":{"line":228,"column":48}},"108":{"start":{"line":231,"column":2},"end":{"line":248,"column":4}}},"fnMap":{"0":{"name":"processAnsiCodes","decl":{"start":{"line":17,"column":9},"end":{"line":17,"column":25}},"loc":{"start":{"line":17,"column":38},"end":{"line":57,"column":1}}},"1":{"name":"applyBackspaceAcrossLines","decl":{"start":{"line":60,"column":16},"end":{"line":60,"column":41}},"loc":{"start":{"line":63,"column":21},"end":{"line":106,"column":1}}},"2":{"name":"hasControlChars","decl":{"start":{"line":108,"column":9},"end":{"line":108,"column":24}},"loc":{"start":{"line":108,"column":37},"end":{"line":114,"column":1}}},"3":{"name":"SerialMonitor","decl":{"start":{"line":116,"column":16},"end":{"line":116,"column":29}},"loc":{"start":{"line":124,"column":21},"end":{"line":249,"column":1}}},"4":{"name":"(anonymous_4)","decl":{"start":{"line":130,"column":12},"end":{"line":130,"column":15}},"loc":{"start":{"line":130,"column":17},"end":{"line":133,"column":3}}},"5":{"name":"(anonymous_5)","decl":{"start":{"line":135,"column":12},"end":{"line":135,"column":15}},"loc":{"start":{"line":135,"column":17},"end":{"line":214,"column":3}}},"6":{"name":"(anonymous_6)","decl":{"start":{"line":139,"column":19},"end":{"line":139,"column":20}},"loc":{"start":{"line":139,"column":28},"end":{"line":191,"column":5}}},"7":{"name":"(anonymous_7)","decl":{"start":{"line":168,"column":37},"end":{"line":168,"column":38}},"loc":{"start":{"line":168,"column":44},"end":{"line":168,"column":63}}},"8":{"name":"(anonymous_8)","decl":{"start":{"line":202,"column":20},"end":{"line":202,"column":21}},"loc":{"start":{"line":202,"column":27},"end":{"line":207,"column":7}}},"9":{"name":"(anonymous_9)","decl":{"start":{"line":216,"column":23},"end":{"line":216,"column":26}},"loc":{"start":{"line":216,"column":28},"end":{"line":229,"column":3}}}},"branchMap":{"0":{"loc":{"start":{"line":29,"column":2},"end":{"line":39,"column":3}},"type":"if","locations":[{"start":{"line":29,"column":2},"end":{"line":39,"column":3}},{"start":{},"end":{}}]},"1":{"loc":{"start":{"line":32,"column":6},"end":{"line":36,"column":7}},"type":"if","locations":[{"start":{"line":32,"column":6},"end":{"line":36,"column":7}},{"start":{"line":34,"column":13},"end":{"line":36,"column":7}}]},"2":{"loc":{"start":{"line":42,"column":2},"end":{"line":44,"column":3}},"type":"if","locations":[{"start":{"line":42,"column":2},"end":{"line":44,"column":3}},{"start":{},"end":{}}]},"3":{"loc":{"start":{"line":47,"column":2},"end":{"line":49,"column":3}},"type":"if","locations":[{"start":{"line":47,"column":2},"end":{"line":49,"column":3}},{"start":{},"end":{}}]},"4":{"loc":{"start":{"line":52,"column":2},"end":{"line":54,"column":3}},"type":"if","locations":[{"start":{"line":52,"column":2},"end":{"line":54,"column":3}},{"start":{},"end":{}}]},"5":{"loc":{"start":{"line":52,"column":6},"end":{"line":52,"column":58}},"type":"binary-expr","locations":[{"start":{"line":52,"column":6},"end":{"line":52,"column":30}},{"start":{"line":52,"column":34},"end":{"line":52,"column":58}}]},"6":{"loc":{"start":{"line":66,"column":2},"end":{"line":87,"column":3}},"type":"if","locations":[{"start":{"line":66,"column":2},"end":{"line":87,"column":3}},{"start":{},"end":{}}]},"7":{"loc":{"start":{"line":70,"column":11},"end":{"line":70,"column":50}},"type":"binary-expr","locations":[{"start":{"line":70,"column":11},"end":{"line":70,"column":28}},{"start":{"line":70,"column":32},"end":{"line":70,"column":50}}]},"8":{"loc":{"start":{"line":75,"column":4},"end":{"line":86,"column":5}},"type":"if","locations":[{"start":{"line":75,"column":4},"end":{"line":86,"column":5}},{"start":{},"end":{}}]},"9":{"loc":{"start":{"line":76,"column":6},"end":{"line":78,"column":40}},"type":"binary-expr","locations":[{"start":{"line":76,"column":6},"end":{"line":76,"column":24}},{"start":{"line":77,"column":6},"end":{"line":77,"column":22}},{"start":{"line":78,"column":6},"end":{"line":78,"column":40}}]},"10":{"loc":{"start":{"line":90,"column":2},"end":{"line":97,"column":3}},"type":"if","locations":[{"start":{"line":90,"column":2},"end":{"line":97,"column":3}},{"start":{},"end":{}}]},"11":{"loc":{"start":{"line":90,"column":6},"end":{"line":90,"column":68}},"type":"binary-expr","locations":[{"start":{"line":90,"column":6},"end":{"line":90,"column":10}},{"start":{"line":90,"column":14},"end":{"line":90,"column":30}},{"start":{"line":90,"column":34},"end":{"line":90,"column":68}}]},"12":{"loc":{"start":{"line":92,"column":4},"end":{"line":95,"column":5}},"type":"if","locations":[{"start":{"line":92,"column":4},"end":{"line":95,"column":5}},{"start":{},"end":{}}]},"13":{"loc":{"start":{"line":100,"column":2},"end":{"line":102,"column":3}},"type":"if","locations":[{"start":{"line":100,"column":2},"end":{"line":102,"column":3}},{"start":{},"end":{}}]},"14":{"loc":{"start":{"line":110,"column":20},"end":{"line":110,"column":74}},"type":"binary-expr","locations":[{"start":{"line":110,"column":20},"end":{"line":110,"column":44}},{"start":{"line":110,"column":48},"end":{"line":110,"column":74}}]},"15":{"loc":{"start":{"line":111,"column":19},"end":{"line":111,"column":71}},"type":"binary-expr","locations":[{"start":{"line":111,"column":19},"end":{"line":111,"column":42}},{"start":{"line":111,"column":46},"end":{"line":111,"column":71}}]},"16":{"loc":{"start":{"line":119,"column":23},"end":{"line":119,"column":51}},"type":"default-arg","locations":[{"start":{"line":119,"column":46},"end":{"line":119,"column":51}}]},"17":{"loc":{"start":{"line":122,"column":2},"end":{"line":122,"column":20}},"type":"default-arg","locations":[{"start":{"line":122,"column":16},"end":{"line":122,"column":20}}]},"18":{"loc":{"start":{"line":123,"column":2},"end":{"line":123,"column":26}},"type":"default-arg","locations":[{"start":{"line":123,"column":22},"end":{"line":123,"column":26}}]},"19":{"loc":{"start":{"line":143,"column":6},"end":{"line":146,"column":7}},"type":"if","locations":[{"start":{"line":143,"column":6},"end":{"line":146,"column":7}},{"start":{},"end":{}}]},"20":{"loc":{"start":{"line":148,"column":6},"end":{"line":153,"column":7}},"type":"if","locations":[{"start":{"line":148,"column":6},"end":{"line":153,"column":7}},{"start":{},"end":{}}]},"21":{"loc":{"start":{"line":149,"column":8},"end":{"line":152,"column":9}},"type":"if","locations":[{"start":{"line":149,"column":8},"end":{"line":152,"column":9}},{"start":{},"end":{}}]},"22":{"loc":{"start":{"line":159,"column":8},"end":{"line":159,"column":29}},"type":"binary-expr","locations":[{"start":{"line":159,"column":8},"end":{"line":159,"column":21}},{"start":{"line":159,"column":25},"end":{"line":159,"column":29}}]},"23":{"loc":{"start":{"line":161,"column":6},"end":{"line":163,"column":7}},"type":"if","locations":[{"start":{"line":161,"column":6},"end":{"line":163,"column":7}},{"start":{},"end":{}}]},"24":{"loc":{"start":{"line":166,"column":6},"end":{"line":185,"column":7}},"type":"if","locations":[{"start":{"line":166,"column":6},"end":{"line":185,"column":7}},{"start":{},"end":{}}]},"25":{"loc":{"start":{"line":169,"column":8},"end":{"line":184,"column":9}},"type":"if","locations":[{"start":{"line":169,"column":8},"end":{"line":184,"column":9}},{"start":{},"end":{}}]},"26":{"loc":{"start":{"line":171,"column":10},"end":{"line":182,"column":11}},"type":"if","locations":[{"start":{"line":171,"column":10},"end":{"line":182,"column":11}},{"start":{"line":173,"column":17},"end":{"line":182,"column":11}}]},"27":{"loc":{"start":{"line":171,"column":14},"end":{"line":171,"column":69}},"type":"binary-expr","locations":[{"start":{"line":171,"column":14},"end":{"line":171,"column":30}},{"start":{"line":171,"column":34},"end":{"line":171,"column":69}}]},"28":{"loc":{"start":{"line":174,"column":12},"end":{"line":181,"column":13}},"type":"if","locations":[{"start":{"line":174,"column":12},"end":{"line":181,"column":13}},{"start":{"line":179,"column":19},"end":{"line":181,"column":13}}]},"29":{"loc":{"start":{"line":188,"column":6},"end":{"line":190,"column":7}},"type":"if","locations":[{"start":{"line":188,"column":6},"end":{"line":190,"column":7}},{"start":{},"end":{}}]},"30":{"loc":{"start":{"line":194,"column":4},"end":{"line":194,"column":20}},"type":"if","locations":[{"start":{"line":194,"column":4},"end":{"line":194,"column":20}},{"start":{},"end":{}}]},"31":{"loc":{"start":{"line":196,"column":4},"end":{"line":208,"column":5}},"type":"if","locations":[{"start":{"line":196,"column":4},"end":{"line":208,"column":5}},{"start":{"line":201,"column":11},"end":{"line":208,"column":5}}]},"32":{"loc":{"start":{"line":210,"column":4},"end":{"line":213,"column":5}},"type":"if","locations":[{"start":{"line":210,"column":4},"end":{"line":213,"column":5}},{"start":{},"end":{}}]},"33":{"loc":{"start":{"line":210,"column":8},"end":{"line":210,"column":41}},"type":"binary-expr","locations":[{"start":{"line":210,"column":8},"end":{"line":210,"column":35}},{"start":{"line":210,"column":39},"end":{"line":210,"column":41}}]},"34":{"loc":{"start":{"line":218,"column":4},"end":{"line":218,"column":20}},"type":"if","locations":[{"start":{"line":218,"column":4},"end":{"line":218,"column":20}},{"start":{},"end":{}}]},"35":{"loc":{"start":{"line":222,"column":4},"end":{"line":224,"column":5}},"type":"if","locations":[{"start":{"line":222,"column":4},"end":{"line":224,"column":5}},{"start":{},"end":{}}]},"36":{"loc":{"start":{"line":225,"column":4},"end":{"line":227,"column":5}},"type":"if","locations":[{"start":{"line":225,"column":4},"end":{"line":227,"column":5}},{"start":{},"end":{}}]},"37":{"loc":{"start":{"line":234,"column":9},"end":{"line":244,"column":null}},"type":"cond-expr","locations":[{"start":{"line":235,"column":10},"end":{"line":241,"column":null}},{"start":{"line":244,"column":10},"end":{"line":244,"column":36}}]}},"s":{"0":3,"1":3,"2":3,"3":3,"4":7,"5":7,"6":7,"7":7,"8":7,"9":0,"10":0,"11":0,"12":0,"13":0,"14":0,"15":7,"16":0,"17":7,"18":0,"19":7,"20":0,"21":7,"22":22,"23":6,"24":6,"25":6,"26":10,"27":10,"28":6,"29":6,"30":6,"31":6,"32":22,"33":6,"34":6,"35":6,"36":6,"37":6,"38":16,"39":2,"40":14,"41":1,"42":3,"43":3,"44":3,"45":3,"46":3,"47":3,"48":3,"49":3,"50":3,"51":3,"52":1,"53":1,"54":1,"55":0,"56":0,"57":1,"58":0,"59":0,"60":0,"61":1,"62":1,"63":0,"64":1,"65":1,"66":0,"67":0,"68":0,"69":0,"70":0,"71":0,"72":0,"73":0,"74":0,"75":0,"76":0,"77":1,"78":1,"79":1,"80":3,"81":3,"82":1,"83":2,"84":2,"85":1,"86":1,"87":1,"88":1,"89":1,"90":1,"91":1,"92":1,"93":1,"94":2,"95":2,"96":2,"97":3,"98":0,"99":0,"100":0,"101":0,"102":0,"103":0,"104":0,"105":0,"106":0,"107":0,"108":3},"f":{"0":7,"1":22,"2":1,"3":3,"4":3,"5":3,"6":1,"7":0,"8":1,"9":0},"b":{"0":[0,7],"1":[0,0],"2":[0,7],"3":[0,7],"4":[0,7],"5":[7,7],"6":[6,16],"7":[16,14],"8":[6,0],"9":[6,6,6],"10":[6,16],"11":[22,20,6],"12":[6,0],"13":[2,14],"14":[1,1],"15":[1,1],"16":[0],"17":[0],"18":[2],"19":[0,1],"20":[0,1],"21":[0,0],"22":[1,0],"23":[0,1],"24":[0,1],"25":[0,0],"26":[0,0],"27":[0,0],"28":[0,0],"29":[1,0],"30":[1,2],"31":[1,1],"32":[2,0],"33":[2,2],"34":[0,0],"35":[0,0],"36":[0,0],"37":[2,1]}}
,"/home/runner/work/UnoSim/UnoSim/client/src/components/features/sim-cockpit.tsx": {"path":"/home/runner/work/UnoSim/UnoSim/client/src/components/features/sim-cockpit.tsx","statementMap":{"0":{"start":{"line":1,"column":0},"end":{"line":1,"column":26}},"1":{"start":{"line":2,"column":0},"end":{"line":2,"column":24}},"2":{"start":{"line":3,"column":0},"end":{"line":3,"column":64}},"3":{"start":{"line":6,"column":20},"end":{"line":11,"column":1}},"4":{"start":{"line":7,"column":2},"end":{"line":7,"column":43}},"5":{"start":{"line":7,"column":31},"end":{"line":7,"column":43}},"6":{"start":{"line":8,"column":2},"end":{"line":8,"column":61}},"7":{"start":{"line":8,"column":22},"end":{"line":8,"column":61}},"8":{"start":{"line":9,"column":2},"end":{"line":9,"column":60}},"9":{"start":{"line":9,"column":21},"end":{"line":9,"column":60}},"10":{"start":{"line":10,"column":2},"end":{"line":10,"column":26}},"11":{"start":{"line":14,"column":18},"end":{"line":25,"column":1}},"12":{"start":{"line":15,"column":2},"end":{"line":15,"column":35}},"13":{"start":{"line":15,"column":23},"end":{"line":15,"column":35}},"14":{"start":{"line":16,"column":14},"end":{"line":16,"column":34}},"15":{"start":{"line":17,"column":17},"end":{"line":19,"column":14}},"16":{"start":{"line":18,"column":19},"end":{"line":18,"column":75}},"17":{"start":{"line":20,"column":2},"end":{"line":24,"column":4}},"18":{"start":{"line":27,"column":13},"end":{"line":105,"column":3}},"19":{"start":{"line":28,"column":36},"end":{"line":28,"column":55}},"20":{"start":{"line":29,"column":36},"end":{"line":29,"column":53}},"21":{"start":{"line":30,"column":38},"end":{"line":30,"column":66}},"22":{"start":{"line":31,"column":20},"end":{"line":31,"column":46}},"23":{"start":{"line":32,"column":25},"end":{"line":32,"column":58}},"24":{"start":{"line":34,"column":14},"end":{"line":34,"column":40}},"25":{"start":{"line":35,"column":19},"end":{"line":35,"column":73}},"26":{"start":{"line":38,"column":2},"end":{"line":42,"column":12}},"27":{"start":{"line":39,"column":4},"end":{"line":41,"column":5}},"28":{"start":{"line":40,"column":6},"end":{"line":40,"column":55}},"29":{"start":{"line":40,"column":28},"end":{"line":40,"column":53}},"30":{"start":{"line":45,"column":2},"end":{"line":56,"column":32}},"31":{"start":{"line":46,"column":27},"end":{"line":46,"column":55}},"32":{"start":{"line":47,"column":4},"end":{"line":47,"column":32}},"33":{"start":{"line":47,"column":25},"end":{"line":47,"column":32}},"34":{"start":{"line":48,"column":28},"end":{"line":48,"column":50}},"35":{"start":{"line":49,"column":4},"end":{"line":54,"column":5}},"36":{"start":{"line":50,"column":27},"end":{"line":50,"column":59}},"37":{"start":{"line":51,"column":6},"end":{"line":51,"column":73}},"38":{"start":{"line":52,"column":23},"end":{"line":52,"column":94}},"39":{"start":{"line":52,"column":58},"end":{"line":52,"column":63}},"40":{"start":{"line":53,"column":6},"end":{"line":53,"column":36}},"41":{"start":{"line":55,"column":4},"end":{"line":55,"column":44}},"42":{"start":{"line":58,"column":2},"end":{"line":104,"column":4}},"43":{"start":{"line":107,"column":0},"end":{"line":107,"column":38}}},"fnMap":{"0":{"name":"(anonymous_1)","decl":{"start":{"line":6,"column":20},"end":{"line":6,"column":21}},"loc":{"start":{"line":6,"column":38},"end":{"line":11,"column":1}}},"1":{"name":"(anonymous_2)","decl":{"start":{"line":14,"column":18},"end":{"line":14,"column":19}},"loc":{"start":{"line":14,"column":51},"end":{"line":25,"column":1}}},"2":{"name":"(anonymous_3)","decl":{"start":{"line":18,"column":9},"end":{"line":18,"column":10}},"loc":{"start":{"line":18,"column":19},"end":{"line":18,"column":75}}},"3":{"name":"(anonymous_4)","decl":{"start":{"line":27,"column":83},"end":{"line":27,"column":84}},"loc":{"start":{"line":27,"column":102},"end":{"line":105,"column":1}}},"4":{"name":"(anonymous_5)","decl":{"start":{"line":38,"column":18},"end":{"line":38,"column":21}},"loc":{"start":{"line":38,"column":23},"end":{"line":42,"column":3}}},"5":{"name":"(anonymous_6)","decl":{"start":{"line":40,"column":20},"end":{"line":40,"column":24}},"loc":{"start":{"line":40,"column":28},"end":{"line":40,"column":53}}},"6":{"name":"(anonymous_7)","decl":{"start":{"line":45,"column":18},"end":{"line":45,"column":21}},"loc":{"start":{"line":45,"column":23},"end":{"line":56,"column":3}}},"7":{"name":"(anonymous_8)","decl":{"start":{"line":52,"column":48},"end":{"line":52,"column":49}},"loc":{"start":{"line":52,"column":58},"end":{"line":52,"column":63}}}},"branchMap":{"0":{"loc":{"start":{"line":7,"column":2},"end":{"line":7,"column":43}},"type":"if","locations":[{"start":{"line":7,"column":2},"end":{"line":7,"column":43}},{"start":{},"end":{}}]},"1":{"loc":{"start":{"line":8,"column":2},"end":{"line":8,"column":61}},"type":"if","locations":[{"start":{"line":8,"column":2},"end":{"line":8,"column":61}},{"start":{},"end":{}}]},"2":{"loc":{"start":{"line":9,"column":2},"end":{"line":9,"column":60}},"type":"if","locations":[{"start":{"line":9,"column":2},"end":{"line":9,"column":60}},{"start":{},"end":{}}]},"3":{"loc":{"start":{"line":15,"column":2},"end":{"line":15,"column":35}},"type":"if","locations":[{"start":{"line":15,"column":2},"end":{"line":15,"column":35}},{"start":{},"end":{}}]},"4":{"loc":{"start":{"line":34,"column":14},"end":{"line":34,"column":40}},"type":"binary-expr","locations":[{"start":{"line":34,"column":14},"end":{"line":34,"column":35}},{"start":{"line":34,"column":39},"end":{"line":34,"column":40}}]},"5":{"loc":{"start":{"line":35,"column":19},"end":{"line":35,"column":73}},"type":"binary-expr","locations":[{"start":{"line":35,"column":19},"end":{"line":35,"column":34}},{"start":{"line":35,"column":38},"end":{"line":35,"column":73}}]},"6":{"loc":{"start":{"line":39,"column":4},"end":{"line":41,"column":5}},"type":"if","locations":[{"start":{"line":39,"column":4},"end":{"line":41,"column":5}},{"start":{},"end":{}}]},"7":{"loc":{"start":{"line":46,"column":27},"end":{"line":46,"column":55}},"type":"binary-expr","locations":[{"start":{"line":46,"column":27},"end":{"line":46,"column":50}},{"start":{"line":46,"column":54},"end":{"line":46,"column":55}}]},"8":{"loc":{"start":{"line":47,"column":4},"end":{"line":47,"column":32}},"type":"if","locations":[{"start":{"line":47,"column":4},"end":{"line":47,"column":32}},{"start":{},"end":{}}]},"9":{"loc":{"start":{"line":49,"column":4},"end":{"line":54,"column":5}},"type":"if","locations":[{"start":{"line":49,"column":4},"end":{"line":54,"column":5}},{"start":{},"end":{}}]},"10":{"loc":{"start":{"line":49,"column":8},"end":{"line":49,"column":59}},"type":"binary-expr","locations":[{"start":{"line":49,"column":8},"end":{"line":49,"column":23}},{"start":{"line":49,"column":27},"end":{"line":49,"column":59}}]},"11":{"loc":{"start":{"line":66,"column":14},"end":{"line":66,"column":94}},"type":"cond-expr","locations":[{"start":{"line":66,"column":27},"end":{"line":66,"column":41}},{"start":{"line":66,"column":44},"end":{"line":66,"column":94}}]},"12":{"loc":{"start":{"line":66,"column":44},"end":{"line":66,"column":94}},"type":"cond-expr","locations":[{"start":{"line":66,"column":57},"end":{"line":66,"column":73}},{"start":{"line":66,"column":76},"end":{"line":66,"column":94}}]},"13":{"loc":{"start":{"line":72,"column":24},"end":{"line":72,"column":72}},"type":"cond-expr","locations":[{"start":{"line":72,"column":37},"end":{"line":72,"column":51}},{"start":{"line":72,"column":54},"end":{"line":72,"column":72}}]},"14":{"loc":{"start":{"line":82,"column":13},"end":{"line":82,"column":52}},"type":"cond-expr","locations":[{"start":{"line":82,"column":24},"end":{"line":82,"column":44}},{"start":{"line":82,"column":47},"end":{"line":82,"column":52}}]},"15":{"loc":{"start":{"line":92,"column":56},"end":{"line":92,"column":102}},"type":"cond-expr","locations":[{"start":{"line":92,"column":67},"end":{"line":92,"column":85}},{"start":{"line":92,"column":88},"end":{"line":92,"column":102}}]},"16":{"loc":{"start":{"line":93,"column":13},"end":{"line":93,"column":49}},"type":"cond-expr","locations":[{"start":{"line":93,"column":24},"end":{"line":93,"column":32}},{"start":{"line":93,"column":35},"end":{"line":93,"column":49}}]},"17":{"loc":{"start":{"line":97,"column":11},"end":{"line":98,"column":null}},"type":"binary-expr","locations":[{"start":{"line":97,"column":11},"end":{"line":97,"column":19}},{"start":{"line":98,"column":12},"end":{"line":98,"column":124}}]},"18":{"loc":{"start":{"line":100,"column":77},"end":{"line":100,"column":119}},"type":"cond-expr","locations":[{"start":{"line":100,"column":88},"end":{"line":100,"column":104}},{"start":{"line":100,"column":107},"end":{"line":100,"column":119}}]}},"s":{"0":1,"1":1,"2":1,"3":1,"4":5,"5":0,"6":5,"7":0,"8":5,"9":3,"10":2,"11":1,"12":5,"13":3,"14":2,"15":2,"16":4,"17":2,"18":1,"19":5,"20":5,"21":5,"22":5,"23":5,"24":5,"25":5,"26":5,"27":2,"28":2,"29":2,"30":5,"31":2,"32":2,"33":0,"34":2,"35":2,"36":1,"37":1,"38":1,"39":1,"40":1,"41":2,"42":5,"43":1},"f":{"0":5,"1":5,"2":4,"3":5,"4":2,"5":2,"6":2,"7":1},"b":{"0":[0,5],"1":[0,5],"2":[3,2],"3":[3,2],"4":[5,0],"5":[5,5],"6":[2,0],"7":[2,0],"8":[0,2],"9":[1,1],"10":[2,1],"11":[0,5],"12":[0,5],"13":[0,5],"14":[5,0],"15":[5,0],"16":[5,0],"17":[5,5],"18":[5,0]}}
,"/home/runner/work/UnoSim/UnoSim/client/src/components/ui/button.tsx": {"path":"/home/runner/work/UnoSim/UnoSim/client/src/components/ui/button.tsx","statementMap":{"0":{"start":{"line":1,"column":0},"end":{"line":1,"column":31}},"1":{"start":{"line":2,"column":0},"end":{"line":2,"column":44}},"2":{"start":{"line":3,"column":0},"end":{"line":3,"column":66}},"3":{"start":{"line":5,"column":0},"end":{"line":5,"column":33}},"4":{"start":{"line":7,"column":23},"end":{"line":34,"column":null}},"5":{"start":{"line":58,"column":17},"end":{"line":58,"column":31}},"6":{"start":{"line":44,"column":15},"end":{"line":54,"column":null}},"7":{"start":{"line":46,"column":17},"end":{"line":46,"column":42}},"8":{"start":{"line":47,"column":4},"end":{"line":53,"column":6}},"9":{"start":{"line":58,"column":9},"end":{"line":58,"column":15}},"10":{"start":{"line":56,"column":0},"end":{"line":56,"column":30}}},"fnMap":{"0":{"name":"(anonymous_6)","decl":{"start":{"line":45,"column":2},"end":{"line":45,"column":3}},"loc":{"start":{"line":45,"column":67},"end":{"line":54,"column":3}}}},"branchMap":{"0":{"loc":{"start":{"line":45,"column":31},"end":{"line":45,"column":46}},"type":"default-arg","locations":[{"start":{"line":45,"column":41},"end":{"line":45,"column":46}}]},"1":{"loc":{"start":{"line":46,"column":17},"end":{"line":46,"column":42}},"type":"cond-expr","locations":[{"start":{"line":46,"column":27},"end":{"line":46,"column":31}},{"start":{"line":46,"column":34},"end":{"line":46,"column":42}}]}},"s":{"0":2,"1":2,"2":2,"3":2,"4":2,"5":2,"6":2,"7":17,"8":17,"9":2,"10":2},"f":{"0":17},"b":{"0":[17],"1":[0,17]}}
,"/home/runner/work/UnoSim/UnoSim/client/src/components/ui/scroll-area.tsx": {"path":"/home/runner/work/UnoSim/UnoSim/client/src/components/ui/scroll-area.tsx","statementMap":{"0":{"start":{"line":1,"column":0},"end":{"line":1,"column":31}},"1":{"start":{"line":2,"column":0},"end":{"line":2,"column":67}},"2":{"start":{"line":4,"column":0},"end":{"line":4,"column":33}},"3":{"start":{"line":19,"column":19},"end":{"line":57,"column":2}},"4":{"start":{"line":37,"column":2},"end":{"line":55,"column":null}},"5":{"start":{"line":86,"column":9},"end":{"line":86,"column":19}},"6":{"start":{"line":58,"column":0},"end":{"line":58,"column":62}},"7":{"start":{"line":60,"column":18},"end":{"line":83,"column":2}},"8":{"start":{"line":66,"column":2},"end":{"line":81,"column":null}},"9":{"start":{"line":86,"column":21},"end":{"line":86,"column":30}},"10":{"start":{"line":84,"column":0},"end":{"line":84,"column":76}}},"fnMap":{"0":{"name":"(anonymous_6)","decl":{"start":{"line":23,"column":2},"end":{"line":23,"column":null}},"loc":{"start":{"line":37,"column":2},"end":{"line":55,"column":null}}},"1":{"name":"(anonymous_7)","decl":{"start":{"line":65,"column":2},"end":{"line":65,"column":3}},"loc":{"start":{"line":66,"column":2},"end":{"line":81,"column":null}}}},"branchMap":{"0":{"loc":{"start":{"line":65,"column":16},"end":{"line":65,"column":40}},"type":"default-arg","locations":[{"start":{"line":65,"column":30},"end":{"line":65,"column":40}}]},"1":{"loc":{"start":{"line":71,"column":6},"end":{"line":72,"column":60}},"type":"binary-expr","locations":[{"start":{"line":71,"column":6},"end":{"line":71,"column":32}},{"start":{"line":72,"column":8},"end":{"line":72,"column":60}}]},"2":{"loc":{"start":{"line":73,"column":6},"end":{"line":74,"column":62}},"type":"binary-expr","locations":[{"start":{"line":73,"column":6},"end":{"line":73,"column":34}},{"start":{"line":74,"column":8},"end":{"line":74,"column":62}}]}},"s":{"0":3,"1":3,"2":3,"3":3,"4":2,"5":3,"6":3,"7":3,"8":2,"9":3,"10":3},"f":{"0":2,"1":2},"b":{"0":[2],"1":[2,2],"2":[2,0]}}
,"/home/runner/work/UnoSim/UnoSim/client/src/components/ui/tabs.tsx": {"path":"/home/runner/work/UnoSim/UnoSim/client/src/components/ui/tabs.tsx","statementMap":{"0":{"start":{"line":1,"column":0},"end":{"line":1,"column":31}},"1":{"start":{"line":2,"column":0},"end":{"line":2,"column":54}},"2":{"start":{"line":4,"column":0},"end":{"line":4,"column":33}},"3":{"start":{"line":6,"column":13},"end":{"line":6,"column":31}},"4":{"start":{"line":54,"column":9},"end":{"line":54,"column":13}},"5":{"start":{"line":8,"column":17},"end":{"line":21,"column":2}},"6":{"start":{"line":12,"column":2},"end":{"line":19,"column":null}},"7":{"start":{"line":54,"column":15},"end":{"line":54,"column":23}},"8":{"start":{"line":22,"column":0},"end":{"line":22,"column":54}},"9":{"start":{"line":24,"column":20},"end":{"line":36,"column":2}},"10":{"start":{"line":28,"column":2},"end":{"line":34,"column":null}},"11":{"start":{"line":54,"column":25},"end":{"line":54,"column":36}},"12":{"start":{"line":37,"column":0},"end":{"line":37,"column":60}},"13":{"start":{"line":39,"column":20},"end":{"line":51,"column":2}},"14":{"start":{"line":43,"column":2},"end":{"line":49,"column":null}},"15":{"start":{"line":54,"column":38},"end":{"line":54,"column":49}},"16":{"start":{"line":52,"column":0},"end":{"line":52,"column":60}}},"fnMap":{"0":{"name":"(anonymous_6)","decl":{"start":{"line":11,"column":2},"end":{"line":11,"column":3}},"loc":{"start":{"line":12,"column":2},"end":{"line":19,"column":null}}},"1":{"name":"(anonymous_7)","decl":{"start":{"line":27,"column":2},"end":{"line":27,"column":3}},"loc":{"start":{"line":28,"column":2},"end":{"line":34,"column":null}}},"2":{"name":"(anonymous_8)","decl":{"start":{"line":42,"column":2},"end":{"line":42,"column":3}},"loc":{"start":{"line":43,"column":2},"end":{"line":49,"column":null}}}},"branchMap":{},"s":{"0":1,"1":1,"2":1,"3":1,"4":1,"5":1,"6":8,"7":1,"8":1,"9":1,"10":16,"11":1,"12":1,"13":1,"14":16,"15":1,"16":1},"f":{"0":8,"1":16,"2":16},"b":{}}
,"/home/runner/work/UnoSim/UnoSim/client/src/hooks/use-telemetry-store.ts": {"path":"/home/runner/work/UnoSim/UnoSim/client/src/hooks/use-telemetry-store.ts","statementMap":{"0":{"start":{"line":1,"column":0},"end":{"line":1,"column":45}},"1":{"start":{"line":25,"column":30},"end":{"line":25,"column":32}},"2":{"start":{"line":27,"column":20},"end":{"line":27,"column":41}},"3":{"start":{"line":29,"column":35},"end":{"line":34,"column":2}},"4":{"start":{"line":36,"column":34},"end":{"line":41,"column":2}},"5":{"start":{"line":43,"column":37},"end":{"line":43,"column":69}},"6":{"start":{"line":44,"column":16},"end":{"line":44,"column":17}},"7":{"start":{"line":45,"column":16},"end":{"line":45,"column":17}},"8":{"start":{"line":47,"column":15},"end":{"line":49,"column":1}},"9":{"start":{"line":48,"column":2},"end":{"line":48,"column":36}},"10":{"start":{"line":48,"column":30},"end":{"line":48,"column":34}},"11":{"start":{"line":51,"column":19},"end":{"line":62,"column":1}},"12":{"start":{"line":52,"column":2},"end":{"line":52,"column":33}},"13":{"start":{"line":52,"column":23},"end":{"line":52,"column":33}},"14":{"start":{"line":53,"column":38},"end":{"line":53,"column":40}},"15":{"start":{"line":54,"column":2},"end":{"line":60,"column":3}},"16":{"start":{"line":54,"column":15},"end":{"line":54,"column":16}},"17":{"start":{"line":56,"column":6},"end":{"line":57,"column":27}},"18":{"start":{"line":58,"column":18},"end":{"line":58,"column":33}},"19":{"start":{"line":59,"column":4},"end":{"line":59,"column":35}},"20":{"start":{"line":59,"column":15},"end":{"line":59,"column":35}},"21":{"start":{"line":61,"column":2},"end":{"line":61,"column":17}},"22":{"start":{"line":64,"column":22},"end":{"line":87,"column":1}},"23":{"start":{"line":65,"column":2},"end":{"line":65,"column":34}},"24":{"start":{"line":66,"column":2},"end":{"line":66,"column":54}},"25":{"start":{"line":67,"column":2},"end":{"line":67,"column":61}},"26":{"start":{"line":69,"column":36},"end":{"line":69,"column":57}},"27":{"start":{"line":70,"column":2},"end":{"line":73,"column":3}},"28":{"start":{"line":71,"column":4},"end":{"line":71,"column":59}},"29":{"start":{"line":72,"column":4},"end":{"line":72,"column":46}},"30":{"start":{"line":74,"column":2},"end":{"line":77,"column":3}},"31":{"start":{"line":75,"column":4},"end":{"line":75,"column":59}},"32":{"start":{"line":76,"column":4},"end":{"line":76,"column":50}},"33":{"start":{"line":79,"column":2},"end":{"line":84,"column":4}},"34":{"start":{"line":86,"column":2},"end":{"line":86,"column":11}},"35":{"start":{"line":89,"column":23},"end":{"line":100,"column":1}},"36":{"start":{"line":90,"column":2},"end":{"line":90,"column":48}},"37":{"start":{"line":91,"column":2},"end":{"line":91,"column":16}},"38":{"start":{"line":92,"column":2},"end":{"line":92,"column":16}},"39":{"start":{"line":93,"column":2},"end":{"line":98,"column":4}},"40":{"start":{"line":99,"column":2},"end":{"line":99,"column":11}},"41":{"start":{"line":102,"column":20},"end":{"line":102,"column":53}},"42":{"start":{"line":102,"column":45},"end":{"line":102,"column":53}},"43":{"start":{"line":104,"column":18},"end":{"line":107,"column":1}},"44":{"start":{"line":105,"column":2},"end":{"line":105,"column":28}},"45":{"start":{"line":106,"column":2},"end":{"line":106,"column":44}},"46":{"start":{"line":106,"column":15},"end":{"line":106,"column":43}},"47":{"start":{"line":109,"column":13},"end":{"line":142,"column":2}},"48":{"start":{"line":116,"column":4},"end":{"line":121,"column":6}},"49":{"start":{"line":122,"column":4},"end":{"line":122,"column":50}},"50":{"start":{"line":123,"column":4},"end":{"line":123,"column":18}},"51":{"start":{"line":124,"column":4},"end":{"line":124,"column":18}},"52":{"start":{"line":125,"column":4},"end":{"line":125,"column":13}},"53":{"start":{"line":131,"column":4},"end":{"line":136,"column":6}},"54":{"start":{"line":137,"column":4},"end":{"line":137,"column":50}},"55":{"start":{"line":138,"column":4},"end":{"line":138,"column":18}},"56":{"start":{"line":139,"column":4},"end":{"line":139,"column":18}},"57":{"start":{"line":140,"column":4},"end":{"line":140,"column":13}},"58":{"start":{"line":144,"column":33},"end":{"line":155,"column":1}},"59":{"start":{"line":145,"column":16},"end":{"line":145,"column":73}},"60":{"start":{"line":147,"column":2},"end":{"line":154,"column":4}},"61":{"start":{"line":144,"column":13},"end":{"line":144,"column":33}}},"fnMap":{"0":{"name":"(anonymous_0)","decl":{"start":{"line":47,"column":15},"end":{"line":47,"column":18}},"loc":{"start":{"line":47,"column":20},"end":{"line":49,"column":1}}},"1":{"name":"(anonymous_1)","decl":{"start":{"line":48,"column":22},"end":{"line":48,"column":23}},"loc":{"start":{"line":48,"column":30},"end":{"line":48,"column":34}}},"2":{"name":"(anonymous_2)","decl":{"start":{"line":51,"column":19},"end":{"line":51,"column":42}},"loc":{"start":{"line":51,"column":44},"end":{"line":62,"column":1}}},"3":{"name":"(anonymous_3)","decl":{"start":{"line":64,"column":22},"end":{"line":64,"column":23}},"loc":{"start":{"line":64,"column":52},"end":{"line":87,"column":1}}},"4":{"name":"(anonymous_4)","decl":{"start":{"line":89,"column":23},"end":{"line":89,"column":26}},"loc":{"start":{"line":89,"column":28},"end":{"line":100,"column":1}}},"5":{"name":"(anonymous_5)","decl":{"start":{"line":102,"column":20},"end":{"line":102,"column":42}},"loc":{"start":{"line":102,"column":45},"end":{"line":102,"column":53}}},"6":{"name":"(anonymous_6)","decl":{"start":{"line":104,"column":18},"end":{"line":104,"column":19}},"loc":{"start":{"line":104,"column":43},"end":{"line":107,"column":1}}},"7":{"name":"(anonymous_7)","decl":{"start":{"line":106,"column":9},"end":{"line":106,"column":12}},"loc":{"start":{"line":106,"column":15},"end":{"line":106,"column":43}}},"8":{"name":"(anonymous_8)","decl":{"start":{"line":114,"column":18},"end":{"line":114,"column":21}},"loc":{"start":{"line":114,"column":23},"end":{"line":126,"column":3}}},"9":{"name":"(anonymous_9)","decl":{"start":{"line":130,"column":16},"end":{"line":130,"column":19}},"loc":{"start":{"line":130,"column":21},"end":{"line":141,"column":3}}},"10":{"name":"(anonymous_10)","decl":{"start":{"line":144,"column":33},"end":{"line":144,"column":36}},"loc":{"start":{"line":144,"column":38},"end":{"line":155,"column":1}}}},"branchMap":{"0":{"loc":{"start":{"line":52,"column":2},"end":{"line":52,"column":33}},"type":"if","locations":[{"start":{"line":52,"column":2},"end":{"line":52,"column":33}},{"start":{},"end":{}}]},"1":{"loc":{"start":{"line":59,"column":4},"end":{"line":59,"column":35}},"type":"if","locations":[{"start":{"line":59,"column":4},"end":{"line":59,"column":35}},{"start":{},"end":{}}]},"2":{"loc":{"start":{"line":70,"column":2},"end":{"line":73,"column":3}},"type":"if","locations":[{"start":{"line":70,"column":2},"end":{"line":73,"column":3}},{"start":{},"end":{}}]},"3":{"loc":{"start":{"line":74,"column":2},"end":{"line":77,"column":3}},"type":"if","locations":[{"start":{"line":74,"column":2},"end":{"line":77,"column":3}},{"start":{},"end":{}}]}},"s":{"0":1,"1":1,"2":1,"3":1,"4":1,"5":1,"6":1,"7":1,"8":1,"9":3,"10":1,"11":1,"12":2,"13":0,"14":2,"15":2,"16":2,"17":3,"18":3,"19":3,"20":3,"21":2,"22":1,"23":2,"24":2,"25":2,"26":2,"27":2,"28":2,"29":2,"30":2,"31":1,"32":1,"33":2,"34":2,"35":1,"36":1,"37":1,"38":1,"39":1,"40":1,"41":1,"42":13,"43":1,"44":1,"45":1,"46":1,"47":1,"48":0,"49":0,"50":0,"51":0,"52":0,"53":0,"54":0,"55":0,"56":0,"57":0,"58":1,"59":5,"60":5,"61":1},"f":{"0":3,"1":1,"2":2,"3":2,"4":1,"5":13,"6":1,"7":1,"8":0,"9":0,"10":5},"b":{"0":[0,2],"1":[3,0],"2":[2,0],"3":[1,1]}}
,"/home/runner/work/UnoSim/UnoSim/client/src/lib/font-scale-utils.ts": {"path":"/home/runner/work/UnoSim/UnoSim/client/src/lib/font-scale-utils.ts","statementMap":{"0":{"start":{"line":14,"column":0},"end":{"line":14,"column":16}},"1":{"start":{"line":25,"column":0},"end":{"line":25,"column":16}},"2":{"start":{"line":37,"column":0},"end":{"line":37,"column":16}},"3":{"start":{"line":60,"column":0},"end":{"line":60,"column":16}},"4":{"start":{"line":3,"column":13},"end":{"line":9,"column":11}},"5":{"start":{"line":11,"column":13},"end":{"line":11,"column":45}},"6":{"start":{"line":12,"column":13},"end":{"line":12,"column":38}},"7":{"start":{"line":15,"column":2},"end":{"line":22,"column":3}},"8":{"start":{"line":16,"column":19},"end":{"line":16,"column":62}},"9":{"start":{"line":17,"column":4},"end":{"line":17,"column":43}},"10":{"start":{"line":17,"column":17},"end":{"line":17,"column":43}},"11":{"start":{"line":18,"column":19},"end":{"line":18,"column":37}},"12":{"start":{"line":19,"column":4},"end":{"line":19,"column":55}},"13":{"start":{"line":21,"column":4},"end":{"line":21,"column":30}},"14":{"start":{"line":26,"column":2},"end":{"line":34,"column":3}},"15":{"start":{"line":27,"column":4},"end":{"line":27,"column":63}},"16":{"start":{"line":28,"column":4},"end":{"line":28,"column":81}},"17":{"start":{"line":29,"column":4},"end":{"line":31,"column":6}},"18":{"start":{"line":33,"column":4},"end":{"line":33,"column":50}},"19":{"start":{"line":38,"column":18},"end":{"line":38,"column":39}},"20":{"start":{"line":39,"column":23},"end":{"line":39,"column":87}},"21":{"start":{"line":39,"column":52},"end":{"line":39,"column":86}},"22":{"start":{"line":41,"column":2},"end":{"line":49,"column":3}},"23":{"start":{"line":43,"column":17},"end":{"line":43,"column":59}},"24":{"start":{"line":43,"column":41},"end":{"line":43,"column":58}},"25":{"start":{"line":44,"column":4},"end":{"line":47,"column":5}},"26":{"start":{"line":45,"column":6},"end":{"line":45,"column":31}},"27":{"start":{"line":46,"column":6},"end":{"line":46,"column":18}},"28":{"start":{"line":48,"column":4},"end":{"line":48,"column":17}},"29":{"start":{"line":51,"column":2},"end":{"line":54,"column":3}},"30":{"start":{"line":53,"column":4},"end":{"line":53,"column":17}},"31":{"start":{"line":56,"column":2},"end":{"line":56,"column":52}},"32":{"start":{"line":57,"column":2},"end":{"line":57,"column":14}},"33":{"start":{"line":61,"column":18},"end":{"line":61,"column":39}},"34":{"start":{"line":62,"column":23},"end":{"line":62,"column":87}},"35":{"start":{"line":62,"column":52},"end":{"line":62,"column":86}},"36":{"start":{"line":64,"column":2},"end":{"line":72,"column":3}},"37":{"start":{"line":66,"column":17},"end":{"line":66,"column":74}},"38":{"start":{"line":66,"column":56},"end":{"line":66,"column":73}},"39":{"start":{"line":67,"column":4},"end":{"line":70,"column":5}},"40":{"start":{"line":68,"column":6},"end":{"line":68,"column":31}},"41":{"start":{"line":69,"column":6},"end":{"line":69,"column":18}},"42":{"start":{"line":71,"column":4},"end":{"line":71,"column":17}},"43":{"start":{"line":74,"column":2},"end":{"line":77,"column":3}},"44":{"start":{"line":76,"column":4},"end":{"line":76,"column":17}},"45":{"start":{"line":79,"column":2},"end":{"line":79,"column":52}},"46":{"start":{"line":80,"column":2},"end":{"line":80,"column":14}}},"fnMap":{"0":{"name":"getCurrentFontScale","decl":{"start":{"line":14,"column":16},"end":{"line":14,"column":35}},"loc":{"start":{"line":14,"column":35},"end":{"line":23,"column":1}}},"1":{"name":"setFontScale","decl":{"start":{"line":25,"column":16},"end":{"line":25,"column":28}},"loc":{"start":{"line":25,"column":42},"end":{"line":35,"column":1}}},"2":{"name":"increaseFontScale","decl":{"start":{"line":37,"column":16},"end":{"line":37,"column":33}},"loc":{"start":{"line":37,"column":33},"end":{"line":58,"column":1}}},"3":{"name":"(anonymous_3)","decl":{"start":{"line":39,"column":45},"end":{"line":39,"column":46}},"loc":{"start":{"line":39,"column":52},"end":{"line":39,"column":86}}},"4":{"name":"(anonymous_4)","decl":{"start":{"line":43,"column":34},"end":{"line":43,"column":35}},"loc":{"start":{"line":43,"column":41},"end":{"line":43,"column":58}}},"5":{"name":"decreaseFontScale","decl":{"start":{"line":60,"column":16},"end":{"line":60,"column":33}},"loc":{"start":{"line":60,"column":33},"end":{"line":81,"column":1}}},"6":{"name":"(anonymous_6)","decl":{"start":{"line":62,"column":45},"end":{"line":62,"column":46}},"loc":{"start":{"line":62,"column":52},"end":{"line":62,"column":86}}},"7":{"name":"(anonymous_7)","decl":{"start":{"line":66,"column":49},"end":{"line":66,"column":50}},"loc":{"start":{"line":66,"column":56},"end":{"line":66,"column":73}}}},"branchMap":{"0":{"loc":{"start":{"line":17,"column":4},"end":{"line":17,"column":43}},"type":"if","locations":[{"start":{"line":17,"column":4},"end":{"line":17,"column":43}},{"start":{},"end":{}}]},"1":{"loc":{"start":{"line":19,"column":11},"end":{"line":19,"column":54}},"type":"cond-expr","locations":[{"start":{"line":19,"column":27},"end":{"line":19,"column":45}},{"start":{"line":19,"column":48},"end":{"line":19,"column":54}}]},"2":{"loc":{"start":{"
[...]
29},"end":{"line":79,"column":3}}},"4":{"name":"(anonymous_4)","decl":{"start":{"line":75,"column":35},"end":{"line":75,"column":38}},"loc":{"start":{"line":75,"column":40},"end":{"line":77,"column":7}}},"5":{"name":"(anonymous_5)","decl":{"start":{"line":84,"column":10},"end":{"line":84,"column":15}},"loc":{"start":{"line":84,"column":15},"end":{"line":94,"column":3}}},"6":{"name":"(anonymous_6)","decl":{"start":{"line":99,"column":2},"end":{"line":99,"column":7}},"loc":{"start":{"line":99,"column":7},"end":{"line":105,"column":3}}},"7":{"name":"(anonymous_7)","decl":{"start":{"line":110,"column":2},"end":{"line":110,"column":11}},"loc":{"start":{"line":110,"column":11},"end":{"line":112,"column":3}}}},"branchMap":{"0":{"loc":{"start":{"line":22,"column":4},"end":{"line":45,"column":5}},"type":"if","locations":[{"start":{"line":22,"column":4},"end":{"line":45,"column":5}},{"start":{"line":25,"column":11},"end":{"line":45,"column":5}}]},"1":{"loc":{"start":{"line":24,"column":15},"end":{"line":24,"column":32}},"type":"cond-expr","locations":[{"start":{"line":24,"column":23},"end":{"line":24,"column":26}},{"start":{"line":24,"column":29},"end":{"line":24,"column":32}}]},"2":{"loc":{"start":{"line":25,"column":11},"end":{"line":45,"column":5}},"type":"if","locations":[{"start":{"line":25,"column":11},"end":{"line":45,"column":5}},{"start":{"line":42,"column":11},"end":{"line":45,"column":5}}]},"3":{"loc":{"start":{"line":26,"column":6},"end":{"line":41,"column":7}},"type":"if","locations":[{"start":{"line":26,"column":6},"end":{"line":41,"column":7}},{"start":{"line":37,"column":13},"end":{"line":41,"column":7}}]},"4":{"loc":{"start":{"line":28,"column":8},"end":{"line":36,"column":9}},"type":"if","locations":[{"start":{"line":28,"column":8},"end":{"line":36,"column":9}},{"start":{"line":30,"column":15},"end":{"line":36,"column":9}}]},"5":{"loc":{"start":{"line":30,"column":15},"end":{"line":36,"column":9}},"type":"if","locations":[{"start":{"line":30,"column":15},"end":{"line":36,"column":9}},{"start":{"line":32,"column":15},"end":{"line":36,"column":9}}]},"6":{"loc":{"start":{"line":32,"column":15},"end":{"line":36,"column":9}},"type":"if","locations":[{"start":{"line":32,"column":15},"end":{"line":36,"column":9}},{"start":{"line":34,"column":15},"end":{"line":36,"column":9}}]},"7":{"loc":{"start":{"line":39,"column":26},"end":{"line":39,"column":69}},"type":"cond-expr","locations":[{"start":{"line":39,"column":57},"end":{"line":39,"column":65}},{"start":{"line":39,"column":68},"end":{"line":39,"column":69}}]},"8":{"loc":{"start":{"line":53,"column":10},"end":{"line":53,"column":47}},"type":"default-arg","locations":[{"start":{"line":53,"column":45},"end":{"line":53,"column":47}}]},"9":{"loc":{"start":{"line":65,"column":4},"end":{"line":68,"column":5}},"type":"if","locations":[{"start":{"line":65,"column":4},"end":{"line":68,"column":5}},{"start":{},"end":{}}]},"10":{"loc":{"start":{"line":71,"column":4},"end":{"line":78,"column":5}},"type":"if","locations":[{"start":{"line":71,"column":4},"end":{"line":78,"column":5}},{"start":{"line":73,"column":11},"end":{"line":78,"column":5}}]},"11":{"loc":{"start":{"line":71,"column":8},"end":{"line":71,"column":50}},"type":"binary-expr","locations":[{"start":{"line":71,"column":8},"end":{"line":71,"column":27}},{"start":{"line":71,"column":31},"end":{"line":71,"column":50}}]},"12":{"loc":{"start":{"line":85,"column":4},"end":{"line":88,"column":5}},"type":"if","locations":[{"start":{"line":85,"column":4},"end":{"line":88,"column":5}},{"start":{},"end":{}}]},"13":{"loc":{"start":{"line":90,"column":4},"end":{"line":93,"column":5}},"type":"if","locations":[{"start":{"line":90,"column":4},"end":{"line":93,"column":5}},{"start":{},"end":{}}]},"14":{"loc":{"start":{"line":101,"column":4},"end":{"line":104,"column":5}},"type":"if","locations":[{"start":{"line":101,"column":4},"end":{"line":104,"column":5}},{"start":{},"end":{}}]}},"s":{"0":12,"1":107,"2":107,"3":107,"4":107,"5":6138,"6":2,"7":6136,"8":8,"9":5,"10":1,"11":4,"12":1,"13":3,"14":2,"15":1,"16":3,"17":3,"18":6128,"19":6138,"20":2,"21":2,"22":6140,"23":6140,"24":1106,"25":1106,"26":6140,"27":5013,"28":1127,"29":17,"30":5030,"31":5030,"32":5030,"33":5030,"34":17,"35":17,"36":134,"37":134,"38":4,"39":4,"40":28,"41":12},"f":{"0":107,"1":6138,"2":2,"3":6140,"4":17,"5":5030,"6":134,"7":28},"b":{"0":[2,6136],"1":[1,1],"2":[8,6128],"3":[5,3],"4":[1,4],"5":[1,3],"6":[2,1],"7":[2,1],"8":[0],"9":[1106,5034],"10":[5013,1127],"11":[6140,1128],"12":[5030,0],"13":[17,5013],"14":[4,130]}}
,"/home/runner/work/UnoSim/UnoSim/tests/utils/integration-helpers.ts": {"path":"/home/runner/work/UnoSim/UnoSim/tests/utils/integration-helpers.ts","statementMap":{"0":{"start":{"line":15,"column":0},"end":{"line":15,"column":16}},"1":{"start":{"line":35,"column":0},"end":{"line":35,"column":7}},"2":{"start":{"line":7,"column":0},"end":{"line":7,"column":24}},"3":{"start":{"line":8,"column":0},"end":{"line":8,"column":41}},"4":{"start":{"line":16,"column":2},"end":{"line":28,"column":3}},"5":{"start":{"line":18,"column":4},"end":{"line":24,"column":6}},"6":{"start":{"line":25,"column":4},"end":{"line":25,"column":16}},"7":{"start":{"line":27,"column":4},"end":{"line":27,"column":17}},"8":{"start":{"line":36,"column":2},"end":{"line":57,"column":5}},"9":{"start":{"line":37,"column":16},"end":{"line":47,"column":null}},"10":{"start":{"line":46,"column":8},"end":{"line":46,"column":70}},"11":{"start":{"line":50,"column":4},"end":{"line":50,"column":42}},"12":{"start":{"line":50,"column":26},"end":{"line":50,"column":40}},"13":{"start":{"line":51,"column":4},"end":{"line":54,"column":7}},"14":{"start":{"line":52,"column":6},"end":{"line":52,"column":20}},"15":{"start":{"line":53,"column":6},"end":{"line":53,"column":21}},"16":{"start":{"line":56,"column":4},"end":{"line":56,"column":14}},"17":{"start":{"line":64,"column":13},"end":{"line":64,"column":54}},"18":{"start":{"line":69,"column":13},"end":{"line":69,"column":76}}},"fnMap":{"0":{"name":"isServerRunningSync","decl":{"start":{"line":15,"column":16},"end":{"line":15,"column":35}},"loc":{"start":{"line":15,"column":35},"end":{"line":29,"column":1}}},"1":{"name":"isServerRunning","decl":{"start":{"line":35,"column":22},"end":{"line":35,"column":37}},"loc":{"start":{"line":35,"column":37},"end":{"line":58,"column":1}}},"2":{"name":"(anonymous_3)","decl":{"start":{"line":36,"column":21},"end":{"line":36,"column":22}},"loc":{"start":{"line":36,"column":33},"end":{"line":57,"column":3}}},"3":{"name":"(anonymous_4)","decl":{"start":{"line":45,"column":6},"end":{"line":45,"column":7}},"loc":{"start":{"line":45,"column":14},"end":{"line":47,"column":7}}},"4":{"name":"(anonymous_5)","decl":{"start":{"line":50,"column":20},"end":{"line":50,"column":23}},"loc":{"start":{"line":50,"column":26},"end":{"line":50,"column":40}}},"5":{"name":"(anonymous_6)","decl":{"start":{"line":51,"column":22},"end":{"line":51,"column":25}},"loc":{"start":{"line":51,"column":27},"end":{"line":54,"column":5}}}},"branchMap":{"0":{"loc":{"start":{"line":46,"column":16},"end":{"line":46,"column":68}},"type":"binary-expr","locations":[{"start":{"line":46,"column":16},"end":{"line":46,"column":44}},{"start":{"line":46,"column":48},"end":{"line":46,"column":68}}]},"1":{"loc":{"start":{"line":69,"column":32},"end":{"line":69,"column":75}},"type":"cond-expr","locations":[{"start":{"line":69,"column":51},"end":{"line":69,"column":59}},{"start":{"line":69,"column":62},"end":{"line":69,"column":75}}]}},"s":{"0":6,"1":6,"2":6,"3":6,"4":8,"5":8,"6":2,"7":6,"8":1,"9":1,"10":1,"11":1,"12":0,"13":1,"14":0,"15":0,"16":1,"17":6,"18":6},"f":{"0":8,"1":1,"2":1,"3":1,"4":0,"5":0},"b":{"0":[1,1],"1":[1,5]}}
,"/home/runner/work/UnoSim/UnoSim/tests/utils/serial-test-helper.ts": {"path":"/home/runner/work/UnoSim/UnoSim/tests/utils/serial-test-helper.ts","statementMap":{"0":{"start":{"line":27,"column":0},"end":{"line":27,"column":16}},"1":{"start":{"line":66,"column":0},"end":{"line":66,"column":7}},"2":{"start":{"line":112,"column":0},"end":{"line":112,"column":7}},"3":{"start":{"line":176,"column":0},"end":{"line":176,"column":7}},"4":{"start":{"line":28,"column":16},"end":{"line":28,"column":60}},"5":{"start":{"line":30,"column":2},"end":{"line":48,"column":14}},"6":{"start":{"line":32,"column":18},"end":{"line":32,"column":64}},"7":{"start":{"line":33,"column":4},"end":{"line":45,"column":5}},"8":{"start":{"line":35,"column":6},"end":{"line":44,"column":18}},"9":{"start":{"line":36,"column":8},"end":{"line":43,"column":9}},"10":{"start":{"line":37,"column":26},"end":{"line":37,"column":81}},"11":{"start":{"line":38,"column":24},"end":{"line":38,"column":43}},"12":{"start":{"line":39,"column":10},"end":{"line":39,"column":34}},"13":{"start":{"line":42,"column":10},"end":{"line":42,"column":20}},"14":{"start":{"line":47,"column":4},"end":{"line":47,"column":16}},"15":{"start":{"line":67,"column":16},"end":{"line":67,"column":26}},"16":{"start":{"line":69,"column":2},"end":{"line":74,"column":3}},"17":{"start":{"line":70,"column":4},"end":{"line":72,"column":5}},"18":{"start":{"line":71,"column":6},"end":{"line":71,"column":13}},"19":{"start":{"line":73,"column":4},"end":{"line":73,"column":46}},"20":{"start":{"line":73,"column":27},"end":{"line":73,"column":44}},"21":{"start":{"line":76,"column":2},"end":{"line":79,"column":4}},"22":{"start":{"line":118,"column":16},"end":{"line":118,"column":26}},"23":{"start":{"line":119,"column":16},"end":{"line":119,"column":21}},"24":{"start":{"line":121,"column":2},"end":{"line":142,"column":3}},"25":{"start":{"line":122,"column":26},"end":{"line":122,"column":51}},"26":{"start":{"line":124,"column":4},"end":{"line":126,"column":5}},"27":{"start":{"line":125,"column":6},"end":{"line":125,"column":13}},"28":{"start":{"line":129,"column":4},"end":{"line":139,"column":5}},"29":{"start":{"line":130,"column":22},"end":{"line":130,"column":40}},"30":{"start":{"line":131,"column":6},"end":{"line":138,"column":7}},"31":{"start":{"line":132,"column":24},"end":{"line":132,"column":55}},"32":{"start":{"line":133,"column":8},"end":{"line":136,"column":10}},"33":{"start":{"line":137,"column":8},"end":{"line":137,"column":29}},"34":{"start":{"line":141,"column":4},"end":{"line":141,"column":46}},"35":{"start":{"line":141,"column":27},"end":{"line":141,"column":44}},"36":{"start":{"line":144,"column":2},"end":{"line":147,"column":4}},"37":{"start":{"line":188,"column":28},"end":{"line":188,"column":30}},"38":{"start":{"line":189,"column":18},"end":{"line":189,"column":39}},"39":{"start":{"line":190,"column":26},"end":{"line":190,"column":58}},"40":{"start":{"line":192,"column":17},"end":{"line":242,"column":null}},"41":{"start":{"line":194,"column":21},"end":{"line":194,"column":26}},"42":{"start":{"line":195,"column":19},"end":{"line":195,"column":24}},"43":{"start":{"line":197,"column":6},"end":{"line":227,"column":8}},"44":{"start":{"line":200,"column":10},"end":{"line":200,"column":29}},"45":{"start":{"line":204,"column":10},"end":{"line":204,"column":54}},"46":{"start":{"line":208,"column":10},"end":{"line":208,"column":24}},"47":{"start":{"line":209,"column":10},"end":{"line":211,"column":11}},"48":{"start":{"line":210,"column":12},"end":{"line":210,"column":48}},"49":{"start":{"line":216,"column":10},"end":{"line":216,"column":75}},"50":{"start":{"line":220,"column":10},"end":{"line":220,"column":26}},"51":{"start":{"line":230,"column":6},"end":{"line":241,"column":26}},"52":{"start":{"line":231,"column":8},"end":{"line":240,"column":9}},"53":{"start":{"line":232,"column":10},"end":{"line":236,"column":13}},"54":{"start":{"line":237,"column":15},"end":{"line":240,"column":9}},"55":{"start":{"line":239,"column":10},"end":{"line":239,"column":60}},"56":{"start":{"line":245,"column":2},"end":{"line":245,"column":16}}},"fnMap":{"0":{"name":"extractPlainText","decl":{"start":{"line":27,"column":16},"end":{"line":27,"column":32}},"loc":{"start":{"line":27,"column":59},"end":{"line":49,"column":1}}},"1":{"name":"(anonymous_1)","decl":{"start":{"line":30,"column":19},"end":{"line":30,"column":23}},"loc":{"start":{"line":30,"column":26},"end":{"line":48,"column":3}}},"2":{"name":"(anonymous_2)","decl":{"start":{"line":35,"column":23},"end":{"line":35,"column":24}},"loc":{"start":{"line":35,"column":27},"end":{"line":44,"column":7}}},"3":{"name":"waitForRunning","decl":{"start":{"line":66,"column":22},"end":{"line":66,"column":36}},"loc":{"start":{"line":66,"column":75},"end":{"line":80,"column":1}}},"4":{"name":"(anonymous_4)","decl":{"start":{"line":73,"column":22},"end":{"line":73,"column":23}},"loc":{"start":{"line":73,"column":27},"end":{"line":73,"column":44}}},"5":{"name":"waitForSerialOutput","decl":{"start":{"line":112,"column":22},"end":{"line":112,"column":41}},"loc":{"start":{"line":116,"column":14},"end":{"line":148,"column":1}}},"6":{"name":"(anonymous_6)","decl":{"start":{"line":141,"column":22},"end":{"line":141,"column":23}},"loc":{"start":{"line":141,"column":27},"end":{"line":141,"column":44}}},"7":{"name":"runSketchWithOutput","decl":{"start":{"line":176,"column":22},"end":{"line":176,"column":41}},"loc":{"start":{"line":182,"column":8},"end":{"line":246,"column":1}}},"8":{"name":"(anonymous_8)","decl":{"start":{"line":193,"column":4},"end":{"line":193,"column":5}},"loc":{"start":{"line":193,"column":16},"end":{"line":242,"column":5}}},"9":{"name":"(anonymous_9)","decl":{"start":{"line":199,"column":8},"end":{"line":199,"column":9}},"loc":{"start":{"line":199,"column":25},"end":{"line":201,"column":9}}},"10":{"name":"(anonymous_10)","decl":{"start":{"line":202,"column":8},"end":{"line":202,"column":9}},"loc":{"start":{"line":202,"column":26},"end":{"line":205,"column":9}}},"11":{"name":"(anonymous_11)","decl":{"start":{"line":206,"column":8},"end":{"line":206,"column":9}},"loc":{"start":{"line":206,"column":32},"end":{"line":213,"column":9}}},"12":{"name":"(anonymous_12)","decl":{"start":{"line":214,"column":8},"end":{"line":214,"column":9}},"loc":{"start":{"line":214,"column":26},"end":{"line":217,"column":9}}},"13":{"name":"(anonymous_13)","decl":{"start":{"line":218,"column":8},"end":{"line":218,"column":11}},"loc":{"start":{"line":218,"column":13},"end":{"line":221,"column":9}}},"14":{"name":"(anonymous_14)","decl":{"start":{"line":222,"column":8},"end":{"line":222,"column":11}},"loc":{"start":{"line":222,"column":13},"end":{"line":222,"column":16}}},"15":{"name":"(anonymous_15)","decl":{"start":{"line":224,"column":8},"end":{"line":224,"column":9}},"loc":{"start":{"line":224,"column":31},"end":{"line":226,"column":9}}},"16":{"name":"(anonymous_16)","decl":{"start":{"line":230,"column":17},"end":{"line":230,"column":20}},"loc":{"start":{"line":230,"column":22},"end":{"line":241,"column":7}}}},"branchMap":{"0":{"loc":{"start":{"line":28,"column":16},"end":{"line":28,"column":60}},"type":"cond-expr","locations":[{"start":{"line":28,"column":41},"end":{"line":28,"column":48}},{"start":{"line":28,"column":51},"end":{"line":28,"column":60}}]},"1":{"loc":{"start":{"line":33,"column":4},"end":{"line":45,"column":5}},"type":"if","locations":[{"start":{"line":33,"column":4},"end":{"line":45,"column":5}},{"start":{},"end":{}}]},"2":{"loc":{"start":{"line":39,"column":17},"end":{"line":39,"column":33}},"type":"binary-expr","locations":[{"start":{"line":39,"column":17},"end":{"line":39,"column":27}},{"start":{"line":39,"column":31},"end":{"line":39,"column":33}}]},"3":{"loc":{"start":{"line":66,"column":60},"end":{"line":66,"column":75}},"type":"default-arg","locations":[{"start":{"line":66,"column":70},"end":{"line":66,"column":75}}]},"4":{"loc":{"start":{"line":70,"column":4},"end":{"line":72,"column":5}},"type":"if","locations":[{"start":{"line":70,"column":4},"end":{"line":72,"column":5}},{"start":{},"end":{}}]},"5":{"loc":{"start":{"line":115,"column":2},"end":{"line":115,"column":17}},"type":"default-arg","locations":[{"start":{"line":115,"column":12},"end":{"line":115,"column":17}}]},"6":{"loc":{"start":{"line":116,"column":2},"end":{"line":116,"column":14}},"type":"default-arg","locations":[{"start":{"line":116,"column":10},"end":{"line":116,"column":14}}]},"7":{"loc":{"start":{"line":124,"column":4},"end":{"line":126,"column":5}},"type":"if","locations":[{"start":{"line":124,"column":4},"end":{"line":126,"column":5}},{"start":{},"end":{}}]},"8":{"loc":{"start":{"line":129,"column":4},"end":{"line":139,"column":5}},"type":"if","locations":[{"start":{"line":129,"column":4},"end":{"line":139,"column":5}},{"start":{},"end":{}}]},"9":{"loc":{"start":{"line":131,"column":6},"end":{"line":138,"column":7}},"type":"if","locations":[{"start":{"line":131,"column":6},"end":{"line":138,"column":7}},{"start":{},"end":{}}]},"10":{"loc":{"start":{"line":131,"column":10},"end":{"line":131,"column":55}},"type":"binary-expr","locations":[{"start":{"line":131,"column":10},"end":{"line":131,"column":24}},{"start":{"line":131,"column":28},"end":{"line":131,"column":55}}]},"11":{"loc":{"start":{"line":135,"column":72},"end":{"line":135,"column":111}},"type":"cond-expr","locations":[{"start":{"line":135,"column":101},"end":{"line":135,"column":106}},{"start":{"line":135,"column":109},"end":{"line":135,"column":111}}]},"12":{"loc":{"start":{"line":179,"column":2},"end":{"line":182,"column":8}},"type":"default-arg","locations":[{"start":{"line":182,"column":6},"end":{"line":182,"column":8}}]},"13":{"loc":{"start":{"line":189,"column":18},"end":{"line":189,"column":39}},"type":"binary-expr","locations":[{"start":{"line":189,"column":18},"end":{"line":189,"column":33}},{"start":{"line":189,"column":37},"end":{"line":189,"column":39}}]},"14":{"loc":{"start":{"line":190,"column":26},"end":{"line":190,"column":58}},"type":"binary-expr","locations":[{"start":{"line":190,"column":26},"end":{"line":190,"column":49}},{"start":{"line":190,"column":53},"end":{"line":190,"column":58}}]},"15":{"loc":{"start":{"line":209,"column":10},"end":{"line":211,"column":11}},"type":"if","locations":[{"start":{"line":209,"column":10},"end":{"line":211,"column":11}},{"start":{},"end":{}}]},"16":{"loc":{"start":{"line":209,"column":14},"end":{"line":209,"column":44}},"type":"binary-expr","locations":[{"start":{"line":209,"column":14},"end":{"line":209,"column":22}},{"start":{"line":209,"column":26},"end":{"line":209,"column":44}}]},"17":{"loc":{"start":{"line":231,"column":8},"end":{"line":240,"column":9}},"type":"if","locations":[{"start":{"line":231,"column":8},"end":{"line":240,"column":9}},{"start":{"line":237,"column":15},"end":{"line":240,"column":9}}]},"18":{"loc":{"start":{"line":231,"column":12},"end":{"line":231,"column":32}},"type":"binary-expr","locations":[{"start":{"line":231,"column":12},"end":{"line":231,"column":19}},{"start":{"line":231,"column":23},"end":{"line":231,"column":32}}]},"19":{"loc":{"start":{"line":237,"column":15},"end":{"line":240,"column":9}},"type":"if","locations":[{"start":{"line":237,"column":15},"end":{"line":240,"column":9}},{"start":{},"end":{}}]},"20":{"loc":{"start":{"line":237,"column":19},"end":{"line":237,"column":38}},"type":"binary-expr","locations":[{"start":{"line":237,"column":19},"end":{"line":237,"column":27}},{"start":{"line":237,"column":31},"end":{"line":237,"column":38}}]}},"s":{"0":1,"1":1,"2":1,"3":1,"4":7,"5":7,"6":12,"7":12,"8":12,"9":12,"10":12,"11":12,"12":12,"13":0,"14":0,"15":0,"16":0,"17":0,"18":0,"19":0,"20":0,"21":0,"22":0,"23":0,"24":0,"25":0,"26":0,"27":0,"28":0,"29":0,"30":0,"31":0,"32":0,"33":0,"34":0,"35":0,"36":0,"37":7,"38":7,"39":7,"40":7,"41":7,"42":7,"43":7,"44":12,"45":0,"46":7,"47":7,"48":7,"49":0,"50":7,"51":7,"52":0,"53":0,"54":0,"55":0,"56":7},"f":{"0":7,"1":12,"2":12,"3":0,"4":0,"5":0,"6":0,"7":7,"8":7,"9":12,"10":0,"11":7,"12":0,"13":7,"14":0,"15":0,"16":0},"b":{"0":[7,0],"1":[12,0],"2":[12,0],"3":[0],"4":[0,0],"5":[0],"6":[0],"7":[0,0],"8":[0,0],"9":[0,0],"10":[0,0],"11":[0,0],"12":[5],"13":[7,5],"14":[7,7],"15":[7,0],"16":[7,0],"17":[0,0],"18":[0,0],"19":[0,0],"20":[0,0]}}
}
