{"/home/runner/work/UnoSim/UnoSim/client/src/components/features/serial-monitor.tsx": {"path":"/home/runner/work/UnoSim/UnoSim/client/src/components/features/serial-monitor.tsx","statementMap":{"0":{"start":{"line":61,"column":0},"end":{"line":61,"column":16}},"1":{"start":{"line":110,"column":0},"end":{"line":110,"column":16}},"2":{"start":{"line":1,"column":0},"end":{"line":1,"column":42}},"3":{"start":{"line":21,"column":18},"end":{"line":21,"column":74}},"4":{"start":{"line":22,"column":2},"end":{"line":22,"column":74}},"5":{"start":{"line":24,"column":2},"end":{"line":24,"column":88}},"6":{"start":{"line":26,"column":2},"end":{"line":26,"column":74}},"7":{"start":{"line":30,"column":2},"end":{"line":40,"column":3}},"8":{"start":{"line":31,"column":14},"end":{"line":31,"column":16}},"9":{"start":{"line":32,"column":4},"end":{"line":38,"column":5}},"10":{"start":{"line":33,"column":6},"end":{"line":37,"column":7}},"11":{"start":{"line":34,"column":8},"end":{"line":34,"column":31}},"12":{"start":{"line":36,"column":8},"end":{"line":36,"column":18}},"13":{"start":{"line":39,"column":4},"end":{"line":39,"column":20}},"14":{"start":{"line":43,"column":2},"end":{"line":45,"column":3}},"15":{"start":{"line":44,"column":4},"end":{"line":44,"column":49}},"16":{"start":{"line":48,"column":2},"end":{"line":50,"column":3}},"17":{"start":{"line":49,"column":4},"end":{"line":49,"column":48}},"18":{"start":{"line":53,"column":2},"end":{"line":55,"column":3}},"19":{"start":{"line":54,"column":4},"end":{"line":54,"column":68}},"20":{"start":{"line":57,"column":2},"end":{"line":57,"column":19}},"21":{"start":{"line":67,"column":2},"end":{"line":81,"column":3}},"22":{"start":{"line":69,"column":25},"end":{"line":69,"column":26}},"23":{"start":{"line":70,"column":14},"end":{"line":70,"column":15}},"24":{"start":{"line":71,"column":4},"end":{"line":74,"column":5}},"25":{"start":{"line":72,"column":6},"end":{"line":72,"column":23}},"26":{"start":{"line":73,"column":6},"end":{"line":73,"column":12}},"27":{"start":{"line":76,"column":4},"end":{"line":80,"column":5}},"28":{"start":{"line":77,"column":23},"end":{"line":77,"column":46}},"29":{"start":{"line":78,"column":6},"end":{"line":78,"column":97}},"30":{"start":{"line":79,"column":6},"end":{"line":79,"column":40}},"31":{"start":{"line":84,"column":2},"end":{"line":91,"column":3}},"32":{"start":{"line":85,"column":22},"end":{"line":85,"column":44}},"33":{"start":{"line":86,"column":4},"end":{"line":89,"column":5}},"34":{"start":{"line":87,"column":6},"end":{"line":87,"column":48}},"35":{"start":{"line":88,"column":6},"end":{"line":88,"column":55}},"36":{"start":{"line":90,"column":4},"end":{"line":90,"column":16}},"37":{"start":{"line":94,"column":2},"end":{"line":96,"column":3}},"38":{"start":{"line":95,"column":4},"end":{"line":95,"column":16}},"39":{"start":{"line":99,"column":2},"end":{"line":99,"column":14}},"40":{"start":{"line":103,"column":2},"end":{"line":107,"column":4}},"41":{"start":{"line":119,"column":2},"end":{"line":119,"column":19}},"42":{"start":{"line":120,"column":20},"end":{"line":120,"column":55}},"43":{"start":{"line":121,"column":30},"end":{"line":121,"column":42}},"44":{"start":{"line":122,"column":27},"end":{"line":122,"column":36}},"45":{"start":{"line":124,"column":2},"end":{"line":127,"column":26}},"46":{"start":{"line":126,"column":4},"end":{"line":126,"column":54}},"47":{"start":{"line":129,"column":2},"end":{"line":201,"column":15}},"48":{"start":{"line":130,"column":64},"end":{"line":130,"column":66}},"49":{"start":{"line":131,"column":22},"end":{"line":131,"column":27}},"50":{"start":{"line":133,"column":4},"end":{"line":178,"column":7}},"51":{"start":{"line":134,"column":17},"end":{"line":134,"column":26}},"52":{"start":{"line":135,"column":23},"end":{"line":135,"column":44}},"53":{"start":{"line":137,"column":6},"end":{"line":140,"column":7}},"54":{"start":{"line":138,"column":8},"end":{"line":138,"column":27}},"55":{"start":{"line":139,"column":8},"end":{"line":139,"column":25}},"56":{"start":{"line":142,"column":6},"end":{"line":147,"column":7}},"57":{"start":{"line":143,"column":8},"end":{"line":146,"column":9}},"58":{"start":{"line":144,"column":10},"end":{"line":144,"column":27}},"59":{"start":{"line":145,"column":10},"end":{"line":145,"column":30}},"60":{"start":{"line":150,"column":30},"end":{"line":150,"column":91}},"61":{"start":{"line":151,"column":6},"end":{"line":153,"column":7}},"62":{"start":{"line":152,"column":8},"end":{"line":152,"column":15}},"63":{"start":{"line":154,"column":6},"end":{"line":154,"column":29}},"64":{"start":{"line":156,"column":6},"end":{"line":172,"column":7}},"65":{"start":{"line":157,"column":22},"end":{"line":157,"column":38}},"66":{"start":{"line":158,"column":27},"end":{"line":158,"column":64}},"67":{"start":{"line":158,"column":44},"end":{"line":158,"column":63}},"68":{"start":{"line":159,"column":8},"end":{"line":171,"column":9}},"69":{"start":{"line":160,"column":28},"end":{"line":160,"column":61}},"70":{"start":{"line":161,"column":10},"end":{"line":169,"column":11}},"71":{"start":{"line":162,"column":12},"end":{"line":162,"column":72}},"72":{"start":{"line":164,"column":12},"end":{"line":168,"column":13}},"73":{"start":{"line":165,"column":14},"end":{"line":165,"column":88}},"74":{"start":{"line":167,"column":14},"end":{"line":167,"column":74}},"75":{"start":{"line":170,"column":10},"end":{"line":170,"column":17}},"76":{"start":{"line":174,"column":24},"end":{"line":174,"column":46}},"77":{"start":{"line":175,"column":6},"end":{"line":177,"column":7}},"78":{"start":{"line":176,"column":8},"end":{"line":176,"column":68}},"79":{"start":{"line":180,"column":15},"end":{"line":180,"column":32}},"80":{"start":{"line":181,"column":4},"end":{"line":181,"column":20}},"81":{"start":{"line":181,"column":13},"end":{"line":181,"column":20}},"82":{"start":{"line":182,"column":4},"end":{"line":182,"column":22}},"83":{"start":{"line":183,"column":4},"end":{"line":195,"column":5}},"84":{"start":{"line":184,"column":26},"end":{"line":184,"column":55}},"85":{"start":{"line":185,"column":6},"end":{"line":185,"column":61}},"86":{"start":{"line":186,"column":6},"end":{"line":186,"column":68}},"87":{"start":{"line":187,"column":6},"end":{"line":187,"column":34}},"88":{"start":{"line":189,"column":6},"end":{"line":194,"column":9}},"89":{"start":{"line":190,"column":20},"end":{"line":190,"column":49}},"90":{"start":{"line":191,"column":8},"end":{"line":191,"column":74}},"91":{"start":{"line":192,"column":8},"end":{"line":192,"column":34}},"92":{"start":{"line":193,"column":8},"end":{"line":193,"column":28}},"93":{"start":{"line":197,"column":4},"end":{"line":200,"column":5}},"94":{"start":{"line":198,"column":6},"end":{"line":198,"column":37}},"95":{"start":{"line":199,"column":6},"end":{"line":199,"column":46}},"96":{"start":{"line":203,"column":23},"end":{"line":216,"column":3}},"97":{"start":{"line":204,"column":15},"end":{"line":204,"column":32}},"98":{"start":{"line":205,"column":4},"end":{"line":205,"column":20}},"99":{"start":{"line":205,"column":13},"end":{"line":205,"column":20}},"100":{"start":{"line":206,"column":29},"end":{"line":206,"column":41}},"101":{"start":{"line":207,"column":25},"end":{"line":207,"column":58}},"102":{"start":{"line":209,"column":4},"end":{"line":211,"column":5}},"103":{"start":{"line":210,"column":6},"end":{"line":210,"column":42}},"104":{"start":{"line":212,"column":4},"end":{"line":214,"column":5}},"105":{"start":{"line":213,"column":6},"end":{"line":213,"column":41}},"106":{"start":{"line":215,"column":4},"end":{"line":215,"column":48}},"107":{"start":{"line":218,"column":2},"end":{"line":228,"column":4}}},"fnMap":{"0":{"name":"processAnsiCodes","decl":{"start":{"line":20,"column":9},"end":{"line":20,"column":25}},"loc":{"start":{"line":20,"column":38},"end":{"line":58,"column":1}}},"1":{"name":"applyBackspaceAcrossLines","decl":{"start":{"line":61,"column":16},"end":{"line":61,"column":41}},"loc":{"start":{"line":64,"column":21},"end":{"line":100,"column":1}}},"2":{"name":"hasControlChars","decl":{"start":{"line":102,"column":9},"end":{"line":102,"column":24}},"loc":{"start":{"line":102,"column":37},"end":{"line":108,"column":1}}},"3":{"name":"SerialMonitor","decl":{"start":{"line":110,"column":16},"end":{"line":110,"column":29}},"loc":{"start":{"line":118,"column":21},"end":{"line":229,"column":1}}},"4":{"name":"(anonymous_4)","decl":{"start":{"line":124,"column":12},"end":{"line":124,"column":15}},"loc":{"start":{"line":124,"column":17},"end":{"line":127,"column":3}}},"5":{"name":"(anonymous_5)","decl":{"start":{"line":129,"column":12},"end":{"line":129,"column":15}},"loc":{"start":{"line":129,"column":17},"end":{"line":201,"column":3}}},"6":{"name":"(anonymous_6)","decl":{"start":{"line":133,"column":19},"end":{"line":133,"column":20}},"loc":{"start":{"line":133,"column":28},"end":{"line":178,"column":5}}},"7":{"name":"(anonymous_7)","decl":{"start":{"line":158,"column":37},"end":{"line":158,"column":38}},"loc":{"start":{"line":158,"column":44},"end":{"line":158,"column":63}}},"8":{"name":"(anonymous_8)","decl":{"start":{"line":189,"column":20},"end":{"line":189,"column":21}},"loc":{"start":{"line":189,"column":27},"end":{"line":194,"column":7}}},"9":{"name":"(anonymous_9)","decl":{"start":{"line":203,"column":23},"end":{"line":203,"column":26}},"loc":{"start":{"line":203,"column":28},"end":{"line":216,"column":3}}}},"branchMap":{"0":{"loc":{"start":{"line":30,"column":2},"end":{"line":40,"column":3}},"type":"if","locations":[{"start":{"line":30,"column":2},"end":{"line":40,"column":3}},{"start":{},"end":{}}]},"1":{"loc":{"start":{"line":33,"column":6},"end":{"line":37,"column":7}},"type":"if","locations":[{"start":{"line":33,"column":6},"end":{"line":37,"column":7}},{"start":{"line":35,"column":13},"end":{"line":37,"column":7}}]},"2":{"loc":{"start":{"line":43,"column":2},"end":{"line":45,"column":3}},"type":"if","locations":[{"start":{"line":43,"column":2},"end":{"line":45,"column":3}},{"start":{},"end":{}}]},"3":{"loc":{"start":{"line":48,"column":2},"end":{"line":50,"column":3}},"type":"if","locations":[{"start":{"line":48,"column":2},"end":{"line":50,"column":3}},{"start":{},"end":{}}]},"4":{"loc":{"start":{"line":53,"column":2},"end":{"line":55,"column":3}},"type":"if","locations":[{"start":{"line":53,"column":2},"end":{"line":55,"column":3}},{"start":{},"end":{}}]},"5":{"loc":{"start":{"line":53,"column":6},"end":{"line":53,"column":58}},"type":"binary-expr","locations":[{"start":{"line":53,"column":6},"end":{"line":53,"column":30}},{"start":{"line":53,"column":34},"end":{"line":53,"column":58}}]},"6":{"loc":{"start":{"line":67,"column":2},"end":{"line":81,"column":3}},"type":"if","locations":[{"start":{"line":67,"column":2},"end":{"line":81,"column":3}},{"start":{},"end":{}}]},"7":{"loc":{"start":{"line":71,"column":11},"end":{"line":71,"column":50}},"type":"binary-expr","locations":[{"start":{"line":71,"column":11},"end":{"line":71,"column":28}},{"start":{"line":71,"column":32},"end":{"line":71,"column":50}}]},"8":{"loc":{"start":{"line":76,"column":4},"end":{"line":80,"column":5}},"type":"if","locations":[{"start":{"line":76,"column":4},"end":{"line":80,"column":5}},{"start":{},"end":{}}]},"9":{"loc":{"start":{"line":76,"column":8},"end":{"line":76,"column":84}},"type":"binary-expr","locations":[{"start":{"line":76,"column":8},"end":{"line":76,"column":26}},{"start":{"line":76,"column":30},"end":{"line":76,"column":46}},{"start":{"line":76,"column":50},"end":{"line":76,"column":84}}]},"10":{"loc":{"start":{"line":84,"column":2},"end":{"line":91,"column":3}},"type":"if","locations":[{"start":{"line":84,"column":2},"end":{"line":91,"column":3}},{"start":{},"end":{}}]},"11":{"loc":{"start":{"line":84,"column":6},"end":{"line":84,"column":68}},"type":"binary-expr","locations":[{"start":{"line":84,"column":6},"end":{"line":84,"column":10}},{"start":{"line":84,"column":14},"end":{"line":84,"column":30}},{"start":{"line":84,"column":34},"end":{"line":84,"column":68}}]},"12":{"loc":{"start":{"line":86,"column":4},"end":{"line":89,"column":5}},"type":"if","locations":[{"start":{"line":86,"column":4},"end":{"line":89,"column":5}},{"start":{},"end":{}}]},"13":{"loc":{"start":{"line":94,"column":2},"end":{"line":96,"column":3}},"type":"if","locations":[{"start":{"line":94,"column":2},"end":{"line":96,"column":3}},{"start":{},"end":{}}]},"14":{"loc":{"start":{"line":104,"column":20},"end":{"line":104,"column":74}},"type":"binary-expr","locations":[{"start":{"line":104,"column":20},"end":{"line":104,"column":44}},{"start":{"line":104,"column":48},"end":{"line":104,"column":74}}]},"15":{"loc":{"start":{"line":105,"column":19},"end":{"line":105,"column":71}},"type":"binary-expr","locations":[{"start":{"line":105,"column":19},"end":{"line":105,"column":42}},{"start":{"line":105,"column":46},"end":{"line":105,"column":71}}]},"16":{"loc":{"start":{"line":113,"column":23},"end":{"line":113,"column":51}},"type":"default-arg","locations":[{"start":{"line":113,"column":46},"end":{"line":113,"column":51}}]},"17":{"loc":{"start":{"line":116,"column":2},"end":{"line":116,"column":20}},"type":"default-arg","locations":[{"start":{"line":116,"column":16},"end":{"line":116,"column":20}}]},"18":{"loc":{"start":{"line":117,"column":2},"end":{"line":117,"column":26}},"type":"default-arg","locations":[{"start":{"line":117,"column":22},"end":{"line":117,"column":26}}]},"19":{"loc":{"start":{"line":137,"column":6},"end":{"line":140,"column":7}},"type":"if","locations":[{"start":{"line":137,"column":6},"end":{"line":140,"column":7}},{"start":{},"end":{}}]},"20":{"loc":{"start":{"line":142,"column":6},"end":{"line":147,"column":7}},"type":"if","locations":[{"start":{"line":142,"column":6},"end":{"line":147,"column":7}},{"start":{},"end":{}}]},"21":{"loc":{"start":{"line":143,"column":8},"end":{"line":146,"column":9}},"type":"if","locations":[{"start":{"line":143,"column":8},"end":{"line":146,"column":9}},{"start":{},"end":{}}]},"22":{"loc":{"start":{"line":150,"column":69},"end":{"line":150,"column":90}},"type":"binary-expr","locations":[{"start":{"line":150,"column":69},"end":{"line":150,"column":82}},{"start":{"line":150,"column":86},"end":{"line":150,"column":90}}]},"23":{"loc":{"start":{"line":151,"column":6},"end":{"line":153,"column":7}},"type":"if","locations":[{"start":{"line":151,"column":6},"end":{"line":153,"column":7}},{"start":{},"end":{}}]},"24":{"loc":{"start":{"line":156,"column":6},"end":{"line":172,"column":7}},"type":"if","locations":[{"start":{"line":156,"column":6},"end":{"line":172,"column":7}},{"start":{},"end":{}}]},"25":{"loc":{"start":{"line":159,"column":8},"end":{"line":171,"column":9}},"type":"if","locations":[{"start":{"line":159,"column":8},"end":{"line":171,"column":9}},{"start":{},"end":{}}]},"26":{"loc":{"start":{"line":161,"column":10},"end":{"line":169,"column":11}},"type":"if","locations":[{"start":{"line":161,"column":10},"end":{"line":169,"column":11}},{"start":{"line":163,"column":17},"end":{"line":169,"column":11}}]},"27":{"loc":{"start":{"line":161,"column":14},"end":{"line":161,"column":69}},"type":"binary-expr","locations":[{"start":{"line":161,"column":14},"end":{"line":161,"column":30}},{"start":{"line":161,"column":34},"end":{"line":161,"column":69}}]},"28":{"loc":{"start":{"line":164,"column":12},"end":{"line":168,"column":13}},"type":"if","locations":[{"start":{"line":164,"column":12},"end":{"line":168,"column":13}},{"start":{"line":166,"column":19},"end":{"line":168,"column":13}}]},"29":{"loc":{"start":{"line":175,"column":6},"end":{"line":177,"column":7}},"type":"if","locations":[{"start":{"line":175,"column":6},"end":{"line":177,"column":7}},{"start":{},"end":{}}]},"30":{"loc":{"start":{"line":181,"column":4},"end":{"line":181,"column":20}},"type":"if","locations":[{"start":{"line":181,"column":4},"end":{"line":181,"column":20}},{"start":{},"end":{}}]},"31":{"loc":{"start":{"line":183,"column":4},"end":{"line":195,"column":5}},"type":"if","locations":[{"start":{"line":183,"column":4},"end":{"line":195,"column":5}},{"start":{"line":188,"column":11},"end":{"line":195,"column":5}}]},"32":{"loc":{"start":{"line":197,"column":4},"end":{"line":200,"column":5}},"type":"if","locations":[{"start":{"line":197,"column":4},"end":{"line":200,"column":5}},{"start":{},"end":{}}]},"33":{"loc":{"start":{"line":197,"column":8},"end":{"line":197,"column":41}},"type":"binary-expr","locations":[{"start":{"line":197,"column":8},"end":{"line":197,"column":35}},{"start":{"line":197,"column":39},"end":{"line":197,"column":41}}]},"34":{"loc":{"start":{"line":205,"column":4},"end":{"line":205,"column":20}},"type":"if","locations":[{"start":{"line":205,"column":4},"end":{"line":205,"column":20}},{"start":{},"end":{}}]},"35":{"loc":{"start":{"line":209,"column":4},"end":{"line":211,"column":5}},"type":"if","locations":[{"start":{"line":209,"column":4},"end":{"line":211,"column":5}},{"start":{},"end":{}}]},"36":{"loc":{"start":{"line":212,"column":4},"end":{"line":214,"column":5}},"type":"if","locations":[{"start":{"line":212,"column":4},"end":{"line":214,"column":5}},{"start":{},"end":{}}]},"37":{"loc":{"start":{"line":221,"column":9},"end":{"line":224,"column":null}},"type":"cond-expr","locations":[{"start":{"line":222,"column":10},"end":{"line":222,"column":157}},{"start":{"line":224,"column":10},"end":{"line":224,"column":36}}]}},"s":{"0":2,"1":2,"2":2,"3":6,"4":6,"5":6,"6":6,"7":6,"8":0,"9":0,"10":0,"11":0,"12":0,"13":0,"14":6,"15":0,"16":6,"17":0,"18":6,"19":0,"20":6,"21":21,"22":6,"23":6,"24":6,"25":10,"26":10,"27":6,"28":6,"29":6,"30":6,"31":21,"32":6,"33":6,"34":6,"35":6,"36":6,"37":15,"38":2,"39":13,"40":0,"41":0,"42":0,"43":0,"44":0,"45":0,"46":0,"47":0,"48":0,"49":0,"50":0,"51":0,"52":0,"53":0,"54":0,"55":0,"56":0,"57":0,"58":0,"59":0,"60":0,"61":0,"62":0,"63":0,"64":0,"65":0,"66":0,"67":0,"68":0,"69":0,"70":0,"71":0,"72":0,"73":0,"74":0,"75":0,"76":0,"77":0,"78":0,"79":0,"80":0,"81":0,"82":0,"83":0,"84":0,"85":0,"86":0,"87":0,"88":0,"89":0,"90":0,"91":0,"92":0,"93":0,"94":0,"95":0,"96":0,"97":0,"98":0,"99":0,"100":0,"101":0,"102":0,"103":0,"104":0,"105":0,"106":0,"107":0},"f":{"0":6,"1":21,"2":0,"3":0,"4":0,"5":0,"6":0,"7":0,"8":0,"9":0},"b":{"0":[0,6],"1":[0,0],"2":[0,6],"3":[0,6],"4":[0,6],"5":[6,6],"6":[6,15],"7":[16,14],"8":[6,0],"9":[6,6,6],"10":[6,15],"11":[21,19,6],"12":[6,0],"13":[2,13],"14":[0,0],"15":[0,0],"16":[0],"17":[0],"18":[0],"19":[0,0],"20":[0,0],"21":[0,0],"22":[0,0],"23":[0,0],"24":[0,0],"25":[0,0],"26":[0,0],"27":[0,0],"28":[0,0],"29":[0,0],"30":[0,0],"31":[0,0],"32":[0,0],"33":[0,0],"34":[0,0],"35":[0,0],"36":[0,0],"37":[0,0]}}
,"/home/runner/work/UnoSim/UnoSim/server/mocks/arduino-mock.ts": {"path":"/home/runner/work/UnoSim/UnoSim/server/mocks/arduino-mock.ts","statementMap":{"0":{"start":{"line":16,"column":13},"end":{"line":16,"column":38}},"1":{"start":{"line":18,"column":13},"end":{"line":717,"column":2}},"2":{"start":{"line":719,"column":13},"end":{"line":719,"column":59}}},"fnMap":{},"branchMap":{},"s":{"0":5,"1":5,"2":5},"f":{},"b":{}}
,"/home/runner/work/UnoSim/UnoSim/server/services/arduino-compiler.ts": {"path":"/home/runner/work/UnoSim/UnoSim/server/services/arduino-compiler.ts","statementMap":{"0":{"start":{"line":3,"column":0},"end":{"line":3,"column":38}},"1":{"start":{"line":4,"column":0},"end":{"line":4,"column":51}},"2":{"start":{"line":5,"column":0},"end":{"line":5,"column":28}},"3":{"start":{"line":6,"column":0},"end":{"line":6,"column":36}},"4":{"start":{"line":7,"column":0},"end":{"line":7,"column":40}},"5":{"start":{"line":9,"column":0},"end":{"line":9,"column":49}},"6":{"start":{"line":25,"column":10},"end":{"line":25,"column":null}},"7":{"start":{"line":26,"column":10},"end":{"line":26,"column":null}},"8":{"start":{"line":33,"column":21},"end":{"line":33,"column":42}},"9":{"start":{"line":34,"column":4},"end":{"line":34,"column":35}},"10":{"start":{"line":35,"column":4},"end":{"line":35,"column":20}},"11":{"start":{"line":39,"column":4},"end":{"line":43,"column":5}},"12":{"start":{"line":40,"column":6},"end":{"line":40,"column":53}},"13":{"start":{"line":42,"column":6},"end":{"line":42,"column":109}},"14":{"start":{"line":47,"column":21},"end":{"line":47,"column":33}},"15":{"start":{"line":48,"column":22},"end":{"line":48,"column":50}},"16":{"start":{"line":49,"column":23},"end":{"line":49,"column":57}},"17":{"start":{"line":51,"column":71},"end":{"line":51,"column":77}},"18":{"start":{"line":52,"column":29},"end":{"line":52,"column":31}},"19":{"start":{"line":55,"column":19},"end":{"line":55,"column":35}},"20":{"start":{"line":56,"column":27},"end":{"line":56,"column":48}},"21":{"start":{"line":58,"column":4},"end":{"line":209,"column":5}},"22":{"start":{"line":60,"column":23},"end":{"line":60,"column":58}},"23":{"start":{"line":61,"column":22},"end":{"line":61,"column":56}},"24":{"start":{"line":63,"column":6},"end":{"line":76,"column":7}},"25":{"start":{"line":64,"column":33},"end":{"line":64,"column":35}},"26":{"start":{"line":65,"column":8},"end":{"line":65,"column":56}},"27":{"start":{"line":65,"column":23},"end":{"line":65,"column":56}},"28":{"start":{"line":66,"column":8},"end":{"line":66,"column":54}},"29":{"start":{"line":66,"column":22},"end":{"line":66,"column":54}},"30":{"start":{"line":68,"column":8},"end":{"line":75,"column":10}},"31":{"start":{"line":81,"column":32},"end":{"line":81,"column":74}},"32":{"start":{"line":83,"column":6},"end":{"line":99,"column":7}},"33":{"start":{"line":84,"column":8},"end":{"line":84,"column":113}},"34":{"start":{"line":86,"column":32},"end":{"line":88,"column":35}},"35":{"start":{"line":90,"column":8},"end":{"line":98,"column":9}},"36":{"start":{"line":91,"column":10},"end":{"line":91,"column":105}},"37":{"start":{"line":94,"column":32},"end":{"line":94,"column":88}},"38":{"start":{"line":95,"column":10},"end":{"line":97,"column":11}},"39":{"start":{"line":96,"column":12},"end":{"line":96,"column":136}},"40":{"start":{"line":102,"column":6},"end":{"line":102,"column":50}},"41":{"start":{"line":105,"column":26},"end":{"line":105,"column":30}},"42":{"start":{"line":106,"column":6},"end":{"line":137,"column":7}},"43":{"start":{"line":107,"column":8},"end":{"line":107,"column":79}},"44":{"start":{"line":108,"column":8},"end":{"line":136,"column":9}},"45":{"start":{"line":110,"column":35},"end":{"line":110,"column":71}},"46":{"start":{"line":113,"column":34},"end":{"line":116,"column":12}},"47":{"start":{"line":118,"column":22},"end":{"line":118,"column":27}},"48":{"start":{"line":119,"column":10},"end":{"line":131,"column":11}},"49":{"start":{"line":120,"column":12},"end":{"line":130,"column":13}},"50":{"start":{"line":121,"column":14},"end":{"line":121,"column":105}},"51":{"start":{"line":123,"column":14},"end":{"line":126,"column":16}},"52":{"start":{"line":127,"column":14},"end":{"line":127,"column":27}},"53":{"start":{"line":128,"column":14},"end":{"line":128,"column":77}},"54":{"start":{"line":129,"column":14},"end":{"line":129,"column":20}},"55":{"start":{"line":133,"column":10},"end":{"line":135,"column":11}},"56":{"start":{"line":134,"column":12},"end":{"line":134,"column":115}},"57":{"start":{"line":139,"column":6},"end":{"line":139,"column":49}},"58":{"start":{"line":142,"column":6},"end":{"line":149,"column":7}},"59":{"start":{"line":143,"column":8},"end":{"line":143,"column":89}},"60":{"start":{"line":144,"column":8},"end":{"line":148,"column":9}},"61":{"start":{"line":145,"column":29},"end":{"line":145,"column":57}},"62":{"start":{"line":146,"column":10},"end":{"line":146,"column":66}},"63":{"start":{"line":147,"column":10},"end":{"line":147,"column":54}},"64":{"start":{"line":152,"column":6},"end":{"line":152,"column":37}},"65":{"start":{"line":153,"column":24},"end":{"line":153,"column":68}},"66":{"start":{"line":155,"column":22},"end":{"line":155,"column":24}},"67":{"start":{"line":156,"column":22},"end":{"line":156,"column":24}},"68":{"start":{"line":158,"column":6},"end":{"line":169,"column":7}},"69":{"start":{"line":159,"column":8},"end":{"line":159,"column":35}},"70":{"start":{"line":160,"column":8},"end":{"line":160,"column":50}},"71":{"start":{"line":161,"column":13},"end":{"line":169,"column":7}},"72":{"start":{"line":162,"column":8},"end":{"line":162,"column":35}},"73":{"start":{"line":163,"column":8},"end":{"line":163,"column":23}},"74":{"start":{"line":164,"column":8},"end":{"line":164,"column":69}},"75":{"start":{"line":166,"column":8},"end":{"line":166,"column":37}},"76":{"start":{"line":167,"column":8},"end":{"line":167,"column":43}},"77":{"start":{"line":168,"column":8},"end":{"line":168,"column":43}},"78":{"start":{"line":172,"column":27},"end":{"line":172,"column":36}},"79":{"start":{"line":175,"column":6},"end":{"line":178,"column":7}},"80":{"start":{"line":176,"column":28},"end":{"line":176,"column":56}},"81":{"start":{"line":177,"column":8},"end":{"line":177,"column":92}},"82":{"start":{"line":181,"column":22},"end":{"line":181,"column":49}},"83":{"start":{"line":183,"column":6},"end":{"line":191,"column":8}},"84":{"start":{"line":194,"column":6},"end":{"line":202,"column":8}},"85":{"start":{"line":204,"column":6},"end":{"line":208,"column":7}},"86":{"start":{"line":205,"column":8},"end":{"line":205,"column":62}},"87":{"start":{"line":207,"column":8},"end":{"line":207,"column":72}},"88":{"start":{"line":213,"column":4},"end":{"line":275,"column":7}},"89":{"start":{"line":215,"column":24},"end":{"line":215,"column":76}},"90":{"start":{"line":217,"column":22},"end":{"line":222,"column":8}},"91":{"start":{"line":224,"column":19},"end":{"line":224,"column":21}},"92":{"start":{"line":225,"column":19},"end":{"line":225,"column":21}},"93":{"start":{"line":227,"column":6},"end":{"line":229,"column":9}},"94":{"start":{"line":228,"column":8},"end":{"line":228,"column":34}},"95":{"start":{"line":231,"column":6},"end":{"line":233,"column":9}},"96":{"start":{"line":232,"column":8},"end":{"line":232,"column":34}},"97":{"start":{"line":235,"column":6},"end":{"line":270,"column":9}},"98":{"start":{"line":236,"column":8},"end":{"line":269,"column":9}},"99":{"start":{"line":237,"column":32},"end":{"line":237,"column":84}},"100":{"start":{"line":238,"column":31},"end":{"line":238,"column":99}},"101":{"start":{"line":240,"column":32},"end":{"line":240,"column":59}},"102":{"start":{"line":241,"column":31},"end":{"line":241,"column":57}},"103":{"start":{"line":243,"column":29},"end":{"line":243,"column":31}},"104":{"start":{"line":244,"column":10},"end":{"line":248,"column":11}},"105":{"start":{"line":245,"column":12},"end":{"line":245,"column":91}},"106":{"start":{"line":247,"column":12},"end":{"line":247,"column":61}},"107":{"start":{"line":250,"column":10},"end":{"line":253,"column":13}},"108":{"start":{"line":257,"column":30},"end":{"line":257,"column":82}},"109":{"start":{"line":258,"column":32},"end":{"line":262,"column":19}},"110":{"start":{"line":264,"column":10},"end":{"line":268,"column":13}},"111":{"start":{"line":272,"column":6},"end":{"line":274,"column":9}},"112":{"start":{"line":273,"column":8},"end":{"line":273,"column":22}},"113":{"start":{"line":24,"column":0},"end":{"line":24,"column":13}},"114":{"start":{"line":279,"column":13},"end":{"line":279,"column":46}}},"fnMap":{"0":{"name":"(anonymous_0)","decl":{"start":{"line":28,"column":2},"end":{"line":28,"column":null}},"loc":{"start":{"line":28,"column":2},"end":{"line":30,"column":3}}},"1":{"name":"(anonymous_1)","decl":{"start":{"line":32,"column":2},"end":{"line":32,"column":8}},"loc":{"start":{"line":32,"column":21},"end":{"line":36,"column":3}}},"2":{"name":"(anonymous_2)","decl":{"start":{"line":38,"column":10},"end":{"line":38,"column":15}},"loc":{"start":{"line":38,"column":29},"end":{"line":44,"column":3}}},"3":{"name":"(anonymous_3)","decl":{"start":{"line":46,"column":2},"end":{"line":46,"column":7}},"loc":{"start":{"line":46,"column":80},"end":{"line":210,"column":3}}},"4":{"name":"(anonymous_4)","decl":{"start":{"line":212,"column":10},"end":{"line":212,"column":15}},"loc":{"start":{"line":212,"column":56},"end":{"line":276,"column":3}}},"5":{"name":"(anonymous_5)","decl":{"start":{"line":213,"column":23},"end":{"line":213,"column":24}},"loc":{"start":{"line":213,"column":35},"end":{"line":275,"column":5}}},"6":{"name":"(anonymous_6)","decl":{"start":{"line":227,"column":33},"end":{"line":227,"column":34}},"loc":{"start":{"line":227,"column":42},"end":{"line":229,"column":7}}},"7":{"name":"(anonymous_7)","decl":{"start":{"line":231,"column":33},"end":{"line":231,"column":34}},"loc":{"start":{"line":231,"column":42},"end":{"line":233,"column":7}}},"8":{"name":"(anonymous_8)","decl":{"start":{"line":235,"column":26},"end":{"line":235,"column":27}},"loc":{"start":{"line":235,"column":35},"end":{"line":270,"column":7}}},"9":{"name":"(anonymous_9)","decl":{"start":{"line":272,"column":26},"end":{"line":272,"column":29}},"loc":{"start":{"line":272,"column":31},"end":{"line":274,"column":7}}}},"branchMap":{"0":{"loc":{"start":{"line":42,"column":59},"end":{"line":42,"column":105}},"type":"cond-expr","locations":[{"start":{"line":42,"column":84},"end":{"line":42,"column":97}},{"start":{"line":42,"column":100},"end":{"line":42,"column":105}}]},"1":{"loc":{"start":{"line":63,"column":6},"end":{"line":76,"column":7}},"type":"if","locations":[{"start":{"line":63,"column":6},"end":{"line":76,"column":7}},{"start":{},"end":{}}]},"2":{"loc":{"start":{"line":63,"column":10},"end":{"line":63,"column":31}},"type":"binary-expr","locations":[{"start":{"line":63,"column":10},"end":{"line":63,"column":19}},{"start":{"line":63,"column":23},"end":{"line":63,"column":31}}]},"3":{"loc":{"start":{"line":65,"column":8},"end":{"line":65,"column":56}},"type":"if","locations":[{"start":{"line":65,"column":8},"end":{"line":65,"column":56}},{"start":{},"end":{}}]},"4":{"loc":{"start":{"line":66,"column":8},"end":{"line":66,"column":54}},"type":"if","locations":[{"start":{"line":66,"column":8},"end":{"line":66,"column":54}},{"start":{},"end":{}}]},"5":{"loc":{"start":{"line":83,"column":6},"end":{"line":99,"column":7}},"type":"if","locations":[{"start":{"line":83,"column":6},"end":{"line":99,"column":7}},{"start":{"line":85,"column":13},"end":{"line":99,"column":7}}]},"6":{"loc":{"start":{"line":90,"column":8},"end":{"line":98,"column":9}},"type":"if","locations":[{"start":{"line":90,"column":8},"end":{"line":98,"column":9}},{"start":{"line":92,"column":15},"end":{"line":98,"column":9}}]},"7":{"loc":{"start":{"line":95,"column":10},"end":{"line":97,"column":11}},"type":"if","locations":[{"start":{"line":95,"column":10},"end":{"line":97,"column":11}},{"start":{},"end":{}}]},"8":{"loc":{"start":{"line":95,"column":14},"end":{"line":95,"column":60}},"type":"binary-expr","locations":[{"start":{"line":95,"column":14},"end":{"line":95,"column":27}},{"start":{"line":95,"column":31},"end":{"line":95,"column":60}}]},"9":{"loc":{"start":{"line":106,"column":6},"end":{"line":137,"column":7}},"type":"if","locations":[{"start":{"line":106,"column":6},"end":{"line":137,"column":7}},{"start":{},"end":{}}]},"10":{"loc":{"start":{"line":106,"column":10},"end":{"line":106,"column":39}},"type":"binary-expr","locations":[{"start":{"line":106,"column":10},"end":{"line":106,"column":17}},{"start":{"line":106,"column":21},"end":{"line":106,"column":39}}]},"11":{"loc":{"start":{"line":120,"column":12},"end":{"line":130,"column":13}},"type":"if","locations":[{"start":{"line":120,"column":12},"end":{"line":130,"column":13}},{"start":{},"end":{}}]},"12":{"loc":{"start":{"line":133,"column":10},"end":{"line":135,"column":11}},"type":"if","locations":[{"start":{"line":133,"column":10},"end":{"line":135,"column":11}},{"start":{},"end":{}}]},"13":{"loc":{"start":{"line":142,"column":6},"end":{"line":149,"column":7}},"type":"if","locations":[{"start":{"line":142,"column":6},"end":{"line":149,"column":7}},{"start":{},"end":{}}]},"14":{"loc":{"start":{"line":142,"column":10},"end":{"line":142,"column":39}},"type":"binary-expr","locations":[{"start":{"line":142,"column":10},"end":{"line":142,"column":17}},{"start":{"line":142,"column":21},"end":{"line":142,"column":39}}]},"15":{"loc":{"start":{"line":158,"column":6},"end":{"line":169,"column":7}},"type":"if","locations":[{"start":{"line":158,"column":6},"end":{"line":169,"column":7}},{"start":{"line":161,"column":13},"end":{"line":169,"column":7}}]},"16":{"loc":{"start":{"line":161,"column":13},"end":{"line":169,"column":7}},"type":"if","locations":[{"start":{"line":161,"column":13},"end":{"line":169,"column":7}},{"start":{"line":165,"column":13},"end":{"line":169,"column":7}}]},"17":{"loc":{"start":{"line":164,"column":20},"end":{"line":164,"column":68}},"type":"binary-expr","locations":[{"start":{"line":164,"column":20},"end":{"line":164,"column":36}},{"start":{"line":164,"column":40},"end":{"line":164,"column":68}}]},"18":{"loc":{"start":{"line":167,"column":20},"end":{"line":167,"column":42}},"type":"binary-expr","locations":[{"start":{"line":167,"column":20},"end":{"line":167,"column":36}},{"start":{"line":167,"column":40},"end":{"line":167,"column":42}}]},"19":{"loc":{"start":{"line":168,"column":20},"end":{"line":168,"column":42}},"type":"binary-expr","locations":[{"start":{"line":168,"column":20},"end":{"line":168,"column":36}},{"start":{"line":168,"column":40},"end":{"line":168,"column":42}}]},"20":{"loc":{"start":{"line":175,"column":6},"end":{"line":178,"column":7}},"type":"if","locations":[{"start":{"line":175,"column":6},"end":{"line":178,"column":7}},{"start":{},"end":{}}]},"21":{"loc":{"start":{"line":177,"column":25},"end":{"line":177,"column":91}},"type":"cond-expr","locations":[{"start":{"line":177,"column":42},"end":{"line":177,"column":70}},{"start":{"line":177,"column":73},"end":{"line":177,"column":91}}]},"22":{"loc":{"start":{"line":181,"column":22},"end":{"line":181,"column":49}},"type":"binary-expr","locations":[{"start":{"line":181,"column":22},"end":{"line":181,"column":40}},{"start":{"line":181,"column":44},"end":{"line":181,"column":49}}]},"23":{"loc":{"start":{"line":186,"column":16},"end":{"line":186,"column":38}},"type":"binary-expr","locations":[{"start":{"line":186,"column":16},"end":{"line":186,"column":25}},{"start":{"line":186,"column":29},"end":{"line":186,"column":38}}]},"24":{"loc":{"start":{"line":197,"column":39},"end":{"line":197,"column":93}},"type":"cond-expr","locations":[{"start":{"line":197,"column":64},"end":{"line":197,"column":77}},{"start":{"line":197,"column":80},"end":{"line":197,"column":93}}]},"25":{"loc":{"start":{"line":198,"column":26},"end":{"line":198,"column":87}},"type":"cond-expr","locations":[{"start":{"line":198,"column":61},"end":{"line":198,"column":68}},{"start":{"line":198,"column":71},"end":{"line":198,"column":87}}]},"26":{"loc":{"start":{"line":236,"column":8},"end":{"line":269,"column":9}},"type":"if","locations":[{"start":{"line":236,"column":8},"end":{"line":269,"column":9}},{"start":{"line":254,"column":15},"end":{"line":269,"column":9}}]},"27":{"loc":{"start":{"line":244,"column":10},"end":{"line":248,"column":11}},"type":"if","locations":[{"start":{"line":244,"column":10},"end":{"line":248,"column":11}},{"start":{"line":246,"column":17},"end":{"line":248,"column":11}}]},"28":{"loc":{"start":{"line":244,"column":14},"end":{"line":244,"column":43}},"type":"binary-expr","locations":[{"start":{"line":244,"column":14},"end":{"line":244,"column":27}},{"start":{"line":244,"column":31},"end":{"line":244,"column":43}}]},"29":{"loc":{"start":{"line":267,"column":20},"end":{"line":267,"column":65}},"type":"binary-expr","locations":[{"start":{"line":267,"column":20},"end":{"line":267,"column":33}},{"start":{"line":267,"column":37},"end":{"line":267,"column":65}}]}},"s":{"0":4,"1":4,"2":4,"3":4,"4":4,"5":4,"6":32,"7":32,"8":11,"9":11,"10":11,"11":11,"12":11,"13":1,"14":26,"15":26,"16":26,"17":26,"18":26,"19":26,"20":26,"21":26,"22":26,"23":26,"24":26,"25":6,"26":6,"27":3,"28":6,"29":5,"30":6,"31":20,"32":20,"33":6,"34":14,"35":14,"36":1,"37":13,"38":13,"39":3,"40":20,"41":19,"42":19,"43":2,"44":2,"45":2,"46":2,"47":2,"48":2,"49":2,"50":2,"51":2,"52":2,"53":2,"54":2,"55":2,"56":0,"57":19,"58":18,"59":2,"60":2,"61":2,"62":2,"63":2,"64":18,"65":18,"66":18,"67":18,"68":18,"69":2,"70":2,"71":16,"72":2,"73":2,"74":2,"75":14,"76":14,"77":14,"78":18,"79":18,"80":10,"81":10,"82":18,"83":18,"84":2,"85":26,"86":26,"87":1,"88":14,"89":14,"90":14,"91":14,"92":14,"93":14,"94":12,"95":14,"96":1,"97":14,"98":13,"99":12,"100":12,"101":12,"102":12,"103":12,"104":12,"105":5,"106":7,"107":12,"108":1,"109":1,"110":1,"111":14,"112":1,"113":4,"114":4},"f":{"0":32,"1":11,"2":11,"3":26,"4":14,"5":14,"6":12,"7":1,"8":13,"9":1},"b":{"0":[1,0],"1":[6,20],"2":[26,23],"3":[3,3],"4":[5,1],"5":[6,14],"6":[1,13],"7":[3,10],"8":[13,13],"9":[2,17],"10":[19,2],"11":[2,0],"12":[0,2],"13":[2,16],"14":[18,2],"15":[2,16],"16":[2,14],"17":[2,0],"18":[14,0],"19":[14,14],"20":[10,8],"21":[6,4],"22":[18,2],"23":[18,14],"24":[2,0],"25":[0,2],"26":[12,1],"27":[5,7],"28":[12,5],"29":[1,0]}}
,"/home/runner/work/UnoSim/UnoSim/server/services/arduino-runner.ts": {"path":"/home/runner/work/UnoSim/UnoSim/server/services/arduino-runner.ts","statementMap":{"0":{"start":{"line":15,"column":0},"end":{"line":15,"column":16}},"1":{"start":{"line":3,"column":0},"end":{"line":3,"column":38}},"2":{"start":{"line":4,"column":0},"end":{"line":4,"column":47}},"3":{"start":{"line":5,"column":0},"end":{"line":5,"column":28}},"4":{"start":{"line":6,"column":0},"end":{"line":6,"column":36}},"5":{"start":{"line":7,"column":0},"end":{"line":7,"column":40}},"6":{"start":{"line":8,"column":0},"end":{"line":8,"column":58}},"7":{"start":{"line":12,"column":27},"end":{"line":12,"column":32}},"8":{"start":{"line":13,"column":29},"end":{"line":13,"column":31}},"9":{"start":{"line":16,"column":4},"end":{"line":16,"column":35}},"10":{"start":{"line":16,"column":25},"end":{"line":16,"column":35}},"11":{"start":{"line":17,"column":4},"end":{"line":17,"column":35}},"12":{"start":{"line":17,"column":26},"end":{"line":17,"column":35}},"13":{"start":{"line":18,"column":4},"end":{"line":18,"column":35}},"14":{"start":{"line":18,"column":26},"end":{"line":18,"column":35}},"15":{"start":{"line":19,"column":4},"end":{"line":19,"column":35}},"16":{"start":{"line":19,"column":26},"end":{"line":19,"column":35}},"17":{"start":{"line":20,"column":4},"end":{"line":20,"column":13}},"18":{"start":{"line":24,"column":4},"end":{"line":24,"column":null}},"19":{"start":{"line":25,"column":4},"end":{"line":25,"column":null}},"20":{"start":{"line":26,"column":4},"end":{"line":26,"column":null}},"21":{"start":{"line":27,"column":4},"end":{"line":27,"column":null}},"22":{"start":{"line":28,"column":12},"end":{"line":28,"column":null}},"23":{"start":{"line":29,"column":12},"end":{"line":29,"column":41}},"24":{"start":{"line":30,"column":12},"end":{"line":30,"column":null}},"25":{"start":{"line":31,"column":12},"end":{"line":31,"column":null}},"26":{"start":{"line":32,"column":12},"end":{"line":32,"column":31}},"27":{"start":{"line":33,"column":12},"end":{"line":33,"column":29}},"28":{"start":{"line":34,"column":12},"end":{"line":34,"column":37}},"29":{"start":{"line":37,"column":8},"end":{"line":38,"column":105}},"30":{"start":{"line":38,"column":27},"end":{"line":38,"column":101}},"31":{"start":{"line":52,"column":8},"end":{"line":52,"column":30}},"32":{"start":{"line":54,"column":8},"end":{"line":54,"column":31}},"33":{"start":{"line":55,"column":8},"end":{"line":55,"column":30}},"34":{"start":{"line":56,"column":8},"end":{"line":56,"column":37}},"35":{"start":{"line":57,"column":32},"end":{"line":57,"column":37}},"36":{"start":{"line":60,"column":26},"end":{"line":60,"column":77}},"37":{"start":{"line":61,"column":8},"end":{"line":61,"column":66}},"38":{"start":{"line":62,"column":8},"end":{"line":62,"column":62}},"39":{"start":{"line":64,"column":25},"end":{"line":64,"column":37}},"40":{"start":{"line":65,"column":26},"end":{"line":65,"column":54}},"41":{"start":{"line":66,"column":27},"end":{"line":66,"column":61}},"42":{"start":{"line":67,"column":24},"end":{"line":67,"column":58}},"43":{"start":{"line":69,"column":25},"end":{"line":69,"column":62}},"44":{"start":{"line":70,"column":24},"end":{"line":70,"column":60}},"45":{"start":{"line":72,"column":21},"end":{"line":80,"column":2}},"46":{"start":{"line":82,"column":8},"end":{"line":82,"column":49}},"47":{"start":{"line":82,"column":22},"end":{"line":82,"column":49}},"48":{"start":{"line":83,"column":8},"end":{"line":83,"column":57}},"49":{"start":{"line":83,"column":21},"end":{"line":83,"column":57}},"50":{"start":{"line":85,"column":8},"end":{"line":89,"column":2}},"51":{"start":{"line":91,"column":8},"end":{"line":93,"column":9}},"52":{"start":{"line":92,"column":12},"end":{"line":92,"column":109}},"53":{"start":{"line":95,"column":8},"end":{"line":234,"column":9}},"54":{"start":{"line":96,"column":12},"end":{"line":96,"column":56}},"55":{"start":{"line":99,"column":32},"end":{"line":99,"column":82}},"56":{"start":{"line":100,"column":29},"end":{"line":100,"column":129}},"57":{"start":{"line":101,"column":12},"end":{"line":101,"column":50}},"58":{"start":{"line":103,"column":12},"end":{"line":144,"column":15}},"59":{"start":{"line":104,"column":32},"end":{"line":104,"column":73}},"60":{"start":{"line":105,"column":34},"end":{"line":105,"column":36}},"61":{"start":{"line":106,"column":32},"end":{"line":106,"column":37}},"62":{"start":{"line":108,"column":16},"end":{"line":108,"column":80}},"63":{"start":{"line":108,"column":49},"end":{"line":108,"column":77}},"64":{"start":{"line":109,"column":16},"end":{"line":122,"column":19}},"65":{"start":{"line":110,"column":20},"end":{"line":110,"column":37}},"66":{"start":{"line":111,"column":20},"end":{"line":121,"column":21}},"67":{"start":{"line":112,"column":24},"end":{"line":112,"column":34}},"68":{"start":{"line":114,"column":24},"end":{"line":114,"column":92}},"69":{"start":{"line":115,"column":24},"end":{"line":115,"column":49}},"70":{"start":{"line":117,"column":24},"end":{"line":119,"column":25}},"71":{"start":{"line":118,"column":26},"end":{"line":118,"column":54}},"72":{"start":{"line":120,"column":24},"end":{"line":120,"column":55}},"73":{"start":{"line":123,"column":16},"end":{"line":131,"column":19}},"74":{"start":{"line":124,"column":20},"end":{"line":124,"column":37}},"75":{"start":{"line":125,"column":20},"end":{"line":125,"column":80}},"76":{"start":{"line":126,"column":20},"end":{"line":126,"column":45}},"77":{"start":{"line":127,"column":20},"end":{"line":129,"column":21}},"78":{"start":{"line":128,"column":22},"end":{"line":128,"column":79}},"79":{"start":{"line":130,"column":20},"end":{"line":130,"column":32}},"80":{"start":{"line":133,"column":16},"end":{"line":143,"column":26}},"81":{"start":{"line":134,"column":20},"end":{"line":142,"column":21}},"82":{"start":{"line":135,"column":24},"end":{"line":135,"column":48}},"83":{"start":{"line":136,"column":24},"end":{"line":136,"column":66}},"84":{"start":{"line":137,"column":24},"end":{"line":137,"column":49}},"85":{"start":{"line":138,"column":24},"end":{"line":140,"column":25}},"86":{"start":{"line":139,"column":26},"end":{"line":139,"column":66}},"87":{"start":{"line":141,"column":24},"end":{"line":141,"column":67}},"88":{"start":{"line":146,"column":12},"end":{"line":146,"column":39}},"89":{"start":{"line":147,"column":12},"end":{"line":147,"column":42}},"90":{"start":{"line":149,"column":28},"end":{"line":155,"column":25}},"91":{"start":{"line":150,"column":16},"end":{"line":154,"column":17}},"92":{"start":{"line":151,"column":20},"end":{"line":151,"column":49}},"93":{"start":{"line":152,"column":20},"end":{"line":152,"column":88}},"94":{"start":{"line":153,"column":20},"end":{"line":153,"column":82}},"95":{"start":{"line":158,"column":12},"end":{"line":165,"column":15}},"96":{"start":{"line":159,"column":28},"end":{"line":159,"column":43}},"97":{"start":{"line":160,"column":16},"end":{"line":160,"column":45}},"98":{"start":{"line":160,"column":38},"end":{"line":160,"column":45}},"99":{"start":{"line":161,"column":16},"end":{"line":161,"column":44}},"100":{"start":{"line":162,"column":16},"end":{"line":162,"column":53}},"101":{"start":{"line":164,"column":16},"end":{"line":164,"column":72}},"102":{"start":{"line":164,"column":43},"end":{"line":164,"column":72}},"103":{"start":{"line":167,"column":12},"end":{"line":201,"column":15}},"104":{"start":{"line":168,"column":28},"end":{"line":168,"column":43}},"105":{"start":{"line":169,"column":16},"end":{"line":169,"column":40}},"106":{"start":{"line":172,"column":30},"end":{"line":172,"column":61}},"107":{"start":{"line":173,"column":16},"end":{"line":173,"column":53}},"108":{"start":{"line":175,"column":16},"end":{"line":200,"column":19}},"109":{"start":{"line":176,"column":20},"end":{"line":199,"column":21}},"110":{"start":{"line":178,"column":45},"end":{"line":178,"column":87}},"111":{"start":{"line":179,"column":46},"end":{"line":179,"column":89}},"112":{"start":{"line":180,"column":44},"end":{"line":180,"column":85}},"113":{"start":{"line":182,"column":24},"end":{"line":198,"column":25}},"114":{"start":{"line":183,"column":40},"end":{"line":183,"column":65}},"115":{"start":{"line":184,"column":41},"end":{"line":184,"column":66}},"116":{"start":{"line":185,"column":28},"end":{"line":185,"column":58}},"117":{"start":{"line":186,"column":31},"end":{"line":198,"column":25}},"118":{"start":{"line":187,"column":40},"end":{"line":187,"column":66}},"119":{"start":{"line":188,"column":42},"end":{"line":188,"column":68}},"120":{"start":{"line":189,"column":28},"end":{"line":189,"column":60}},"121":{"start":{"line":190,"column":31},"end":{"line":198,"column":25}},"122":{"start":{"line":191,"column":40},"end":{"line":191,"column":64}},"123":{"start":{"line":192,"column":42},"end":{"line":192,"column":66}},"124":{"start":{"line":193,"column":28},"end":{"line":193,"column":58}},"125":{"start":{"line":196,"column":28},"end":{"line":196,"column":87}},"126":{"start":{"line":197,"column":28},"end":{"line":197,"column":42}},"127":{"start":{"line":203,"column":12},"end":{"line":224,"column":15}},"128":{"start":{"line":204,"column":16},"end":{"line":204,"column":38}},"129":{"start":{"line":207,"column":20},"end":{"line":212,"column":21}},"130":{"start":{"line":208,"column":38},"end":{"line":208,"column":64}},"131":{"start":{"line":209,"column":38},"end":{"line":209,"column":65}},"132":{"start":{"line":210,"column":43},"end":{"line":210,"column":63}},"133":{"start":{"line":211,"column":24},"end":{"line":211,"column":74}},"134":{"start":{"line":211,"column":46},"end":{"line":211,"column":74}},"135":{"start":{"line":214,"column":20},"end":{"line":216,"column":21}},"136":{"start":{"line":215,"column":24},"end":{"line":215,"column":65}},"137":{"start":{"line":217,"column":16},"end":{"line":220,"column":17}},"138":{"start":{"line":218,"column":20},"end":{"line":218,"column":92}},"139":{"start":{"line":219,"column":20},"end":{"line":219,"column":53}},"140":{"start":{"line":222,"column":16},"end":{"line":222,"column":54}},"141":{"start":{"line":222,"column":41},"end":{"line":222,"column":54}},"142":{"start":{"line":223,"column":16},"end":{"line":223,"column":36}},"143":{"start":{"line":226,"column":12},"end":{"line":226,"column":115}},"144":{"start":{"line":229,"column":12},"end":{"line":231,"column":13}},"145":{"start":{"line":230,"column":16},"end":{"line":230,"column":74}},"146":{"start":{"line":232,"column":12},"end":{"line":232,"column":23}},"147":{"start":{"line":233,"column":12},"end":{"line":233,"column":32}},"148":{"start":{"line":238,"column":8},"end":{"line":238,"column":73}},"149":{"start":{"line":239,"column":8},"end":{"line":244,"column":9}},"150":{"start":{"line":240,"column":12},"end":{"line":240,"column":51}},"151":{"start":{"line":241,"column":12},"end":{"line":241,"column":75}},"152":{"start":{"line":243,"column":12},"end":{"line":243,"column":77}},"153":{"start":{"line":249,"column":8},"end":{"line":252,"column":9}},"154":{"start":{"line":250,"column":12},"end":{"line":250,"column":41}},"155":{"start":{"line":251,"column":12},"end":{"line":251,"column":19}},"156":{"start":{"line":254,"column":8},"end":{"line":254,"column":36}},"157":{"start":{"line":256,"column":22},"end":{"line":256,"column":48}},"158":{"start":{"line":257,"column":8},"end":{"line":257,"column":84}},"159":{"start":{"line":260,"column":24},"end":{"line":260,"column":29}},"160":{"start":{"line":261,"column":8},"end":{"line":267,"column":9}},"161":{"start":{"line":263,"column":12},"end":{"line":263,"column":47}},"162":{"start":{"line":263,"column":41},"end":{"line":263,"column":47}},"163":{"start":{"line":264,"column":25},"end":{"line":264,"column":51}},"164":{"start":{"line":265,"column":12},"end":{"line":265,"column":87}},"165":{"start":{"line":266,"column":12},"end":{"line":266,"column":30}},"166":{"start":{"line":269,"column":8},"end":{"line":275,"column":9}},"167":{"start":{"line":271,"column":12},"end":{"line":271,"column":49}},"168":{"start":{"line":272,"column":12},"end":{"line":272,"column":55}},"169":{"start":{"line":273,"column":12},"end":{"line":273,"column":41}},"170":{"start":{"line":274,"column":12},"end":{"line":274,"column":19}},"171":{"start":{"line":278,"column":22},"end":{"line":278,"column":48}},"172":{"start":{"line":279,"column":21},"end":{"line":279,"column":30}},"173":{"start":{"line":280,"column":25},"end":{"line":280,"column":30}},"174":{"start":{"line":282,"column":8},"end":{"line":293,"column":9}},"175":{"start":{"line":283,"column":12},"end":{"line":283,"column":30}},"176":{"start":{"line":284,"column":12},"end":{"line":284,"column":30}},"177":{"start":{"line":285,"column":30},"end":{"line":285,"column":53}},"178":{"start":{"line":286,"column":12},"end":{"line":289,"column":13}},"179":{"start":{"line":287,"column":16},"end":{"line":287,"column":53}},"180":{"start":{"line":288,"column":16},"end":{"line":288,"column":59}},"181":{"start":{"line":291,"column":12},"end":{"line":291,"column":50}},"182":{"start":{"line":292,"column":12},"end":{"line":292,"column":69}},"183":{"start":{"line":292,"column":28},"end":{"line":292,"column":69}},"184":{"start":{"line":295,"column":8},"end":{"line":295,"column":60}},"185":{"start":{"line":295,"column":31},"end":{"line":295,"column":60}},"186":{"start":{"line":297,"column":30},"end":{"line":297,"column":73}},"187":{"start":{"line":298,"column":28},"end":{"line":298,"column":57}},"188":{"start":{"line":299,"column":27},"end":{"line":299,"column":110}},"189":{"start":{"line":301,"column":8},"end":{"line":304,"column":23}},"190":{"start":{"line":302,"column":12},"end":{"line":302,"column":41}},"191":{"start":{"line":303,"column":12},"end":{"line":303,"column":75}},"192":{"start":{"line":303,"column":46},"end":{"line":303,"column":75}},"193":{"start":{"line":308,"column":8},"end":{"line":308,"column":31}},"194":{"start":{"line":309,"column":8},"end":{"line":309,"column":34}},"195":{"start":{"line":311,"column":8},"end":{"line":314,"column":9}},"196":{"start":{"line":312,"column":12},"end":{"line":312,"column":41}},"197":{"start":{"line":313,"column":12},"end":{"line":313,"column":32}},"198":{"start":{"line":317,"column":8},"end":{"line":317,"column":31}},"199":{"start":{"line":318,"column":8},"end":{"line":318,"column":30}},"200":{"start":{"line":319,"column":8},"end":{"line":319,"column":31}},"201":{"start":{"line":320,"column":8},"end":{"line":320,"column":35}},"202":{"start":{"line":321,"column":8},"end":{"line":321,"column":37}},"203":{"start":{"line":23,"column":0},"end":{"line":23,"column":13}},"204":{"start":{"line":325,"column":13},"end":{"line":325,"column":49}}},"fnMap":{"0":{"name":"getCharDelayMs","decl":{"start":{"line":15,"column":16},"end":{"line":15,"column":30}},"loc":{"start":{"line":15,"column":47},"end":{"line":21,"column":1}}},"1":{"name":"(anonymous_1)","decl":{"start":{"line":36,"column":4},"end":{"line":36,"column":null}},"loc":{"start":{"line":36,"column":4},"end":{"line":39,"column":5}}},"2":{"name":"(anonymous_2)","decl":{"start":{"line":38,"column":19},"end":{"line":38,"column":22}},"loc":{"start":{"line":38,"column":24},"end":{"line":38,"column":103}}},"3":{"name":"(anonymous_3)","decl":{"start":{"line":41,"column":4},"end":{"line":41,"column":9}},"loc":{"start":{"line":48,"column":34},"end":{"line":235,"column":5}}},"4":{"name":"(anonymous_4)","decl":{"start":{"line":103,"column":36},"end":{"line":103,"column":37}},"loc":{"start":{"line":103,"column":56},"end":{"line":144,"column":13}}},"5":{"name":"(anonymous_5)","decl":{"start":{"line":108,"column":42},"end":{"line":108,"column":43}},"loc":{"start":{"line":108,"column":46},"end":{"line":108,"column":78}}},"6":{"name":"(anonymous_6)","decl":{"start":{"line":109,"column":36},"end":{"line":109,"column":37}},"loc":{"start":{"line":109,"column":45},"end":{"line":122,"column":17}}},"7":{"name":"(anonymous_7)","decl":{"start":{"line":123,"column":36},"end":{"line":123,"column":39}},"loc":{"start":{"line":123,"column":42},"end":{"line":131,"column":17}}},"8":{"name":"(anonymous_8)","decl":{"start":{"line":133,"column":27},"end":{"line":133,"column":30}},"loc":{"start":{"line":133,"column":32},"end":{"line":143,"column":17}}},"9":{"name":"(anonymous_9)","decl":{"start":{"line":149,"column":39},"end":{"line":149,"column":42}},"loc":{"start":{"line":149,"column":44},"end":{"line":155,"column":13}}},"10":{"name":"(anonymous_10)","decl":{"start":{"line":158,"column":44},"end":{"line":158,"column":45}},"loc":{"start":{"line":158,"column":53},"end":{"line":165,"column":13}}},"11":{"name":"(anonymous_11)","decl":{"start":{"line":167,"column":44},"end":{"line":167,"column":45}},"loc":{"start":{"line":167,"column":53},"end":{"line":201,"column":13}}},"12":{"name":"(anonymous_12)","decl":{"start":{"line":175,"column":30},"end":{"line":175,"column":34}},"loc":{"start":{"line":175,"column":37},"end":{"line":200,"column":17}}},"13":{"name":"(anonymous_13)","decl":{"start":{"line":203,"column":37},"end":{"line":203,"column":38}},"loc":{"start":{"line":203,"column":46},"end":{"line":224,"column":13}}},"14":{"name":"(anonymous_14)","decl":{"start":{"line":237,"column":4},"end":{"line":237,"column":19}},"loc":{"start":{"line":237,"column":33},"end":{"line":245,"column":5}}},"15":{"name":"(anonymous_15)","decl":{"start":{"line":248,"column":12},"end":{"line":248,"column":25}},"loc":{"start":{"line":248,"column":80},"end":{"line":305,"column":5}}},"16":{"name":"(anonymous_16)","decl":{"start":{"line":301,"column":19},"end":{"line":301,"column":22}},"loc":{"start":{"line":301,"column":24},"end":{"line":304,"column":9}}},"17":{"name":"(anonymous_17)","decl":{"start":{"line":307,"column":4},"end":{"line":307,"column":8}},"loc":{"start":{"line":307,"column":8},"end":{"line":322,"column":5}}}},"branchMap":{"0":{"loc":{"start":{"line":16,"column":4},"end":{"line":16,"column":35}},"type":"if","locations":[{"start":{"line":16,"column":4},"end":{"line":16,"column":35}},{"start":{},"end":{}}]},"1":{"loc":{"start":{"line":17,"column":4},"end":{"line":17,"column":35}},"type":"if","locations":[{"start":{"line":17,"column":4},"end":{"line":17,"column":35}},{"start":{},"end":{}}]},"2":{"loc":{"start":{"line":18,"column":4},"end":{"line":18,"column":35}},"type":"if","locations":[{"start":{"line":18,"column":4},"end":{"line":18,"column":35}},{"start":{},"end":{}}]},"3":{"loc":{"start":{"line":19,"column":4},"end":{"line":19,"column":35}},"type":"if","locations":[{"start":{"line":19,"column":4},"end":{"line":19,"column":35}},{"start":{},"end":{}}]},"4":{"loc":{"start":{"line":48,"column":8},"end":{"line":48,"column":34}},"type":"default-arg","locations":[{"start":{"line":48,"column":28},"end":{"line":48,"column":34}}]},"5":{"loc":{"start":{"line":61,"column":24},"end":{"line":61,"column":65}},"type":"cond-expr","locations":[{"start":{"line":61,"column":36},"end":{"line":61,"column":58}},{"start":{"line":61,"column":61},"end":{"line":61,"column":65}}]},"6":{"loc":{"start":{"line":82,"column":8},"end":{"line":82,"column":49}},"type":"if","locations":[{"start":{"line":82,"column":8},"end":{"line":82,"column":49}},{"start":{},"end":{}}]},"7":{"loc":{"start":{"line":83,"column":8},"end":{"line":83,"column":57}},"type":"if","locations":[{"start":{"line":83,"column":8},"end":{"line":83,"column":57}},{"start":{},"end":{}}]},"8":{"loc":{"start":{"line":91,"column":8},"end":{"line":93,"column":9}},"type":"if","locations":[{"start":{"line":91,"column":8},"end":{"line":93,"column":9}},{"start":{},"end":{}}]},"9":{"loc":{"start":{"line":91,"column":12},"end":{"line":91,"column":33}},"type":"binary-expr","locations":[{"start":{"line":91,"column":12},"end":{"line":91,"column":21}},{"start":{"line":91,"column":25},"end":{"line":91,"column":33}}]},"10":{"loc":{"start":{"line":111,"column":20},"end":{"line":121,"column":21}},"type":"if","locations":[{"start":{"line":111,"column":20},"end":{"line":121,"column":21}},{"start":{"line":113,"column":27},"end":{"line":121,"column":21}}]},"11":{"loc":{"start":{"line":117,"column":24},"end":{"line":119,"column":25}},"type":"if","locations":[{"start":{"line":117,"column":24},"end":{"line":119,"column":25}},{"start":{},"end":{}}]},"12":{"loc":{"start":{"line":127,"column":20},"end":{"line":129,"column":21}},"type":"if","locations":[{"start":{"line":127,"column":20},"end":{"line":129,"column":21}},{"start":{},"end":{}}]},"13":{"loc":{"start":{"line":134,"column":20},"end":{"line":142,"column":21}},"type":"if","locations":[{"start":{"line":134,"column":20},"end":{"line":142,"column":21}},{"start":{},"end":{}}]},"14":{"loc":{"start":{"line":138,"column":24},"end":{"line":140,"column":25}},"type":"if","locations":[{"start":{"line":138,"column":24},"end":{"line":140,"column":25}},{"start":{},"end":{}}]},"15":{"loc":{"start":{"line":150,"column":16},"end":{"line":154,"column":17}},"type":"if","locations":[{"start":{"line":150,"column":16},"end":{"line":154,"column":17}},{"start":{},"end":{}}]},"16":{"loc":{"start":{"line":160,"column":16},"end":{"line":160,"column":45}},"type":"if","locations":[{"start":{"line":160,"column":16},"end":{"line":160,"column":45}},{"start":{},"end":{}}]},"17":{"loc":{"start":{"line":164,"column":16},"end":{"line":164,"column":72}},"type":"if","locations":[{"start":{"line":164,"column":16},"end":{"line":164,"column":72}},{"start":{},"end":{}}]},"18":{"loc":{"start":{"line":173,"column":35},"end":{"line":173,"column":52}},"type":"binary-expr","locations":[{"start":{"line":173,"column":35},"end":{"line":173,"column":46}},{"start":{"line":173,"column":50},"end":{"line":173,"column":52}}]},"19":{"loc":{"start":{"line":176,"column":20},"end":{"line":199,"column":21}},"type":"if","locations":[{"start":{"line":176,"column":20},"end":{"line":199,"column":21}},{"start":{},"end":{}}]},"20":{"loc":{"start":{"line":182,"column":24},"end":{"line":198,"column":25}},"type":"if","locations":[{"start":{"line":182,"column":24},"end":{"line":198,"column":25}},{"start":{"line":186,"column":31},"end":{"line":198,"column":25}}]},"21":{"loc":{"start":{"line":182,"column":28},"end":{"line":182,"column":54}},"type":"binary-expr","locations":[{"start":{"line":182,"column":28},"end":{"line":182,"column":40}},{"start":{"line":182,"column":44},"end":{"line":182,"column":54}}]},"22":{"loc":{"start":{"line":186,"column":31},"end":{"line":198,"column":25}},"type":"if","locations":[{"start":{"line":186,"column":31},"end":{"line":198,"column":25}},{"start":{"line":190,"column":31},"end":{"line":198,"column":25}}]},"23":{"loc":{"start":{"line":186,"column":35},"end":{"line":186,"column":62}},"type":"binary-expr","locations":[{"start":{"line":186,"column":35},"end":{"line":186,"column":48}},{"start":{"line":186,"column":52},"end":{"line":186,"column":62}}]},"24":{"loc":{"start":{"line":190,"column":31},"end":{"line":198,"column":25}},"type":"if","locations":[{"start":{"line":190,"column":31},"end":{"line":198,"column":25}},{"start":{"line":194,"column":31},"end":{"line":198,"column":25}}]},"25":{"loc":{"start":{"line":190,"column":35},"end":{"line":190,"column":60}},"type":"binary-expr","locations":[{"start":{"line":190,"column":35},"end":{"line":190,"column":46}},{"start":{"line":190,"column":50},"end":{"line":190,"column":60}}]},"26":{"loc":{"start":{"line":211,"column":24},"end":{"line":211,"column":74}},"type":"if","locations":[{"start":{"line":211,"column":24},"end":{"line":211,"column":74}},{"start":{},"end":{}}]},"27":{"loc":{"start":{"line":214,"column":20},"end":{"line":216,"column":21}},"type":"if","locations":[{"start":{"line":214,"column":20},"end":{"line":216,"column":21}},{"start":{},"end":{}}]},"28":{"loc":{"start":{"line":214,"column":24},"end":{"line":214,"column":69}},"type":"binary-expr","locations":[{"start":{"line":214,"column":24},"end":{"line":214,"column":41}},{"start":{"line":214,"column":45},"end":{"line":214,"column":69}}]},"29":{"loc":{"start":{"line":217,"column":16},"end":{"line":220,"column":17}},"type":"if","locations":[{"start":{"line":217,"column":16},"end":{"line":220,"column":17}},{"start":{},"end":{}}]},"30":{"loc":{"start":{"line":222,"column":16},"end":{"line":222,"column":54}},"type":"if","locations":[{"start":{"line":222,"column":16},"end":{"line":222,"column":54}},{"start":{},"end":{}}]},"31":{"loc":{"start":{"line":226,"column":63},"end":{"line":226,"column":111}},"type":"cond-expr","locations":[{"start":{"line":226,"column":86},"end":{"line":226,"column":97}},{"start":{"line":226,"column":100},"end":{"line":226,"column":111}}]},"32":{"loc":{"start":{"line":229,"column":12},"end":{"line":231,"column":13}},"type":"if","locations":[{"start":{"line":229,"column":12},"end":{"line":231,"column":13}},{"start":{},"end":{}}]},"33":{"loc":{"start":{"line":230,"column":24},"end":{"line":230,"column":72}},"type":"cond-expr","locations":[{"start":{"line":230,"column":47},"end":{"line":230,"column":58}},{"start":{"line":230,"column":61},"end":{"line":230,"column":72}}]},"34":{"loc":{"start":{"line":239,"column":8},"end":{"line":244,"column":9}},"type":"if","locations":[{"start":{"line":239,"column":8},"end":{"line":244,"column":9}},{"start":{"line":242,"column":15},"end":{"line":244,"column":9}}]},"35":{"loc":{"start":{"line":239,"column":12},"end":{"line":239,"column":88}},"type":"binary-expr","locations":[{"start":{"line":239,"column":12},"end":{"line":239,"column":26}},{"start":{"line":239,"column":30},"end":{"line":239,"column":42}},{"start":{"line":239,"column":46},"end":{"line":239,"column":64}},{"start":{"line":239,"column":68},"end":{"line":239,"column":88}}]},"36":{"loc":{"start":{"line":249,"column":8},"end":{"line":252,"column":9}},"type":"if","locations":[{"start":{"line":249,"column":8},"end":{"line":252,"column":9}},{"start":{},"end":{}}]},"37":{"loc":{"start":{"line":249,"column":12},"end":{"line":249,"column":61}},"type":"binary-expr","locations":[{"start":{"line":249,"column":12},"end":{"line":249,"column":27}},{"start":{"line":249,"column":31},"end":{"line":249,"column":61}}]},"38":{"loc":{"start":{"line":261,"column":15},"end":{"line":261,"column":69}},"type":"binary-expr","locations":[{"start":{"line":261,"column":15},"end":{"line":261,"column":43}},{"start":{"line":261,"column":47},"end":{"line":261,"column":69}}]},"39":{"loc":{"start":{"line":263,"column":12},"end":{"line":263,"column":47}},"type":"if","locations":[{"start":{"line":263,"column":12},"end":{"line":263,"column":47}},{"start":{},"end":{}}]},"40":{"loc":{"start":{"line":269,"column":8},"end":{"line":275,"column":9}},"type":"if","locations":[{"start":{"line":269,"column":8},"end":{"line":275,"column":9}},{"start":{},"end":{}}]},"41":{"loc":{"start":{"line":282,"column":8},"end":{"line":293,"column":9}},"type":"if","locations":[{"start":{"line":282,"column":8},"end":{"line":293,"column":9}},{"start":{"line":290,"column":15},"end":{"line":293,"column":9}}]},"42":{"loc":{"start":{"line":282,"column":12},"end":{"line":282,"column":74}},"type":"binary-expr","locations":[{"start":{"line":282,"column":12},"end":{"line":282,"column":28}},{"start":{"line":282,"column":33},"end":{"line":282,"column":50}},{"start":{"line":282,"column":54},"end":{"line":282,"column":73}}]},"43":{"loc":{"start":{"line":286,"column":12},"end":{"line":289,"column":13}},"type":"if","locations":[{"start":{"line":286,"column":12},"end":{"line":289,"column":13}},{"start":{},"end":{}}]},"44":{"loc":{"start":{"line":292,"column":12},"end":{"line":292,"column":69}},"type":"if","locations":[{"start":{"line":292,"column":12},"end":{"line":292,"column":69}},{"start":{},"end":{}}]},"45":{"loc":{"start":{"line":295,"column":8},"end":{"line":295,"column":60}},"type":"if","locations":[{"start":{"line":295,"column":8},"end":{"line":295,"column":60}},{"start":{},"end":{}}]},"46":{"loc":{"start":{"line":303,"column":12},"end":{"line":303,"column":75}},"type":"if","locations":[{"start":{"line":303,"column":12},"end":{"line":303,"column":75}},{"start":{},"end":{}}]},"47":{"loc":{"start":{"line":311,"column":8},"end":{"line":314,"column":9}},"type":"if","locations":[{"start":{"line":311,"column":8},"end":{"line":314,"column":9}},{"start":{},"end":{}}]}},"s":{"0":2,"1":2,"2":2,"3":2,"4":2,"5":2,"6":2,"7":2,"8":2,"9":10,"10":1,"11":9,"12":1,"13":8,"14":1,"15":7,"16":1,"17":6,"18":20,"19":20,"20":20,"21":20,"22":20,"23":20,"24":20,"25":20,"26":20,"27":20,"28":20,"29":20,"30":1,"31":15,"32":15,"33":15,"34":15,"35":15,"36":15,"37":15,"38":15,"39":15,"40":15,"41":15,"42":15,"43":15,"44":15,"45":15,"46":15,"47":14,"48":15,"49":11,"50":15,"51":15,"52":1,"53":15,"54":15,"55":15,"56":15,"57":15,"58":15,"59":15,"60":15,"61":15,"62":15,"63":1,"64":15,"65":13,"66":13,"67":12,"68":1,"69":1,"70":1,"71":1,"72":1,"73":15,"74":1,"75":1,"76":1,"77":1,"78":1,"79":1,"80":15,"81":2,"82":1,"83":1,"84":1,"85":1,"86":1,"87":1,"88":12,"89":12,"90":12,"91":1,"92":1,"93":1,"94":1,"95":12,"96":6,"97":6,"98":0,"99":6,"100":6,"101":6,"102":6,"103":12,"104":3,"105":3,"106":3,"107":3,"108":3,"109":1,"110":1,"111":1,"112":1,"113":1,"114":0,"115":0,"116":0,"117":1,"118":0,"119":0,"120":0,"121":1,"122":0,"123":0,"124":0,"125":1,"126":1,"127":12,"128":8,"129":8,"130":2,"131":2,"132":2,"133":2,"134":1,"135":8,"136":0,"137":8,"138":1,"139":1,"140":8,"141":7,"142":8,"143":3,"144":3,"145":0,"146":3,"147":3,"148":3,"149":3,"150":1,"151":1,"152":2,"153":7,"154":0,"155":0,"156":7,"157":7,"158":7,"159":7,"160":7,"161":1,"162":0,"163":1,"164":1,"165":1,"166":7,"167":2,"168":2,"169":2,"170":2,"171":5,"172":5,"173":5,"174":5,"175":5,"176":5,"177":5,"178":5,"179":2,"180":2,"181":0,"182":0,"183":0,"184":5,"185":4,"186":5,"187":5,"188":5,"189":5,"190":4,"191":4,"192":1,"193":5,"194":5,"195":5,"196":4,"197":4,"198":5,"199":5,"200":5,"201":5,"202":5,"203":2,"204":2},"f":{"0":10,"1":20,"2":1,"3":15,"4":15,"5":1,"6":13,"7":1,"8":2,"9":1,"10":6,"11":3,"12":1,"13":8,"14":3,"15":7,"16":4,"17":5},"b":{"0":[1,9],"1":[1,8],"2":[1,7],"3":[1,6],"4":[15],"5":[0,15],"6":[14,1],"7":[11,4],"8":[1,14],"9":[15,1],"10":[12,1],"11":[1,0],"12":[1,0],"13":[1,1],"14":[1,0],"15":[1,0],"16":[0,6],"17":[6,0],"18":[3,1],"19":[1,0],"20":[0,1],"21":[1,0],"22":[0,1],"23":[1,0],"24":[0,1],"25":[1,0],"26":[1,1],"27":[0,8],"28":[8,0],"29":[1,7],"30":[7,1],"31":[3,0],"32":[0,3],"33":[0,0],"34":[1,2],"35":[3,2,2,2],"36":[0,7],"37":[7,7],"38":[8,1],"39":[0,1],"40":[2,5],"41":[5,0],"42":[5,5,2],"43":[2,3],"44":[0,0],"45":[4,1],"46":[1,3],"47":[4,1]}}
,"/home/runner/work/UnoSim/UnoSim/shared/code-parser.ts": {"path":"/home/runner/work/UnoSim/UnoSim/shared/code-parser.ts","statementMap":{"0":{"start":{"line":7,"column":2},"end":{"line":9,"column":3}},"1":{"start":{"line":8,"column":4},"end":{"line":8,"column":31}},"2":{"start":{"line":11,"column":2},"end":{"line":15,"column":5}},"3":{"start":{"line":12,"column":14},"end":{"line":12,"column":36}},"4":{"start":{"line":13,"column":14},"end":{"line":13,"column":45}},"5":{"start":{"line":14,"column":4},"end":{"line":14,"column":26}},"6":{"start":{"line":23,"column":38},"end":{"line":23,"column":40}},"7":{"start":{"line":26,"column":28},"end":{"line":26,"column":53}},"8":{"start":{"line":29,"column":30},"end":{"line":29,"column":78}},"9":{"start":{"line":30,"column":30},"end":{"line":30,"column":89}},"10":{"start":{"line":32,"column":4},"end":{"line":69,"column":5}},"11":{"start":{"line":33,"column":6},"end":{"line":54,"column":7}},"12":{"start":{"line":35,"column":8},"end":{"line":43,"column":11}},"13":{"start":{"line":46,"column":8},"end":{"line":53,"column":11}},"14":{"start":{"line":57,"column":28},"end":{"line":57,"column":90}},"15":{"start":{"line":58,"column":6},"end":{"line":68,"column":7}},"16":{"start":{"line":59,"column":8},"end":{"line":67,"column":11}},"17":{"start":{"line":72,"column":4},"end":{"line":82,"column":5}},"18":{"start":{"line":73,"column":6},"end":{"line":81,"column":9}},"19":{"start":{"line":85,"column":18},"end":{"line":85,"column":45}},"20":{"start":{"line":86,"column":4},"end":{"line":112,"column":5}},"21":{"start":{"line":86,"column":17},"end":{"line":86,"column":18}},"22":{"start":{"line":87,"column":19},"end":{"line":87,"column":27}},"23":{"start":{"line":89,"column":6},"end":{"line":111,"column":7}},"24":{"start":{"line":91,"column":32},"end":{"line":91,"column":37}},"25":{"start":{"line":92,"column":8},"end":{"line":97,"column":9}},"26":{"start":{"line":92,"column":21},"end":{"line":92,"column":39}},"27":{"start":{"line":93,"column":10},"end":{"line":96,"column":11}},"28":{"start":{"line":94,"column":12},"end":{"line":94,"column":37}},"29":{"start":{"line":95,"column":12},"end":{"line":95,"column":18}},"30":{"start":{"line":99,"column":8},"end":{"line":110,"column":9}},"31":{"start":{"line":100,"column":10},"end":{"line":108,"column":13}},"32":{"start":{"line":109,"column":10},"end":{"line":109,"column":16}},"33":{"start":{"line":114,"column":4},"end":{"line":114,"column":20}},"34":{"start":{"line":121,"column":38},"end":{"line":121,"column":40}},"35":{"start":{"line":124,"column":23},"end":{"line":124,"column":47}},"36":{"start":{"line":125,"column":23},"end":{"line":125,"column":44}},"37":{"start":{"line":128,"column":21},"end":{"line":128,"column":58}},"38":{"start":{"line":130,"column":4},"end":{"line":150,"column":5}},"39":{"start":{"line":132,"column":6},"end":{"line":140,"column":9}},"40":{"start":{"line":141,"column":11},"end":{"line":150,"column":5}},"41":{"start":{"line":142,"column":6},"end":{"line":149,"column":9}},"42":{"start":{"line":153,"column":22},"end":{"line":153,"column":45}},"43":{"start":{"line":154,"column":22},"end":{"line":154,"column":42}},"44":{"start":{"line":157,"column":20},"end":{"line":157,"column":56}},"45":{"start":{"line":159,"column":4},"end":{"line":179,"column":5}},"46":{"start":{"line":161,"column":6},"end":{"line":169,"column":9}},"47":{"start":{"line":170,"column":11},"end":{"line":179,"column":5}},"48":{"start":{"line":171,"column":6},"end":{"line":178,"column":9}},"49":{"start":{"line":181,"column":4},"end":{"line":181,"column":20}},"50":{"start":{"line":188,"column":38},"end":{"line":188,"column":40}},"51":{"start":{"line":191,"column":21},"end":{"line":191,"column":41}},"52":{"start":{"line":194,"column":29},"end":{"line":194,"column":65}},"53":{"start":{"line":196,"column":4},"end":{"line":211,"column":5}},"54":{"start":{"line":197,"column":21},"end":{"line":197,"column":29}},"55":{"start":{"line":198,"column":18},"end":{"line":198,"column":45}},"56":{"start":{"line":200,"column":6},"end":{"line":210,"column":7}},"57":{"start":{"line":201,"column":8},"end":{"line":209,"column":11}},"58":{"start":{"line":214,"column":23},"end":{"line":214,"column":40}},"59":{"start":{"line":215,"column":25},"end":{"line":215,"column":57}},"60":{"start":{"line":216,"column":4},"end":{"line":218,"column":5}},"61":{"start":{"line":217,"column":6},"end":{"line":217,"column":31}},"62":{"start":{"line":221,"column":34},"end":{"line":221,"column":76}},"63":{"start":{"line":222,"column":23},"end":{"line":222,"column":40}},"64":{"start":{"line":223,"column":4},"end":{"line":237,"column":5}},"65":{"start":{"line":224,"column":21},"end":{"line":224,"column":29}},"66":{"start":{"line":225,"column":6},"end":{"line":236,"column":7}},"67":{"start":{"line":226,"column":8},"end":{"line":226,"column":31}},"68":{"start":{"line":227,"column":8},"end":{"line":235,"column":11}},"69":{"start":{"line":241,"column":4},"end":{"line":241,"column":20}},"70":{"start":{"line":248,"column":38},"end":{"line":248,"column":40}},"71":{"start":{"line":251,"column":24},"end":{"line":251,"column":41}},"72":{"start":{"line":252,"column":25},"end":{"line":252,"column":80}},"73":{"start":{"line":254,"column":4},"end":{"line":259,"column":5}},"74":{"start":{"line":255,"column":18},"end":{"line":255,"column":47}},"75":{"start":{"line":256,"column":6},"end":{"line":258,"column":7}},"76":{"start":{"line":257,"column":8},"end":{"line":257,"column":29}},"77":{"start":{"line":262,"column":23},"end":{"line":262,"column":40}},"78":{"start":{"line":263,"column":24},"end":{"line":263,"column":66}},"79":{"start":{"line":264,"column":4},"end":{"line":269,"column":5}},"80":{"start":{"line":265,"column":18},"end":{"line":265,"column":47}},"81":{"start":{"line":266,"column":6},"end":{"line":268,"column":7}},"82":{"start":{"line":267,"column":8},"end":{"line":267,"column":28}},"83":{"start":{"line":272,"column":4},"end":{"line":284,"column":5}},"84":{"start":{"line":273,"column":6},"end":{"line":283,"column":7}},"85":{"start":{"line":274,"column":23},"end":{"line":274,"column":60}},"86":{"start":{"line":275,"column":8},"end":{"line":282,"column":11}},"87":{"start":{"line":286,"column":4},"end":{"line":286,"column":20}},"88":{"start":{"line":293,"column":38},"end":{"line":293,"column":40}},"89":{"start":{"line":296,"column":4},"end":{"line":306,"column":5}},"90":{"start":{"line":297,"column":6},"end":{"line":305,"column":9}},"91":{"start":{"line":309,"column":25},"end":{"line":309,"column":58}},"92":{"start":{"line":310,"column":4},"end":{"line":320,"column":5}},"93":{"start":{"line":311,"column":6},"end":{"line":319,"column":9}},"94":{"start":{"line":323,"column":23},"end":{"line":323,"column":43}},"95":{"start":{"line":324,"column":23},"end":{"line":324,"column":45}},"96":{"start":{"line":325,"column":4},"end":{"line":338,"column":5}},"97":{"start":{"line":326,"column":24},"end":{"line":326,"column":47}},"98":{"start":{"line":327,"column":6},"end":{"line":337,"column":7}},"99":{"start":{"line":328,"column":8},"end":{"line":336,"column":11}},"100":{"start":{"line":341,"column":26},"end":{"line":341,"column":61}},"101":{"start":{"line":342,"column":4},"end":{"line":351,"column":5}},"102":{"start":{"line":343,"column":6},"end":{"line":350,"column":9}},"103":{"start":{"line":353,"column":4},"end":{"line":353,"column":20}},"104":{"start":{"line":360,"column":4},"end":{"line":366,"column":6}},"105":{"start":{"line":374,"column":17},"end":{"line":374,"column":46}},"106":{"start":{"line":376,"column":4},"end":{"line":376,"column":53}},"107":{"start":{"line":377,"column":4},"end":{"line":377,"column":18}},"108":{"start":{"line":384,"column":4},"end":{"line":396,"column":5}},"109":{"start":{"line":386,"column":24},"end":{"line":386,"column":53}},"110":{"start":{"line":387,"column":6},"end":{"line":389,"column":7}},"111":{"start":{"line":388,"column":8},"end":{"line":388,"column":30}},"112":{"start":{"line":392,"column":25},"end":{"line":392,"column":41}},"113":{"start":{"line":393,"column":6},"end":{"line":395,"column":7}},"114":{"start":{"line":394,"column":8},"end":{"line":394,"column":26}},"115":{"start":{"line":397,"column":4},"end":{"line":397,"column":21}},"116":{"start":{"line":404,"column":18},"end":{"line":404,"column":77}},"117":{"start":{"line":405,"column":18},"end":{"line":405,"column":34}},"118":{"start":{"line":406,"column":4},"end":{"line":406,"column":33}},"119":{"start":{"line":406,"column":16},"end":{"line":406,"column":33}},"120":{"start":{"line":408,"column":22},"end":{"line":408,"column":52}},"121":{"start":{"line":409,"column":23},"end":{"line":409,"column":51}},"122":{"start":{"line":410,"column":4},"end":{"line":410,"column":22}},"123":{"start":{"line":18,"column":0},"end":{"line":18,"column":13}}},"fnMap":{"0":{"name":"generateUUID","decl":{"start":{"line":6,"column":9},"end":{"line":6,"column":21}},"loc":{"start":{"line":6,"column":21},"end":{"line":16,"column":1}}},"1":{"name":"(anonymous_1)","decl":{"start":{"line":11,"column":65},"end":{"line":11,"column":74}},"loc":{"start":{"line":11,"column":75},"end":{"line":15,"column":3}}},"2":{"name":"(anonymous_2)","decl":{"start":{"line":22,"column":2},"end":{"line":22,"column":26}},"loc":{"start":{"line":22,"column":39},"end":{"line":115,"column":3}}},"3":{"name":"(anonymous_3)","decl":{"start":{"line":120,"column":2},"end":{"line":120,"column":16}},"loc":{"start":{"line":120,"column":29},"end":{"line":182,"column":3}}},"4":{"name":"(anonymous_4)","decl":{"start":{"line":187,"column":2},"end":{"line":187,"column":28}},"loc":{"start":{"line":187,"column":41},"end":{"line":242,"column":3}}},"5":{"name":"(anonymous_5)","decl":{"start":{"line":247,"column":2},"end":{"line":247,"column":19}},"loc":{"start":{"line":247,"column":32},"end":{"line":287,"column":3}}},"6":{"name":"(anonymous_6)","decl":{"start":{"line":292,"column":2},"end":{"line":292,"column":18}},"loc":{"start":{"line":292,"column":31},"end":{"line":354,"column":3}}},"7":{"name":"(anonymous_7)","decl":{"start":{"line":359,"column":2},"end":{"line":359,"column":10}},"loc":{"start":{"line":359,"column":23},"end":{"line":367,"column":3}}},"8":{"name":"(anonymous_8)","decl":{"start":{"line":372,"column":10},"end":{"line":372,"column":24}},"loc":{"start":{"line":372,"column":37},"end":{"line":378,"column":3}}},"9":{"name":"(anonymous_9)","decl":{"start":{"line":383,"column":10},"end":{"line":383,"column":24}},"loc":{"start":{"line":383,"column":39},"end":{"line":398,"column":3}}},"10":{"name":"(anonymous_10)","decl":{"start":{"line":403,"column":10},"end":{"line":403,"column":24}},"loc":{"start":{"line":403,"column":63},"end":{"line":411,"column":3}}}},"branchMap":{"0":{"loc":{"start":{"line":7,"column":2},"end":{"line":9,"column":3}},"type":"if","locations":[{"start":{"line":7,"column":2},"end":{"line":9,"column":3}},{"start":{},"end":{}}]},"1":{"loc":{"start":{"line":7,"column":6},"end":{"line":7,"column":56}},"type":"binary-expr","locations":[{"start":{"line":7,"column":6},"end":{"line":7,"column":35}},{"start":{"line":7,"column":39},"end":{"line":7,"column":56}}]},"2":{"loc":{"start":{"line":13,"column":14},"end":{"line":13,"column":45}},"type":"cond-expr","locations":[{"start":{"line":13,"column":26},"end":{"line":13,"column":27}},{"start":{"line":13,"column":31},"end":{"line":13,"column":44}}]},"3":{"loc":{"start":{"line":32,"column":4},"end":{"line":69,"column":5}},"type":"if","locations":[{"start":{"line":32,"column":4},"end":{"line":69,"column":5}},{"start":{"line":55,"column":11},"end":{"line":69,"column":5}}]},"4":{"loc":{"start":{"line":33,"column":6},"end":{"line":54,"column":7}},"type":"if","locations":[{"start":{"line":33,"column":6},"end":{"line":54,"column":7}},{"start":{"line":44,"column":13},"end":{"line":54,"column":7}}]},"5":{"loc":{"start":{"line":58,"column":6},"end":{"line":68,"column":7}},"type":"if","locations":[{"start":{"line":58,"column":6},"end":{"line":68,"column":7}},{"start":{},"end":{}}]},"6":{"loc":{"start":{"line":58,"column":10},"end":{"line":58,"column":56}},"type":"binary-expr","locations":[{"start":{"line":58,"column":10},"end":{"line":58,"column":23}},{"start":{"line":58,"column":27},"end":{"line":58,"column":56}}]},"7":{"loc":{"start":{"line":72,"column":4},"end":{"line":82,"column":5}},"type":"if","locations":[{"start":{"line":72,"column":4},"end":{"line":82,"column":5}},{"start":{},"end":{}}]},"8":{"loc":{"start":{"line":89,"column":6},"end":{"line":111,"column":7}},"type":"if","locations":[{"start":{"line":89,"column":6},"end":{"line":111,"column":7}},{"start":{},"end":{}}]},"9":{"loc":{"start":{"line":93,"column":10},"end":{"line":96,"column":11}},"type":"if","locations":[{"start":{"line":93,"column":10},"end":{"line":96,"column":11}},{"start":{},"end":{}}]},"10":{"loc":{"start":{"line":99,"column":8},"end":{"line":110,"column":9}},"type":"if","locations":[{"start":{"line":99,"column":8},"end":{"line":110,"column":9}},{"start":{},"end":{}}]},"11":{"loc":{"start":{"line":130,"column":4},"end":{"line":150,"column":5}},"type":"if","locations":[{"start":{"line":130,"column":4},"end":{"line":150,"column":5}},{"start":{"line":141,"column":11},"end":{"line":150,"column":5}}]},"12":{"loc":{"start":{"line":130,"column":8},"end":{"line":130,"column":31}},"type":"binary-expr","locations":[{"start":{"line":130,"column":8},"end":{"line":130,"column":19}},{"start":{"line":130,"column":23},"end":{"line":130,"column":31}}]},"13":{"loc":{"start":{"line":141,"column":11},"end":{"line":150,"column":5}},"type":"if","locations":[{"start":{"line":141,"column":11},"end":{"line":150,"column":5}},{"start":{},"end":{}}]},"14":{"loc":{"start":{"line":159,"column":4},"end":{"line":179,"column":5}},"type":"if","locations":[{"start":{"line":159,"column":4},"end":{"line":179,"column":5}},{"start":{"line":170,"column":11},"end":{"line":179,"column":5}}]},"15":{"loc":{"start":{"line":159,"column":8},"end":{"line":159,"column":29}},"type":"binary-expr","locations":[{"start":{"line":159,"column":8},"end":{"line":159,"column":18}},{"start":{"line":159,"column":22},"end":{"line":159,"column":29}}]},"16":{"loc":{"start":{"line":170,"column":11},"end":{"line":179,"column":5}},"type":"if","locations":[{"start":{"line":170,"column":11},"end":{"line":179,"column":5}},{"start":{},"end":{}}]},"17":{"loc":{"start":{"line":200,"column":6},"end":{"line":210,"column":7}},"type":"if","locations":[{"start":{"line":200,"column":6},"end":{"line":210,"column":7}},{"start":{},"end":{}}]},"18":{"loc":{"start":{"line":200,"column":10},"end":{"line":200,"column":54}},"type":"binary-expr","locations":[{"start":{"line":200,"column":10},"end":{"line":200,"column":27}},{"start":{"line":200,"column":31},"end":{"line":200,"column":54}}]},"19":{"loc":{"start":{"line":225,"column":6},"end":{"line":236,"column":7}},"type":"if","locations":[{"start":{"line":225,"column":6},"end":{"line":236,"column":7}},{"start":{},"end":{}}]},"20":{"loc":{"start":{"line":225,"column":10},"end":{"line":225,"column":60}},"type":"binary-expr","locations":[{"start":{"line":225,"column":10},"end":{"line":225,"column":33}},{"start":{"line":225,"column":37},"end":{"line":225,"column":60}}]},"21":{"loc":{"start":{"line":256,"column":6},"end":{"line":258,"column":7}},"type":"if","locations":[{"start":{"line":256,"column":6},"end":{"line":258,"column":7}},{"start":{},"end":{}}]},"22":{"loc":{"start":{"line":266,"column":6},"end":{"line":268,"column":7}},"type":"if","locations":[{"start":{"line":266,"column":6},"end":{"line":268,"column":7}},{"start":{},"end":{}}]},"23":{"loc":{"start":{"line":273,"column":6},"end":{"line":283,"column":7}},"type":"if","locations":[{"start":{"line":273,"column":6},"end":{"line":283,"column":7}},{"start":{},"end":{}}]},"24":{"loc":{"start":{"line":274,"column":23},"end":{"line":274,"column":60}},"type":"cond-expr","locations":[{"start":{"line":274,"column":35},"end":{"line":274,"column":49}},{"start":{"line":274,"column":52},"end":{"line":274,"column":60}}]},"25":{"loc":{"start":{"line":296,"column":4},"end":{"line":306,"column":5}},"type":"if","locations":[{"start":{"line":296,"column":4},"end":{"line":306,"column":5}},{"start":{},"end":{}}]},"26":{"loc":{"start":{"line":310,"column":4},"end":{"line":320,"column":5}},"type":"if","locations":[{"start":{"line":310,"column":4},"end":{"line":320,"column":5}},{"start":{},"end":{}}]},"27":{"loc":{"start":{"line":325,"column":4},"end":{"line":338,"column":5}},"type":"if","locations":[{"start":{"line":325,"column":4},"end":{"line":338,"column":5}},{"start":{},"end":{}}]},"28":{"loc":{"start":{"line":327,"column":6},"end":{"line":337,"column":7}},"type":"if","locations":[{"start":{"line":327,"column":6},"end":{"line":337,"column":7}},{"start":{},"end":{}}]},"29":{"loc":{"start":{"line":342,"column":4},"end":{"line":351,"column":5}},"type":"if","locations":[{"start":{"line":342,"column":4},"end":{"line":351,"column":5}},{"start":{},"end":{}}]},"30":{"loc":{"start":{"line":384,"column":4},"end":{"line":396,"column":5}},"type":"if","locations":[{"start":{"line":384,"column":4},"end":{"line":396,"column":5}},{"start":{"line":390,"column":11},"end":{"line":396,"column":5}}]},"31":{"loc":{"start":{"line":387,"column":6},"end":{"line":389,"column":7}},"type":"if","locations":[{"start":{"line":387,"column":6},"end":{"line":389,"column":7}},{"start":{},"end":{}}]},"32":{"loc":{"start":{"line":387,"column":10},"end":{"line":387,"column":42}},"type":"binary-expr","locations":[{"start":{"line":387,"column":10},"end":{"line":387,"column":24}},{"start":{"line":387,"column":28},"end":{"line":387,"column":42}}]},"33":{"loc":{"start":{"line":393,"column":6},"end":{"line":395,"column":7}},"type":"if","locations":[{"start":{"line":393,"column":6},"end":{"line":395,"column":7}},{"start":{},"end":{}}]},"34":{"loc":{"start":{"line":393,"column":10},"end":{"line":393,"column":67}},"type":"binary-expr","locations":[{"start":{"line":393,"column":10},"end":{"line":393,"column":28}},{"start":{"line":393,"column":32},"end":{"line":393,"column":47}},{"start":{"line":393,"column":51},"end":{"line":393,"column":67}}]},"35":{"loc":{"start":{"line":404,"column":18},"end":{"line":404,"column":77}},"type":"cond-expr","locations":[{"start":{"line":404,"column":48},"end":{"line":404,"column":67}},{"start":{"line":404,"column":70},"end":{"line":404,"column":77}}]},"36":{"loc":{"start":{"line":406,"column":4},"end":{"line":406,"column":33}},"type":"if","locations":[{"start":{"line":406,"column":4},"end":{"line":406,"column":33}},{"start":{},"end":{}}]}},"s":{"0":67,"1":67,"2":0,"3":0,"4":0,"5":0,"6":40,"7":40,"8":40,"9":40,"10":40,"11":17,"12":3,"13":14,"14":23,"15":23,"16":10,"17":40,"18":3,"19":40,"20":40,"21":40,"22":235,"23":235,"24":4,"25":4,"26":4,"27":14,"28":1,"29":1,"30":4,"31":3,"32":3,"33":40,"34":37,"35":37,"36":37,"37":37,"38":37,"39":1,"40":36,"41":4,"42":37,"43":37,"44":37,"45":37,"46":0,"47":37,"48":6,"49":37,"50":40,"51":40,"52":40,"53":40,"54":9,"55":9,"56":9,"57":3,"58":40,"59":40,"60":40,"61":11,"62":40,"63":40,"64":40,"65":6,"66":6,"67":2,"68":2,"69":40,"70":35,"71":35,"72":35,"73":35,"74":19,"75":19,"76":19,"77":35,"78":35,"79":35,"80":7,"81":7,"82":7,"83":35,"84":13,"85":7,"86":7,"87":35,"88":37,"89":37,"90":4,"91":37,"92":37,"93":1,"94":37,"95":37,"96":37,"97":1,"98":1,"99":1,"100":37,"101":37,"102":5,"103":37,"104":32,"105":40,"106":40,"107":40,"108":35,"109":10,"110":10,"111":10,"112":25,"113":25,"114":25,"115":0,"116":31,"117":31,"118":31,"119":0,"120":31,"121":31,"122":31,"123":5},"f":{"0":67,"1":0,"2":40,"3":37,"4":40,"5":35,"6":37,"7":32,"8":40,"9":35,"10":31},"b":{"0":[67,0],"1":[67,67],"2":[0,0],"3":[17,23],"4":[3,14],"5":[10,13],"6":[23,23],"7":[3,37],"8":[4,231],"9":[1,13],"10":[3,1],"11":[1,36],"12":[37,5],"13":[4,32],"14":[0,37],"15":[37,6],"16":[6,31],"17":[3,6],"18":[9,9],"19":[2,4],"20":[6,2],"21":[19,0],"22":[7,0],"23":[7,6],"24":[5,2],"25":[4,33],"26":[1,36],"27":[1,36],"28":[1,0],"29":[5,32],"30":[10,25],"31":[10,0],"32":[10,10],"33":[25,0],"34":[25,25,25],"35":[0,31],"36":[0,31]}}
,"/home/runner/work/UnoSim/UnoSim/shared/logger.ts": {"path":"/home/runner/work/UnoSim/UnoSim/shared/logger.ts","statementMap":{"0":{"start":{"line":6,"column":10},"end":{"line":6,"column":null}},"1":{"start":{"line":9,"column":4},"end":{"line":9,"column":25}},"2":{"start":{"line":13,"column":4},"end":{"line":19,"column":5}},"3":{"start":{"line":15,"column":6},"end":{"line":15,"column":27}},"4":{"start":{"line":17,"column":24},"end":{"line":17,"column":48}},"5":{"start":{"line":18,"column":6},"end":{"line":18,"column":73}},"6":{"start":{"line":23,"column":4},"end":{"line":23,"column":30}},"7":{"start":{"line":27,"column":4},"end":{"line":27,"column":30}},"8":{"start":{"line":31,"column":4},"end":{"line":31,"column":30}},"9":{"start":{"line":35,"column":4},"end":{"line":35,"column":31}},"10":{"start":{"line":39,"column":4},"end":{"line":39,"column":31}},"11":{"start":{"line":5,"column":0},"end":{"line":5,"column":13}}},"fnMap":{"0":{"name":"(anonymous_0)","decl":{"start":{"line":8,"column":2},"end":{"line":8,"column":14}},"loc":{"start":{"line":8,"column":28},"end":{"line":10,"column":3}}},"1":{"name":"(anonymous_1)","decl":{"start":{"line":12,"column":10},"end":{"line":12,"column":13}},"loc":{"start":{"line":12,"column":46},"end":{"line":20,"column":3}}},"2":{"name":"(anonymous_2)","decl":{"start":{"line":22,"column":2},"end":{"line":22,"column":6}},"loc":{"start":{"line":22,"column":22},"end":{"line":24,"column":3}}},"3":{"name":"(anonymous_3)","decl":{"start":{"line":26,"column":2},"end":{"line":26,"column":6}},"loc":{"start":{"line":26,"column":22},"end":{"line":28,"column":3}}},"4":{"name":"(anonymous_4)","decl":{"start":{"line":30,"column":2},"end":{"line":30,"column":6}},"loc":{"start":{"line":30,"column":22},"end":{"line":32,"column":3}}},"5":{"name":"(anonymous_5)","decl":{"start":{"line":34,"column":2},"end":{"line":34,"column":7}},"loc":{"start":{"line":34,"column":23},"end":{"line":36,"column":3}}},"6":{"name":"(anonymous_6)","decl":{"start":{"line":38,"column":2},"end":{"line":38,"column":7}},"loc":{"start":{"line":38,"column":23},"end":{"line":40,"column":3}}}},"branchMap":{"0":{"loc":{"start":{"line":13,"column":4},"end":{"line":19,"column":5}},"type":"if","locations":[{"start":{"line":13,"column":4},"end":{"line":19,"column":5}},{"start":{"line":16,"column":11},"end":{"line":19,"column":5}}]}},"s":{"0":78,"1":78,"2":113,"3":1,"4":112,"5":112,"6":1,"7":71,"8":25,"9":9,"10":7,"11":9},"f":{"0":78,"1":113,"2":1,"3":71,"4":25,"5":9,"6":7},"b":{"0":[1,112]}}
,"/home/runner/work/UnoSim/UnoSim/tests/utils/integration-helpers.ts": {"path":"/home/runner/work/UnoSim/UnoSim/tests/utils/integration-helpers.ts","statementMap":{"0":{"start":{"line":15,"column":0},"end":{"line":15,"column":16}},"1":{"start":{"line":32,"column":0},"end":{"line":32,"column":7}},"2":{"start":{"line":7,"column":0},"end":{"line":7,"column":24}},"3":{"start":{"line":8,"column":0},"end":{"line":8,"column":41}},"4":{"start":{"line":16,"column":2},"end":{"line":25,"column":3}},"5":{"start":{"line":18,"column":4},"end":{"line":21,"column":7}},"6":{"start":{"line":22,"column":4},"end":{"line":22,"column":16}},"7":{"start":{"line":24,"column":4},"end":{"line":24,"column":17}},"8":{"start":{"line":33,"column":2},"end":{"line":54,"column":5}},"9":{"start":{"line":34,"column":16},"end":{"line":44,"column":null}},"10":{"start":{"line":43,"column":8},"end":{"line":43,"column":70}},"11":{"start":{"line":47,"column":4},"end":{"line":47,"column":42}},"12":{"start":{"line":47,"column":26},"end":{"line":47,"column":40}},"13":{"start":{"line":48,"column":4},"end":{"line":51,"column":7}},"14":{"start":{"line":49,"column":6},"end":{"line":49,"column":20}},"15":{"start":{"line":50,"column":6},"end":{"line":50,"column":21}},"16":{"start":{"line":53,"column":4},"end":{"line":53,"column":14}},"17":{"start":{"line":61,"column":13},"end":{"line":61,"column":54}},"18":{"start":{"line":66,"column":13},"end":{"line":66,"column":76}}},"fnMap":{"0":{"name":"isServerRunningSync","decl":{"start":{"line":15,"column":16},"end":{"line":15,"column":35}},"loc":{"start":{"line":15,"column":35},"end":{"line":26,"column":1}}},"1":{"name":"isServerRunning","decl":{"start":{"line":32,"column":22},"end":{"line":32,"column":37}},"loc":{"start":{"line":32,"column":37},"end":{"line":55,"column":1}}},"2":{"name":"(anonymous_3)","decl":{"start":{"line":33,"column":21},"end":{"line":33,"column":22}},"loc":{"start":{"line":33,"column":33},"end":{"line":54,"column":3}}},"3":{"name":"(anonymous_4)","decl":{"start":{"line":42,"column":6},"end":{"line":42,"column":7}},"loc":{"start":{"line":42,"column":14},"end":{"line":44,"column":7}}},"4":{"name":"(anonymous_5)","decl":{"start":{"line":47,"column":20},"end":{"line":47,"column":23}},"loc":{"start":{"line":47,"column":26},"end":{"line":47,"column":40}}},"5":{"name":"(anonymous_6)","decl":{"start":{"line":48,"column":22},"end":{"line":48,"column":25}},"loc":{"start":{"line":48,"column":27},"end":{"line":51,"column":5}}}},"branchMap":{"0":{"loc":{"start":{"line":43,"column":16},"end":{"line":43,"column":68}},"type":"binary-expr","locations":[{"start":{"line":43,"column":16},"end":{"line":43,"column":44}},{"start":{"line":43,"column":48},"end":{"line":43,"column":68}}]},"1":{"loc":{"start":{"line":66,"column":32},"end":{"line":66,"column":75}},"type":"cond-expr","locations":[{"start":{"line":66,"column":51},"end":{"line":66,"column":59}},{"start":{"line":66,"column":62},"end":{"line":66,"column":75}}]}},"s":{"0":6,"1":6,"2":6,"3":6,"4":8,"5":8,"6":2,"7":6,"8":1,"9":1,"10":1,"11":1,"12":0,"13":1,"14":0,"15":0,"16":1,"17":6,"18":6},"f":{"0":8,"1":1,"2":1,"3":1,"4":0,"5":0},"b":{"0":[1,1],"1":[1,5]}}
}
