{"total": {"lines":{"total":11055,"covered":9615,"skipped":0,"pct":86.97},"statements":{"total":12211,"covered":10363,"skipped":0,"pct":84.86},"functions":{"total":2497,"covered":2144,"skipped":0,"pct":85.86},"branches":{"total":7572,"covered":5622,"skipped":0,"pct":74.24},"branchesTrue":{"total":0,"covered":0,"skipped":0,"pct":100}}
,"/home/runner/work/UnoSim/UnoSim/client/src/App.tsx": {"lines":{"total":19,"covered":19,"skipped":0,"pct":100},"functions":{"total":8,"covered":8,"skipped":0,"pct":100},"statements":{"total":22,"covered":22,"skipped":0,"pct":100},"branches":{"total":11,"covered":9,"skipped":0,"pct":81.81}}
,"/home/runner/work/UnoSim/UnoSim/client/src/components/features/app-header.tsx": {"lines":{"total":144,"covered":102,"skipped":0,"pct":70.83},"functions":{"total":58,"covered":31,"skipped":0,"pct":53.44},"statements":{"total":168,"covered":105,"skipped":0,"pct":62.5},"branches":{"total":192,"covered":98,"skipped":0,"pct":51.04}}
,"/home/runner/work/UnoSim/UnoSim/client/src/components/features/compilation-output.tsx": {"lines":{"total":2,"covered":2,"skipped":0,"pct":100},"functions":{"total":2,"covered":2,"skipped":0,"pct":100},"statements":{"total":2,"covered":2,"skipped":0,"pct":100},"branches":{"total":27,"covered":25,"skipped":0,"pct":92.59}}
,"/home/runner/work/UnoSim/UnoSim/client/src/components/features/examples-menu.tsx": {"lines":{"total":190,"covered":143,"skipped":0,"pct":75.26},"functions":{"total":46,"covered":40,"skipped":0,"pct":86.95},"statements":{"total":202,"covered":148,"skipped":0,"pct":73.26},"branches":{"total":122,"covered":85,"skipped":0,"pct":69.67}}
,"/home/runner/work/UnoSim/UnoSim/client/src/components/features/external-examples-settings.tsx": {"lines":{"total":80,"covered":74,"skipped":0,"pct":92.5},"functions":{"total":14,"covered":13,"skipped":0,"pct":92.85},"statements":{"total":90,"covered":77,"skipped":0,"pct":85.55},"branches":{"total":84,"covered":53,"skipped":0,"pct":63.09}}
,"/home/runner/work/UnoSim/UnoSim/client/src/components/features/mobile-layout.tsx": {"lines":{"total":13,"covered":11,"skipped":0,"pct":84.61},"functions":{"total":7,"covered":5,"skipped":0,"pct":71.42},"statements":{"total":14,"covered":12,"skipped":0,"pct":85.71},"branches":{"total":36,"covered":29,"skipped":0,"pct":80.55}}
,"/home/runner/work/UnoSim/UnoSim/client/src/components/features/output-panel.tsx": {"lines":{"total":37,"covered":28,"skipped":0,"pct":75.67},"functions":{"total":25,"covered":15,"skipped":0,"pct":60},"statements":{"total":44,"covered":31,"skipped":0,"pct":70.45},"branches":{"total":65,"covered":37,"skipped":0,"pct":56.92}}
,"/home/runner/work/UnoSim/UnoSim/client/src/components/features/parser-output.tsx": {"lines":{"total":146,"covered":137,"skipped":0,"pct":93.83},"functions":{"total":61,"covered":60,"skipped":0,"pct":98.36},"statements":{"total":166,"covered":155,"skipped":0,"pct":93.37},"branches":{"total":230,"covered":203,"skipped":0,"pct":88.26}}
,"/home/runner/work/UnoSim/UnoSim/client/src/components/features/pin-monitor.tsx": {"lines":{"total":19,"covered":19,"skipped":0,"pct":100},"functions":{"total":5,"covered":5,"skipped":0,"pct":100},"statements":{"total":20,"covered":20,"skipped":0,"pct":100},"branches":{"total":16,"covered":15,"skipped":0,"pct":93.75}}
,"/home/runner/work/UnoSim/UnoSim/client/src/components/features/serial-monitor.tsx": {"lines":{"total":209,"covered":142,"skipped":0,"pct":67.94},"functions":{"total":31,"covered":22,"skipped":0,"pct":70.96},"statements":{"total":220,"covered":149,"skipped":0,"pct":67.72},"branches":{"total":116,"covered":89,"skipped":0,"pct":76.72}}
,"/home/runner/work/UnoSim/UnoSim/client/src/components/features/settings-dialog.tsx": {"lines":{"total":101,"covered":79,"skipped":0,"pct":78.21},"functions":{"total":26,"covered":20,"skipped":0,"pct":76.92},"statements":{"total":106,"covered":80,"skipped":0,"pct":75.47},"branches":{"total":33,"covered":20,"skipped":0,"pct":60.6}}
,"/home/runner/work/UnoSim/UnoSim/client/src/components/features/sim-cockpit.tsx": {"lines":{"total":68,"covered":66,"skipped":0,"pct":97.05},"functions":{"total":17,"covered":15,"skipped":0,"pct":88.23},"statements":{"total":84,"covered":79,"skipped":0,"pct":94.04},"branches":{"total":101,"covered":97,"skipped":0,"pct":96.03}}
,"/home/runner/work/UnoSim/UnoSim/client/src/components/features/sketch-tabs.tsx": {"lines":{"total":129,"covered":62,"skipped":0,"pct":48.06},"functions":{"total":32,"covered":14,"skipped":0,"pct":43.75},"statements":{"total":139,"covered":66,"skipped":0,"pct":47.48},"branches":{"total":97,"covered":45,"skipped":0,"pct":46.39}}
,"/home/runner/work/UnoSim/UnoSim/client/src/components/simulator/ArduinoSimulatorPage.styles.ts": {"lines":{"total":4,"covered":4,"skipped":0,"pct":100},"functions":{"total":0,"covered":0,"skipped":0,"pct":100},"statements":{"total":4,"covered":4,"skipped":0,"pct":100},"branches":{"total":0,"covered":0,"skipped":0,"pct":100}}
,"/home/runner/work/UnoSim/UnoSim/client/src/components/simulator/ArduinoSimulatorPage.tsx": {"lines":{"total":2,"covered":2,"skipped":0,"pct":100},"functions":{"total":1,"covered":1,"skipped":0,"pct":100},"statements":{"total":2,"covered":2,"skipped":0,"pct":100},"branches":{"total":0,"covered":0,"skipped":0,"pct":100}}
,"/home/runner/work/UnoSim/UnoSim/client/src/components/simulator/ArduinoSimulatorPageLayout.tsx": {"lines":{"total":32,"covered":26,"skipped":0,"pct":81.25},"functions":{"total":7,"covered":4,"skipped":0,"pct":57.14},"statements":{"total":33,"covered":26,"skipped":0,"pct":78.78},"branches":{"total":69,"covered":36,"skipped":0,"pct":52.17}}
,"/home/runner/work/UnoSim/UnoSim/client/src/components/simulator/ExperimentalWorkspace.tsx": {"lines":{"total":105,"covered":88,"skipped":0,"pct":83.8},"functions":{"total":41,"covered":32,"skipped":0,"pct":78.04},"statements":{"total":120,"covered":97,"skipped":0,"pct":80.83},"branches":{"total":146,"covered":123,"skipped":0,"pct":84.24}}
,"/home/runner/work/UnoSim/UnoSim/client/src/components/simulator/PinMonitorView.tsx": {"lines":{"total":2,"covered":2,"skipped":0,"pct":100},"functions":{"total":1,"covered":1,"skipped":0,"pct":100},"statements":{"total":2,"covered":2,"skipped":0,"pct":100},"branches":{"total":11,"covered":8,"skipped":0,"pct":72.72}}
,"/home/runner/work/UnoSim/UnoSim/client/src/components/simulator/SerialMonitorView.tsx": {"lines":{"total":49,"covered":37,"skipped":0,"pct":75.51},"functions":{"total":15,"covered":7,"skipped":0,"pct":46.66},"statements":{"total":55,"covered":39,"skipped":0,"pct":70.9},"branches":{"total":45,"covered":24,"skipped":0,"pct":53.33}}
,"/home/runner/work/UnoSim/UnoSim/client/src/components/simulator/SimulationControls.tsx": {"lines":{"total":1,"covered":1,"skipped":0,"pct":100},"functions":{"total":1,"covered":1,"skipped":0,"pct":100},"statements":{"total":1,"covered":1,"skipped":0,"pct":100},"branches":{"total":0,"covered":0,"skipped":0,"pct":100}}
,"/home/runner/work/UnoSim/UnoSim/client/src/components/simulator/sub-components/SimulatorOutputContainer.tsx": {"lines":{"total":3,"covered":3,"skipped":0,"pct":100},"functions":{"total":1,"covered":1,"skipped":0,"pct":100},"statements":{"total":4,"covered":4,"skipped":0,"pct":100},"branches":{"total":5,"covered":5,"skipped":0,"pct":100}}
,"/home/runner/work/UnoSim/UnoSim/client/src/components/ui/alert-dialog.tsx": {"lines":{"total":26,"covered":26,"skipped":0,"pct":100},"functions":{"total":8,"covered":8,"skipped":0,"pct":100},"statements":{"total":26,"covered":26,"skipped":0,"pct":100},"branches":{"total":0,"covered":0,"skipped":0,"pct":100}}
,"/home/runner/work/UnoSim/UnoSim/client/src/components/ui/app-tab.tsx": {"lines":{"total":7,"covered":7,"skipped":0,"pct":100},"functions":{"total":2,"covered":2,"skipped":0,"pct":100},"statements":{"total":7,"covered":7,"skipped":0,"pct":100},"branches":{"total":5,"covered":5,"skipped":0,"pct":100}}
,"/home/runner/work/UnoSim/UnoSim/client/src/components/ui/button.tsx": {"lines":{"total":5,"covered":5,"skipped":0,"pct":100},"functions":{"total":1,"covered":1,"skipped":0,"pct":100},"statements":{"total":5,"covered":5,"skipped":0,"pct":100},"branches":{"total":3,"covered":2,"skipped":0,"pct":66.66}}
,"/home/runner/work/UnoSim/UnoSim/client/src/components/ui/card.tsx": {"lines":{"total":18,"covered":12,"skipped":0,"pct":66.66},"functions":{"total":6,"covered":0,"skipped":0,"pct":0},"statements":{"total":18,"covered":12,"skipped":0,"pct":66.66},"branches":{"total":0,"covered":0,"skipped":0,"pct":100}}
,"/home/runner/work/UnoSim/UnoSim/client/src/components/ui/checkbox.tsx": {"lines":{"total":3,"covered":3,"skipped":0,"pct":100},"functions":{"total":1,"covered":1,"skipped":0,"pct":100},"statements":{"total":3,"covered":3,"skipped":0,"pct":100},"branches":{"total":0,"covered":0,"skipped":0,"pct":100}}
,"/home/runner/work/UnoSim/UnoSim/client/src/components/ui/dialog.tsx": {"lines":{"total":21,"covered":21,"skipped":0,"pct":100},"functions":{"total":6,"covered":6,"skipped":0,"pct":100},"statements":{"total":21,"covered":21,"skipped":0,"pct":100},"branches":{"total":0,"covered":0,"skipped":0,"pct":100}}
,"/home/runner/work/UnoSim/UnoSim/client/src/components/ui/dropdown-menu.tsx": {"lines":{"total":29,"covered":23,"skipped":0,"pct":79.31},"functions":{"total":9,"covered":3,"skipped":0,"pct":33.33},"statements":{"total":29,"covered":23,"skipped":0,"pct":79.31},"branches":{"total":7,"covered":2,"skipped":0,"pct":28.57}}
,"/home/runner/work/UnoSim/UnoSim/client/src/components/ui/error-boundary.tsx": {"lines":{"total":8,"covered":4,"skipped":0,"pct":50},"functions":{"total":5,"covered":3,"skipped":0,"pct":60},"statements":{"total":8,"covered":4,"skipped":0,"pct":50},"branches":{"total":4,"covered":1,"skipped":0,"pct":25}}
,"/home/runner/work/UnoSim/UnoSim/client/src/components/ui/input-group.tsx": {"lines":{"total":8,"covered":8,"skipped":0,"pct":100},"functions":{"total":2,"covered":2,"skipped":0,"pct":100},"statements":{"total":10,"covered":10,"skipped":0,"pct":100},"branches":{"total":10,"covered":10,"skipped":0,"pct":100}}
,"/home/runner/work/UnoSim/UnoSim/client/src/components/ui/input.tsx": {"lines":{"total":3,"covered":3,"skipped":0,"pct":100},"functions":{"total":1,"covered":1,"skipped":0,"pct":100},"statements":{"total":3,"covered":3,"skipped":0,"pct":100},"branches":{"total":0,"covered":0,"skipped":0,"pct":100}}
,"/home/runner/work/UnoSim/UnoSim/client/src/components/ui/menubar.tsx": {"lines":{"total":36,"covered":33,"skipped":0,"pct":91.66},"functions":{"total":11,"covered":8,"skipped":0,"pct":72.72},"statements":{"total":36,"covered":33,"skipped":0,"pct":91.66},"branches":{"total":9,"covered":5,"skipped":0,"pct":55.55}}
,"/home/runner/work/UnoSim/UnoSim/client/src/components/ui/panel-header.tsx": {"lines":{"total":1,"covered":1,"skipped":0,"pct":100},"functions":{"total":1,"covered":1,"skipped":0,"pct":100},"statements":{"total":1,"covered":1,"skipped":0,"pct":100},"branches":{"total":2,"covered":2,"skipped":0,"pct":100}}
,"/home/runner/work/UnoSim/UnoSim/client/src/components/ui/resizable.tsx": {"lines":{"total":6,"covered":6,"skipped":0,"pct":100},"functions":{"total":2,"covered":2,"skipped":0,"pct":100},"statements":{"total":6,"covered":6,"skipped":0,"pct":100},"branches":{"total":2,"covered":2,"skipped":0,"pct":100}}
,"/home/runner/work/UnoSim/UnoSim/client/src/components/ui/status-dot.tsx": {"lines":{"total":1,"covered":1,"skipped":0,"pct":100},"functions":{"total":1,"covered":1,"skipped":0,"pct":100},"statements":{"total":1,"covered":1,"skipped":0,"pct":100},"branches":{"total":3,"covered":3,"skipped":0,"pct":100}}
,"/home/runner/work/UnoSim/UnoSim/client/src/components/ui/tab-bar.tsx": {"lines":{"total":4,"covered":4,"skipped":0,"pct":100},"functions":{"total":1,"covered":1,"skipped":0,"pct":100},"statements":{"total":4,"covered":4,"skipped":0,"pct":100},"branches":{"total":3,"covered":3,"skipped":0,"pct":100}}
,"/home/runner/work/UnoSim/UnoSim/client/src/components/ui/tabs.tsx": {"lines":{"total":10,"covered":10,"skipped":0,"pct":100},"functions":{"total":3,"covered":3,"skipped":0,"pct":100},"statements":{"total":10,"covered":10,"skipped":0,"pct":100},"branches":{"total":0,"covered":0,"skipped":0,"pct":100}}
,"/home/runner/work/UnoSim/UnoSim/client/src/components/ui/toast.tsx": {"lines":{"total":20,"covered":15,"skipped":0,"pct":75},"functions":{"total":6,"covered":1,"skipped":0,"pct":16.66},"statements":{"total":20,"covered":15,"skipped":0,"pct":75},"branches":{"total":0,"covered":0,"skipped":0,"pct":100}}
,"/home/runner/work/UnoSim/UnoSim/client/src/components/ui/toaster.tsx": {"lines":{"total":3,"covered":2,"skipped":0,"pct":66.66},"functions":{"total":2,"covered":1,"skipped":0,"pct":50},"statements":{"total":3,"covered":2,"skipped":0,"pct":66.66},"branches":{"total":4,"covered":0,"skipped":0,"pct":0}}
,"/home/runner/work/UnoSim/UnoSim/client/src/components/ui/toolbar-icon-button.tsx": {"lines":{"total":14,"covered":14,"skipped":0,"pct":100},"functions":{"total":3,"covered":3,"skipped":0,"pct":100},"statements":{"total":18,"covered":18,"skipped":0,"pct":100},"branches":{"total":25,"covered":24,"skipped":0,"pct":96}}
,"/home/runner/work/UnoSim/UnoSim/client/src/components/ui/toolbar-status-icon.tsx": {"lines":{"total":3,"covered":3,"skipped":0,"pct":100},"functions":{"total":1,"covered":1,"skipped":0,"pct":100},"statements":{"total":3,"covered":3,"skipped":0,"pct":100},"branches":{"total":2,"covered":1,"skipped":0,"pct":50}}
,"/home/runner/work/UnoSim/UnoSim/client/src/components/ui/tooltip.tsx": {"lines":{"total":4,"covered":3,"skipped":0,"pct":75},"functions":{"total":1,"covered":0,"skipped":0,"pct":0},"statements":{"total":4,"covered":3,"skipped":0,"pct":75},"branches":{"total":1,"covered":0,"skipped":0,"pct":0}}
,"/home/runner/work/UnoSim/UnoSim/client/src/components/ui/unified-scroll-area.tsx": {"lines":{"total":75,"covered":69,"skipped":0,"pct":92},"functions":{"total":15,"covered":12,"skipped":0,"pct":80},"statements":{"total":85,"covered":75,"skipped":0,"pct":88.23},"branches":{"total":63,"covered":45,"skipped":0,"pct":71.42}}
,"/home/runner/work/UnoSim/UnoSim/client/src/hooks/compile-command-builder.ts": {"lines":{"total":7,"covered":7,"skipped":0,"pct":100},"functions":{"total":4,"covered":4,"skipped":0,"pct":100},"statements":{"total":7,"covered":7,"skipped":0,"pct":100},"branches":{"total":8,"covered":6,"skipped":0,"pct":75}}
,"/home/runner/work/UnoSim/UnoSim/client/src/hooks/use-backend-health.ts": {"lines":{"total":94,"covered":94,"skipped":0,"pct":100},"functions":{"total":22,"covered":22,"skipped":0,"pct":100},"statements":{"total":104,"covered":104,"skipped":0,"pct":100},"branches":{"total":54,"covered":48,"skipped":0,"pct":88.88}}
,"/home/runner/work/UnoSim/UnoSim/client/src/hooks/use-compilation.ts": {"lines":{"total":15,"covered":15,"skipped":0,"pct":100},"functions":{"total":7,"covered":5,"skipped":0,"pct":71.42},"statements":{"total":15,"covered":15,"skipped":0,"pct":100},"branches":{"total":10,"covered":9,"skipped":0,"pct":90}}
,"/home/runner/work/UnoSim/UnoSim/client/src/hooks/use-compile-and-run.ts": {"lines":{"total":77,"covered":67,"skipped":0,"pct":87.01},"functions":{"total":14,"covered":12,"skipped":0,"pct":85.71},"statements":{"total":83,"covered":71,"skipped":0,"pct":85.54},"branches":{"total":46,"covered":35,"skipped":0,"pct":76.08}}
,"/home/runner/work/UnoSim/UnoSim/client/src/hooks/use-compile-controller-state.ts": {"lines":{"total":7,"covered":7,"skipped":0,"pct":100},"functions":{"total":1,"covered":1,"skipped":0,"pct":100},"statements":{"total":7,"covered":7,"skipped":0,"pct":100},"branches":{"total":0,"covered":0,"skipped":0,"pct":100}}
,"/home/runner/work/UnoSim/UnoSim/client/src/hooks/use-compile-controller.ts": {"lines":{"total":81,"covered":76,"skipped":0,"pct":93.82},"functions":{"total":10,"covered":10,"skipped":0,"pct":100},"statements":{"total":82,"covered":77,"skipped":0,"pct":93.9},"branches":{"total":48,"covered":40,"skipped":0,"pct":83.33}}
,"/home/runner/work/UnoSim/UnoSim/client/src/hooks/use-debug-console.ts": {"lines":{"total":27,"covered":24,"skipped":0,"pct":88.88},"functions":{"total":9,"covered":8,"skipped":0,"pct":88.88},"statements":{"total":28,"covered":25,"skipped":0,"pct":89.28},"branches":{"total":6,"covered":4,"skipped":0,"pct":66.66}}
,"/home/runner/work/UnoSim/UnoSim/client/src/hooks/use-debug-mode-store.ts": {"lines":{"total":28,"covered":26,"skipped":0,"pct":92.85},"functions":{"total":10,"covered":9,"skipped":0,"pct":90},"statements":{"total":31,"covered":29,"skipped":0,"pct":93.54},"branches":{"total":12,"covered":8,"skipped":0,"pct":66.66}}
,"/home/runner/work/UnoSim/UnoSim/client/src/hooks/use-editor-commands.ts": {"lines":{"total":90,"covered":74,"skipped":0,"pct":82.22},"functions":{"total":13,"covered":13,"skipped":0,"pct":100},"statements":{"total":94,"covered":74,"skipped":0,"pct":78.72},"branches":{"total":47,"covered":36,"skipped":0,"pct":76.59}}
,"/home/runner/work/UnoSim/UnoSim/client/src/hooks/use-experimental-workspace-layout.ts": {"lines":{"total":32,"covered":30,"skipped":0,"pct":93.75},"functions":{"total":11,"covered":11,"skipped":0,"pct":100},"statements":{"total":35,"covered":33,"skipped":0,"pct":94.28},"branches":{"total":4,"covered":2,"skipped":0,"pct":50}}
,"/home/runner/work/UnoSim/UnoSim/client/src/hooks/use-external-api.ts": {"lines":{"total":119,"covered":104,"skipped":0,"pct":87.39},"functions":{"total":22,"covered":20,"skipped":0,"pct":90.9},"statements":{"total":122,"covered":107,"skipped":0,"pct":87.7},"branches":{"total":56,"covered":45,"skipped":0,"pct":80.35}}
,"/home/runner/work/UnoSim/UnoSim/client/src/hooks/use-file-manager.ts": {"lines":{"total":36,"covered":36,"skipped":0,"pct":100},"functions":{"total":7,"covered":7,"skipped":0,"pct":100},"statements":{"total":39,"covered":38,"skipped":0,"pct":97.43},"branches":{"total":21,"covered":18,"skipped":0,"pct":85.71}}
,"/home/runner/work/UnoSim/UnoSim/client/src/hooks/use-mobile-layout.ts": {"lines":{"total":85,"covered":78,"skipped":0,"pct":91.76},"functions":{"total":14,"covered":13,"skipped":0,"pct":92.85},"statements":{"total":92,"covered":78,"skipped":0,"pct":84.78},"branches":{"total":61,"covered":44,"skipped":0,"pct":72.13}}
,"/home/runner/work/UnoSim/UnoSim/client/src/hooks/use-output-panel.ts": {"lines":{"total":161,"covered":129,"skipped":0,"pct":80.12},"functions":{"total":36,"covered":32,"skipped":0,"pct":88.88},"statements":{"total":182,"covered":141,"skipped":0,"pct":77.47},"branches":{"total":96,"covered":58,"skipped":0,"pct":60.41}}
,"/home/runner/work/UnoSim/UnoSim/client/src/hooks/use-pin-state.ts": {"lines":{"total":30,"covered":29,"skipped":0,"pct":96.66},"functions":{"total":7,"covered":7,"skipped":0,"pct":100},"statements":{"total":30,"covered":29,"skipped":0,"pct":96.66},"branches":{"total":10,"covered":10,"skipped":0,"pct":100}}
,"/home/runner/work/UnoSim/UnoSim/client/src/hooks/use-serial-io.ts": {"lines":{"total":65,"covered":58,"skipped":0,"pct":89.23},"functions":{"total":19,"covered":16,"skipped":0,"pct":84.21},"statements":{"total":72,"covered":65,"skipped":0,"pct":90.27},"branches":{"total":26,"covered":18,"skipped":0,"pct":69.23}}
,"/home/runner/work/UnoSim/UnoSim/client/src/hooks/use-simulation-controller-state.ts": {"lines":{"total":5,"covered":5,"skipped":0,"pct":100},"functions":{"total":1,"covered":1,"skipped":0,"pct":100},"statements":{"total":5,"covered":5,"skipped":0,"pct":100},"branches":{"total":0,"covered":0,"skipped":0,"pct":100}}
,"/home/runner/work/UnoSim/UnoSim/client/src/hooks/use-simulation-controller.ts": {"lines":{"total":81,"covered":81,"skipped":0,"pct":100},"functions":{"total":20,"covered":20,"skipped":0,"pct":100},"statements":{"total":96,"covered":95,"skipped":0,"pct":98.95},"branches":{"total":44,"covered":42,"skipped":0,"pct":95.45}}
,"/home/runner/work/UnoSim/UnoSim/client/src/hooks/use-simulation-controls.ts": {"lines":{"total":13,"covered":13,"skipped":0,"pct":100},"functions":{"total":4,"covered":3,"skipped":0,"pct":75},"statements":{"total":16,"covered":16,"skipped":0,"pct":100},"branches":{"total":8,"covered":7,"skipped":0,"pct":87.5}}
,"/home/runner/work/UnoSim/UnoSim/client/src/hooks/use-simulation-lifecycle.ts": {"lines":{"total":31,"covered":31,"skipped":0,"pct":100},"functions":{"total":9,"covered":6,"skipped":0,"pct":66.66},"statements":{"total":33,"covered":33,"skipped":0,"pct":100},"branches":{"total":22,"covered":19,"skipped":0,"pct":86.36}}
,"/home/runner/work/UnoSim/UnoSim/client/src/hooks/use-simulation-store.ts": {"lines":{"total":84,"covered":68,"skipped":0,"pct":80.95},"functions":{"total":21,"covered":16,"skipped":0,"pct":76.19},"statements":{"total":92,"covered":74,"skipped":0,"pct":80.43},"branches":{"total":44,"covered":33,"skipped":0,"pct":75}}
,"/home/runner/work/UnoSim/UnoSim/client/src/hooks/use-simulation.ts": {"lines":{"total":4,"covered":4,"skipped":0,"pct":100},"functions":{"total":1,"covered":1,"skipped":0,"pct":100},"statements":{"total":4,"covered":4,"skipped":0,"pct":100},"branches":{"total":2,"covered":1,"skipped":0,"pct":50}}
,"/home/runner/work/UnoSim/UnoSim/client/src/hooks/use-simulator-controller-state.ts": {"lines":{"total":1,"covered":1,"skipped":0,"pct":100},"functions":{"total":1,"covered":1,"skipped":0,"pct":100},"statements":{"total":1,"covered":1,"skipped":0,"pct":100},"branches":{"total":0,"covered":0,"skipped":0,"pct":100}}
,"/home/runner/work/UnoSim/UnoSim/client/src/hooks/use-sketch-analysis.ts": {"lines":{"total":27,"covered":26,"skipped":0,"pct":96.29},"functions":{"total":10,"covered":10,"skipped":0,"pct":100},"statements":{"total":34,"covered":33,"skipped":0,"pct":97.05},"branches":{"total":24,"covered":21,"skipped":0,"pct":87.5}}
,"/home/runner/work/UnoSim/UnoSim/client/src/hooks/use-sketch-tabs.ts": {"lines":{"total":23,"covered":23,"skipped":0,"pct":100},"functions":{"total":11,"covered":11,"skipped":0,"pct":100},"statements":{"total":26,"covered":26,"skipped":0,"pct":100},"branches":{"total":7,"covered":6,"skipped":0,"pct":85.71}}
,"/home/runner/work/UnoSim/UnoSim/client/src/hooks/use-telemetry-store.ts": {"lines":{"total":46,"covered":41,"skipped":0,"pct":89.13},"functions":{"total":11,"covered":10,"skipped":0,"pct":90.9},"statements":{"total":52,"covered":46,"skipped":0,"pct":88.46},"branches":{"total":4,"covered":2,"skipped":0,"pct":50}}
,"/home/runner/work/UnoSim/UnoSim/client/src/hooks/use-telemetry.ts": {"lines":{"total":5,"covered":5,"skipped":0,"pct":100},"functions":{"total":2,"covered":2,"skipped":0,"pct":100},"statements":{"total":5,"covered":5,"skipped":0,"pct":100},"branches":{"total":8,"covered":8,"skipped":0,"pct":100}}
,"/home/runner/work/UnoSim/UnoSim/client/src/hooks/use-toast.ts": {"lines":{"total":67,"covered":64,"skipped":0,"pct":95.52},"functions":{"total":22,"covered":19,"skipped":0,"pct":86.36},"statements":{"total":70,"covered":67,"skipped":0,"pct":95.71},"branches":{"total":39,"covered":30,"skipped":0,"pct":76.92}}
,"/home/runner/work/UnoSim/UnoSim/client/src/hooks/use-tutor.ts": {"lines":{"total":151,"covered":136,"skipped":0,"pct":90.06},"functions":{"total":32,"covered":28,"skipped":0,"pct":87.5},"statements":{"total":186,"covered":152,"skipped":0,"pct":81.72},"branches":{"total":133,"covered":90,"skipped":0,"pct":67.66}}
,"/home/runner/work/UnoSim/UnoSim/client/src/hooks/use-ui-feedback-adapter.ts": {"lines":{"total":91,"covered":90,"skipped":0,"pct":98.9},"functions":{"total":35,"covered":35,"skipped":0,"pct":100},"statements":{"total":94,"covered":93,"skipped":0,"pct":98.93},"branches":{"total":41,"covered":40,"skipped":0,"pct":97.56}}
,"/home/runner/work/UnoSim/UnoSim/client/src/hooks/useArduinoSimulatorPage.tsx": {"lines":{"total":163,"covered":97,"skipped":0,"pct":59.5},"functions":{"total":33,"covered":14,"skipped":0,"pct":42.42},"statements":{"total":180,"covered":102,"skipped":0,"pct":56.66},"branches":{"total":51,"covered":21,"skipped":0,"pct":41.17}}
,"/home/runner/work/UnoSim/UnoSim/client/src/hooks/useFileSystem.ts": {"lines":{"total":29,"covered":24,"skipped":0,"pct":82.75},"functions":{"total":6,"covered":5,"skipped":0,"pct":83.33},"statements":{"total":30,"covered":24,"skipped":0,"pct":80},"branches":{"total":15,"covered":12,"skipped":0,"pct":80}}
,"/home/runner/work/UnoSim/UnoSim/client/src/hooks/usePinPollingEngine.ts": {"lines":{"total":198,"covered":184,"skipped":0,"pct":92.92},"functions":{"total":31,"covered":31,"skipped":0,"pct":100},"statements":{"total":227,"covered":207,"skipped":0,"pct":91.18},"branches":{"total":130,"covered":97,"skipped":0,"pct":74.61}}
,"/home/runner/work/UnoSim/UnoSim/client/src/hooks/useSimulatorActions.ts": {"lines":{"total":13,"covered":7,"skipped":0,"pct":53.84},"functions":{"total":7,"covered":1,"skipped":0,"pct":14.28},"statements":{"total":13,"covered":7,"skipped":0,"pct":53.84},"branches":{"total":0,"covered":0,"skipped":0,"pct":100}}
,"/home/runner/work/UnoSim/UnoSim/client/src/hooks/useSimulatorExternalControl.ts": {"lines":{"total":36,"covered":35,"skipped":0,"pct":97.22},"functions":{"total":11,"covered":10,"skipped":0,"pct":90.9},"statements":{"total":44,"covered":38,"skipped":0,"pct":86.36},"branches":{"total":28,"covered":21,"skipped":0,"pct":75}}
,"/home/runner/work/UnoSim/UnoSim/client/src/hooks/useSimulatorFileSystem.ts": {"lines":{"total":64,"covered":61,"skipped":0,"pct":95.31},"functions":{"total":19,"covered":18,"skipped":0,"pct":94.73},"statements":{"total":74,"covered":70,"skipped":0,"pct":94.59},"branches":{"total":34,"covered":26,"skipped":0,"pct":76.47}}
,"/home/runner/work/UnoSim/UnoSim/client/src/hooks/useSimulatorKeyboardShortcuts.ts": {"lines":{"total":34,"covered":33,"skipped":0,"pct":97.05},"functions":{"total":8,"covered":8,"skipped":0,"pct":100},"statements":{"total":39,"covered":38,"skipped":0,"pct":97.43},"branches":{"total":49,"covered":43,"skipped":0,"pct":87.75}}
,"/home/runner/work/UnoSim/UnoSim/client/src/hooks/useSimulatorOutputPanel.ts": {"lines":{"total":25,"covered":25,"skipped":0,"pct":100},"functions":{"total":6,"covered":6,"skipped":0,"pct":100},"statements":{"total":25,"covered":25,"skipped":0,"pct":100},"branches":{"total":14,"covered":12,"skipped":0,"pct":85.71}}
,"/home/runner/work/UnoSim/UnoSim/client/src/hooks/useSimulatorPinControls.ts": {"lines":{"total":29,"covered":29,"skipped":0,"pct":100},"functions":{"total":8,"covered":8,"skipped":0,"pct":100},"statements":{"total":33,"covered":33,"skipped":0,"pct":100},"branches":{"total":16,"covered":15,"skipped":0,"pct":93.75}}
,"/home/runner/work/UnoSim/UnoSim/client/src/hooks/useSimulatorSerialPanel.ts": {"lines":{"total":16,"covered":16,"skipped":0,"pct":100},"functions":{"total":5,"covered":4,"skipped":0,"pct":80},"statements":{"total":19,"covered":18,"skipped":0,"pct":94.73},"branches":{"total":14,"covered":14,"skipped":0,"pct":100}}
,"/home/runner/work/UnoSim/UnoSim/client/src/hooks/useSimulatorUIState.tsx": {"lines":{"total":25,"covered":15,"skipped":0,"pct":60},"functions":{"total":13,"covered":7,"skipped":0,"pct":53.84},"statements":{"total":26,"covered":16,"skipped":0,"pct":61.53},"branches":{"total":10,"covered":5,"skipped":0,"pct":50}}
,"/home/runner/work/UnoSim/UnoSim/client/src/hooks/useWebSocketHandler.ts": {"lines":{"total":206,"covered":158,"skipped":0,"pct":76.69},"functions":{"total":36,"covered":20,"skipped":0,"pct":55.55},"statements":{"total":221,"covered":160,"skipped":0,"pct":72.39},"branches":{"total":136,"covered":85,"skipped":0,"pct":62.5}}
,"/home/runner/work/UnoSim/UnoSim/client/src/lib/compilation-error-state.ts": {"lines":{"total":5,"covered":5,"skipped":0,"pct":100},"functions":{"total":1,"covered":1,"skipped":0,"pct":100},"statements":{"total":5,"covered":5,"skipped":0,"pct":100},"branches":{"total":4,"covered":2,"skipped":0,"pct":50}}
,"/home/runner/work/UnoSim/UnoSim/client/src/lib/experimental-workspace-layout.ts": {"lines":{"total":23,"covered":19,"skipped":0,"pct":82.6},"functions":{"total":11,"covered":10,"skipped":0,"pct":90.9},"statements":{"total":32,"covered":25,"skipped":0,"pct":78.12},"branches":{"total":15,"covered":10,"skipped":0,"pct":66.66}}
,"/home/runner/work/UnoSim/UnoSim/client/src/lib/external-examples.ts": {"lines":{"total":113,"covered":97,"skipped":0,"pct":85.84},"functions":{"total":26,"covered":25,"skipped":0,"pct":96.15},"statements":{"total":128,"covered":106,"skipped":0,"pct":82.81},"branches":{"total":113,"covered":86,"skipped":0,"pct":76.1}}
,"/home/runner/work/UnoSim/UnoSim/client/src/lib/font-scale-utils.ts": {"lines":{"total":38,"covered":35,"skipped":0,"pct":92.1},"functions":{"total":8,"covered":8,"skipped":0,"pct":100},"statements":{"total":43,"covered":40,"skipped":0,"pct":93.02},"branches":{"total":16,"covered":14,"skipped":0,"pct":87.5}}
,"/home/runner/work/UnoSim/UnoSim/client/src/lib/io-registry-state.ts": {"lines":{"total":2,"covered":2,"skipped":0,"pct":100},"functions":{"total":1,"covered":1,"skipped":0,"pct":100},"statements":{"total":2,"covered":2,"skipped":0,"pct":100},"branches":{"total":6,"covered":6,"skipped":0,"pct":100}}
,"/home/runner/work/UnoSim/UnoSim/client/src/lib/monaco-error-suppressor.ts": {"lines":{"total":83,"covered":60,"skipped":0,"pct":72.28},"functions":{"total":12,"covered":6,"skipped":0,"pct":50},"statements":{"total":85,"covered":62,"skipped":0,"pct":72.94},"branches":{"total":72,"covered":43,"skipped":0,"pct":59.72}}
,"/home/runner/work/UnoSim/UnoSim/client/src/lib/platform.ts": {"lines":{"total":1,"covered":1,"skipped":0,"pct":100},"functions":{"total":0,"covered":0,"skipped":0,"pct":100},"statements":{"total":1,"covered":1,"skipped":0,"pct":100},"branches":{"total":2,"covered":2,"skipped":0,"pct":100}}
,"/home/runner/work/UnoSim/UnoSim/client/src/lib/queryClient.ts": {"lines":{"total":22,"covered":21,"skipped":0,"pct":95.45},"functions":{"total":5,"covered":5,"skipped":0,"pct":100},"statements":{"total":22,"covered":21,"skipped":0,"pct":95.45},"branches":{"total":18,"covered":14,"skipped":0,"pct":77.77}}
,"/home/runner/work/UnoSim/UnoSim/client/src/lib/responsive-layout.ts": {"lines":{"total":5,"covered":5,"skipped":0,"pct":100},"functions":{"total":1,"covered":1,"skipped":0,"pct":100},"statements":{"total":7,"covered":7,"skipped":0,"pct":100},"branches":{"total":4,"covered":4,"skipped":0,"pct":100}}
,"/home/runner/work/UnoSim/UnoSim/client/src/lib/server-capabilities.ts": {"lines":{"total":3,"covered":3,"skipped":0,"pct":100},"functions":{"total":1,"covered":1,"skipped":0,"pct":100},"statements":{"total":3,"covered":3,"skipped":0,"pct":100},"branches":{"total":2,"covered":2,"skipped":0,"pct":100}}
,"/home/runner/work/UnoSim/UnoSim/client/src/lib/source-navigation.ts": {"lines":{"total":5,"covered":5,"skipped":0,"pct":100},"functions":{"total":3,"covered":3,"skipped":0,"pct":100},"statements":{"total":7,"covered":7,"skipped":0,"pct":100},"branches":{"total":6,"covered":6,"skipped":0,"pct":100}}
,"/home/runner/work/UnoSim/UnoSim/client/src/lib/source-project.ts": {"lines":{"total":20,"covered":20,"skipped":0,"pct":100},"functions":{"total":6,"covered":6,"skipped":0,"pct":100},"statements":{"total":25,"covered":25,"skipped":0,"pct":100},"branches":{"total":16,"covered":16,"skipped":0,"pct":100}}
,"/home/runner/work/UnoSim/UnoSim/client/src/lib/status-semantics.ts": {"lines":{"total":15,"covered":15,"skipped":0,"pct":100},"functions":{"total":6,"covered":6,"skipped":0,"pct":100},"statements":{"total":18,"covered":18,"skipped":0,"pct":100},"branches":{"total":12,"covered":11,"skipped":0,"pct":91.66}}
,"/home/runner/work/UnoSim/UnoSim/client/src/lib/tutor-mermaid.ts": {"lines":{"total":108,"covered":107,"skipped":0,"pct":99.07},"functions":{"total":26,"covered":25,"skipped":0,"pct":96.15},"statements":{"total":125,"covered":115,"skipped":0,"pct":92},"branches":{"total":81,"covered":59,"skipped":0,"pct":72.83}}
,"/home/runner/work/UnoSim/UnoSim/client/src/lib/tutor-visual-state.ts": {"lines":{"total":15,"covered":15,"skipped":0,"pct":100},"functions":{"total":1,"covered":1,"skipped":0,"pct":100},"statements":{"total":15,"covered":15,"skipped":0,"pct":100},"branches":{"total":17,"covered":17,"skipped":0,"pct":100}}
,"/home/runner/work/UnoSim/UnoSim/client/src/lib/utils.ts": {"lines":{"total":1,"covered":1,"skipped":0,"pct":100},"functions":{"total":1,"covered":1,"skipped":0,"pct":100},"statements":{"total":1,"covered":1,"skipped":0,"pct":100},"branches":{"total":0,"covered":0,"skipped":0,"pct":100}}
,"/home/runner/work/UnoSim/UnoSim/client/src/lib/uuid.ts": {"lines":{"total":10,"covered":9,"skipped":0,"pct":90},"functions":{"total":2,"covered":2,"skipped":0,"pct":100},"statements":{"total":11,"covered":10,"skipped":0,"pct":90.9},"branches":{"total":4,"covered":3,"skipped":0,"pct":75}}
,"/home/runner/work/UnoSim/UnoSim/client/src/lib/websocket-manager.ts": {"lines":{"total":201,"covered":175,"skipped":0,"pct":87.06},"functions":{"total":32,"covered":31,"skipped":0,"pct":96.87},"statements":{"total":208,"covered":179,"skipped":0,"pct":86.05},"branches":{"total":88,"covered":63,"skipped":0,"pct":71.59}}
,"/home/runner/work/UnoSim/UnoSim/client/src/pages/arduino-simulator.tsx": {"lines":{"total":1,"covered":1,"skipped":0,"pct":100},"functions":{"total":1,"covered":1,"skipped":0,"pct":100},"statements":{"total":1,"covered":1,"skipped":0,"pct":100},"branches":{"total":0,"covered":0,"skipped":0,"pct":100}}
,"/home/runner/work/UnoSim/UnoSim/client/src/pages/not-found.tsx": {"lines":{"total":1,"covered":0,"skipped":0,"pct":0},"functions":{"total":1,"covered":0,"skipped":0,"pct":0},"statements":{"total":1,"covered":0,"skipped":0,"pct":0},"branches":{"total":0,"covered":0,"skipped":0,"pct":100}}
,"/home/runner/work/UnoSim/UnoSim/client/src/types/external-api.ts": {"lines":{"total":21,"covered":21,"skipped":0,"pct":100},"functions":{"total":2,"covered":2,"skipped":0,"pct":100},"statements":{"total":23,"covered":23,"skipped":0,"pct":100},"branches":{"total":4,"covered":4,"skipped":0,"pct":100}}
,"/home/runner/work/UnoSim/UnoSim/client/src/types/source-navigation.ts": {"lines":{"total":4,"covered":4,"skipped":0,"pct":100},"functions":{"total":3,"covered":3,"skipped":0,"pct":100},"statements":{"total":5,"covered":5,"skipped":0,"pct":100},"branches":{"total":8,"covered":7,"skipped":0,"pct":87.5}}
,"/home/runner/work/UnoSim/UnoSim/client/src/types/websocket.ts": {"lines":{"total":5,"covered":4,"skipped":0,"pct":80},"functions":{"total":4,"covered":3,"skipped":0,"pct":75},"statements":{"total":5,"covered":4,"skipped":0,"pct":80},"branches":{"total":3,"covered":3,"skipped":0,"pct":100}}
,"/home/runner/work/UnoSim/UnoSim/client/src/utils/event-utils.ts": {"lines":{"total":6,"covered":6,"skipped":0,"pct":100},"functions":{"total":3,"covered":3,"skipped":0,"pct":100},"statements":{"total":6,"covered":6,"skipped":0,"pct":100},"branches":{"total":4,"covered":4,"skipped":0,"pct":100}}
,"/home/runner/work/UnoSim/UnoSim/client/src/utils/serial-character-renderer.ts": {"lines":{"total":54,"covered":52,"skipped":0,"pct":96.29},"functions":{"total":14,"covered":14,"skipped":0,"pct":100},"statements":{"total":57,"covered":54,"skipped":0,"pct":94.73},"branches":{"total":33,"covered":30,"skipped":0,"pct":90.9}}
,"/home/runner/work/UnoSim/UnoSim/scripts/capacity-docker-events.ts": {"lines":{"total":22,"covered":22,"skipped":0,"pct":100},"functions":{"total":5,"covered":5,"skipped":0,"pct":100},"statements":{"total":25,"covered":24,"skipped":0,"pct":96},"branches":{"total":24,"covered":20,"skipped":0,"pct":83.33}}
,"/home/runner/work/UnoSim/UnoSim/scripts/capacity-validation-config.ts": {"lines":{"total":13,"covered":13,"skipped":0,"pct":100},"functions":{"total":2,"covered":2,"skipped":0,"pct":100},"statements":{"total":20,"covered":20,"skipped":0,"pct":100},"branches":{"total":16,"covered":16,"skipped":0,"pct":100}}
,"/home/runner/work/UnoSim/UnoSim/scripts/test-budget-reporter.mjs": {"lines":{"total":50,"covered":49,"skipped":0,"pct":98},"functions":{"total":5,"covered":4,"skipped":0,"pct":80},"statements":{"total":50,"covered":49,"skipped":0,"pct":98},"branches":{"total":59,"covered":53,"skipped":0,"pct":89.83}}
,"/home/runner/work/UnoSim/UnoSim/server/config.ts": {"lines":{"total":128,"covered":117,"skipped":0,"pct":91.4},"functions":{"total":23,"covered":21,"skipped":0,"pct":91.3},"statements":{"total":143,"covered":129,"skipped":0,"pct":90.2},"branches":{"total":155,"covered":134,"skipped":0,"pct":86.45}}
,"/home/runner/work/UnoSim/UnoSim/server/rate-limit-policy.ts": {"lines":{"total":2,"covered":2,"skipped":0,"pct":100},"functions":{"total":1,"covered":1,"skipped":0,"pct":100},"statements":{"total":2,"covered":2,"skipped":0,"pct":100},"branches":{"total":2,"covered":2,"skipped":0,"pct":100}}
,"/home/runner/work/UnoSim/UnoSim/server/routes.ts": {"lines":{"total":104,"covered":83,"skipped":0,"pct":79.8},"functions":{"total":25,"covered":17,"skipped":0,"pct":68},"statements":{"total":115,"covered":90,"skipped":0,"pct":78.26},"branches":{"total":29,"covered":11,"skipped":0,"pct":37.93}}
,"/home/runner/work/UnoSim/UnoSim/server/startup-access.ts": {"lines":{"total":20,"covered":20,"skipped":0,"pct":100},"functions":{"total":12,"covered":12,"skipped":0,"pct":100},"statements":{"total":26,"covered":25,"skipped":0,"pct":96.15},"branches":{"total":29,"covered":24,"skipped":0,"pct":82.75}}
,"/home/runner/work/UnoSim/UnoSim/server/storage.ts": {"lines":{"total":17,"covered":17,"skipped":0,"pct":100},"functions":{"total":6,"covered":6,"skipped":0,"pct":100},"statements":{"total":18,"covered":18,"skipped":0,"pct":100},"branches":{"total":2,"covered":2,"skipped":0,"pct":100}}
,"/home/runner/work/UnoSim/UnoSim/server/mocks/arduino-mock/arduino-constants.ts": {"lines":{"total":1,"covered":1,"skipped":0,"pct":100},"functions":{"total":0,"covered":0,"skipped":0,"pct":100},"statements":{"total":1,"covered":1,"skipped":0,"pct":100},"branches":{"total":0,"covered":0,"skipped":0,"pct":100}}
,"/home/runner/work/UnoSim/UnoSim/server/mocks/arduino-mock/arduino-mock.ts": {"lines":{"total":1,"covered":1,"skipped":0,"pct":100},"functions":{"total":0,"covered":0,"skipped":0,"pct":100},"statements":{"total":1,"covered":1,"skipped":0,"pct":100},"branches":{"total":0,"covered":0,"skipped":0,"pct":100}}
,"/home/runner/work/UnoSim/UnoSim/server/mocks/arduino-mock/arduino-registry-logic.ts": {"lines":{"total":1,"covered":1,"skipped":0,"pct":100},"functions":{"total":0,"covered":0,"skipped":0,"pct":100},"statements":{"total":1,"covered":1,"skipped":0,"pct":100},"branches":{"total":0,"covered":0,"skipped":0,"pct":100}}
,"/home/runner/work/UnoSim/UnoSim/server/mocks/arduino-mock/arduino-registry.ts": {"lines":{"total":2,"covered":2,"skipped":0,"pct":100},"functions":{"total":0,"covered":0,"skipped":0,"pct":100},"statements":{"total":2,"covered":2,"skipped":0,"pct":100},"branches":{"total":0,"covered":0,"skipped":0,"pct":100}}
,"/home/runner/work/UnoSim/UnoSim/server/mocks/arduino-mock/arduino-stdin.ts": {"lines":{"total":1,"covered":1,"skipped":0,"pct":100},"functions":{"total":0,"covered":0,"skipped":0,"pct":100},"statements":{"total":1,"covered":1,"skipped":0,"pct":100},"branches":{"total":0,"covered":0,"skipped":0,"pct":100}}
,"/home/runner/work/UnoSim/UnoSim/server/mocks/arduino-mock/arduino-string-utils.ts": {"lines":{"total":1,"covered":1,"skipped":0,"pct":100},"functions":{"total":0,"covered":0,"skipped":0,"pct":100},"statements":{"total":1,"covered":1,"skipped":0,"pct":100},"branches":{"total":0,"covered":0,"skipped":0,"pct":100}}
,"/home/runner/work/UnoSim/UnoSim/server/mocks/arduino-mock/arduino-string.ts": {"lines":{"total":1,"covered":1,"skipped":0,"pct":100},"functions":{"total":0,"covered":0,"skipped":0,"pct":100},"statements":{"total":1,"covered":1,"skipped":0,"pct":100},"branches":{"total":0,"covered":0,"skipped":0,"pct":100}}
,"/home/runner/work/UnoSim/UnoSim/server/mocks/arduino-mock/arduino-timing.ts": {"lines":{"total":2,"covered":2,"skipped":0,"pct":100},"functions":{"total":0,"covered":0,"skipped":0,"pct":100},"statements":{"total":2,"covered":2,"skipped":0,"pct":100},"branches":{"total":0,"covered":0,"skipped":0,"pct":100}}
,"/home/runner/work/UnoSim/UnoSim/server/mocks/arduino-mock/index.ts": {"lines":{"total":0,"covered":0,"skipped":0,"pct":100},"functions":{"total":0,"covered":0,"skipped":0,"pct":100},"statements":{"total":0,"covered":0,"skipped":0,"pct":100},"branches":{"total":0,"covered":0,"skipped":0,"pct":100}}
,"/home/runner/work/UnoSim/UnoSim/server/routes/compiler.routes.ts": {"lines":{"total":66,"covered":62,"skipped":0,"pct":93.93},"functions":{"total":10,"covered":9,"skipped":0,"pct":90},"statements":{"total":74,"covered":65,"skipped":0,"pct":87.83},"branches":{"total":54,"covered":45,"skipped":0,"pct":83.33}}
,"/home/runner/work/UnoSim/UnoSim/server/routes/config.routes.ts": {"lines":{"total":2,"covered":1,"skipped":0,"pct":50},"functions":{"total":2,"covered":1,"skipped":0,"pct":50},"statements":{"total":2,"covered":1,"skipped":0,"pct":50},"branches":{"total":0,"covered":0,"skipped":0,"pct":100}}
,"/home/runner/work/UnoSim/UnoSim/server/routes/examples.routes.ts": {"lines":{"total":90,"covered":85,"skipped":0,"pct":94.44},"functions":{"total":16,"covered":15,"skipped":0,"pct":93.75},"statements":{"total":115,"covered":103,"skipped":0,"pct":89.56},"branches":{"total":120,"covered":108,"skipped":0,"pct":90}}
,"/home/runner/work/UnoSim/UnoSim/server/routes/simulation.ws.ts": {"lines":{"total":236,"covered":180,"skipped":0,"pct":76.27},"functions":{"total":40,"covered":31,"skipped":0,"pct":77.5},"statements":{"total":243,"covered":182,"skipped":0,"pct":74.89},"branches":{"total":119,"covered":72,"skipped":0,"pct":60.5}}
,"/home/runner/work/UnoSim/UnoSim/server/routes/status.routes.ts": {"lines":{"total":19,"covered":19,"skipped":0,"pct":100},"functions":{"total":3,"covered":3,"skipped":0,"pct":100},"statements":{"total":19,"covered":19,"skipped":0,"pct":100},"branches":{"total":10,"covered":7,"skipped":0,"pct":70}}
,"/home/runner/work/UnoSim/UnoSim/server/routes/test-reset.routes.ts": {"lines":{"total":12,"covered":8,"skipped":0,"pct":66.66},"functions":{"total":2,"covered":2,"skipped":0,"pct":100},"statements":{"total":13,"covered":9,"skipped":0,"pct":69.23},"branches":{"total":8,"covered":6,"skipped":0,"pct":75}}
,"/home/runner/work/UnoSim/UnoSim/server/routes/tutor.routes.ts": {"lines":{"total":83,"covered":49,"skipped":0,"pct":59.03},"functions":{"total":10,"covered":10,"skipped":0,"pct":100},"statements":{"total":91,"covered":52,"skipped":0,"pct":57.14},"branches":{"total":65,"covered":38,"skipped":0,"pct":58.46}}
,"/home/runner/work/UnoSim/UnoSim/server/routes/simulation/ws-message-router.ts": {"lines":{"total":33,"covered":32,"skipped":0,"pct":96.96},"functions":{"total":4,"covered":4,"skipped":0,"pct":100},"statements":{"total":35,"covered":32,"skipped":0,"pct":91.42},"branches":{"total":17,"covered":13,"skipped":0,"pct":76.47}}
,"/home/runner/work/UnoSim/UnoSim/server/routes/simulation/ws-output-buffer.ts": {"lines":{"total":23,"covered":23,"skipped":0,"pct":100},"functions":{"total":6,"covered":6,"skipped":0,"pct":100},"statements":{"total":23,"covered":23,"skipped":0,"pct":100},"branches":{"total":14,"covered":11,"skipped":0,"pct":78.57}}
,"/home/runner/work/UnoSim/UnoSim/server/routes/simulation/ws-session-manager.ts": {"lines":{"total":68,"covered":68,"skipped":0,"pct":100},"functions":{"total":14,"covered":14,"skipped":0,"pct":100},"statements":{"total":72,"covered":72,"skipped":0,"pct":100},"branches":{"total":41,"covered":41,"skipped":0,"pct":100}}
,"/home/runner/work/UnoSim/UnoSim/server/security/access-control.ts": {"lines":{"total":112,"covered":104,"skipped":0,"pct":92.85},"functions":{"total":20,"covered":18,"skipped":0,"pct":90},"statements":{"total":127,"covered":111,"skipped":0,"pct":87.4},"branches":{"total":94,"covered":77,"skipped":0,"pct":81.91}}
,"/home/runner/work/UnoSim/UnoSim/server/security/safe-paths.ts": {"lines":{"total":6,"covered":6,"skipped":0,"pct":100},"functions":{"total":1,"covered":1,"skipped":0,"pct":100},"statements":{"total":6,"covered":6,"skipped":0,"pct":100},"branches":{"total":6,"covered":6,"skipped":0,"pct":100}}
,"/home/runner/work/UnoSim/UnoSim/server/services/arduino-compiler.ts": {"lines":{"total":99,"covered":86,"skipped":0,"pct":86.86},"functions":{"total":17,"covered":10,"skipped":0,"pct":58.82},"statements":{"total":104,"covered":89,"skipped":0,"pct":85.57},"branches":{"total":67,"covered":51,"skipped":0,"pct":76.11}}
,"/home/runner/work/UnoSim/UnoSim/server/services/arduino-mock.ts": {"lines":{"total":0,"covered":0,"skipped":0,"pct":100},"functions":{"total":0,"covered":0,"skipped":0,"pct":100},"statements":{"total":0,"covered":0,"skipped":0,"pct":100},"branches":{"total":0,"covered":0,"skipped":0,"pct":100}}
,"/home/runner/work/UnoSim/UnoSim/server/services/arduino-output-parser.ts": {"lines":{"total":58,"covered":54,"skipped":0,"pct":93.1},"functions":{"total":4,"covered":4,"skipped":0,"pct":100},"statements":{"total":58,"covered":54,"skipped":0,"pct":93.1},"branches":{"total":53,"covered":43,"skipped":0,"pct":81.13}}
,"/home/runner/work/UnoSim/UnoSim/server/services/compilation-worker-pool.ts": {"lines":{"total":130,"covered":118,"skipped":0,"pct":90.76},"functions":{"total":19,"covered":15,"skipped":0,"pct":78.94},"statements":{"total":132,"covered":119,"skipped":0,"pct":90.15},"branches":{"total":48,"covered":32,"skipped":0,"pct":66.66}}
,"/home/runner/work/UnoSim/UnoSim/server/services/compiler-diagnostics.ts": {"lines":{"total":1,"covered":1,"skipped":0,"pct":100},"functions":{"total":1,"covered":1,"skipped":0,"pct":100},"statements":{"total":1,"covered":1,"skipped":0,"pct":100},"branches":{"total":1,"covered":1,"skipped":0,"pct":100}}
,"/home/runner/work/UnoSim/UnoSim/server/services/compiler-with-fallback.ts": {"lines":{"total":38,"covered":27,"skipped":0,"pct":71.05},"functions":{"total":8,"covered":6,"skipped":0,"pct":75},"statements":{"total":38,"covered":27,"skipped":0,"pct":71.05},"branches":{"total":28,"covered":16,"skipped":0,"pct":57.14}}
,"/home/runner/work/UnoSim/UnoSim/server/services/docker-command-builder.ts": {"lines":{"total":5,"covered":5,"skipped":0,"pct":100},"functions":{"total":3,"covered":3,"skipped":0,"pct":100},"statements":{"total":6,"covered":6,"skipped":0,"pct":100},"branches":{"total":6,"covered":6,"skipped":0,"pct":100}}
,"/home/runner/work/UnoSim/UnoSim/server/services/local-compiler.ts": {"lines":{"total":148,"covered":130,"skipped":0,"pct":87.83},"functions":{"total":16,"covered":16,"skipped":0,"pct":100},"statements":{"total":153,"covered":134,"skipped":0,"pct":87.58},"branches":{"total":52,"covered":35,"skipped":0,"pct":67.3}}
,"/home/runner/work/UnoSim/UnoSim/server/services/output-collector.ts": {"lines":{"total":4,"covered":4,"skipped":0,"pct":100},"functions":{"total":3,"covered":3,"skipped":0,"pct":100},"statements":{"total":5,"covered":5,"skipped":0,"pct":100},"branches":{"total":0,"covered":0,"skipped":0,"pct":100}}
,"/home/runner/work/UnoSim/UnoSim/server/services/pin-state-batcher.ts": {"lines":{"total":37,"covered":36,"skipped":0,"pct":97.29},"functions":{"total":11,"covered":11,"skipped":0,"pct":100},"statements":{"total":38,"covered":37,"skipped":0,"pct":97.36},"branches":{"total":12,"covered":9,"skipped":0,"pct":75}}
,"/home/runner/work/UnoSim/UnoSim/server/services/process-controller.ts": {"lines":{"total":103,"covered":71,"skipped":0,"pct":68.93},"functions":{"total":25,"covered":20,"skipped":0,"pct":80},"statements":{"total":114,"covered":75,"skipped":0,"pct":65.78},"branches":{"total":63,"covered":30,"skipped":0,"pct":47.61}}
,"/home/runner/work/UnoSim/UnoSim/server/services/process-execution-port.ts": {"lines":{"total":1,"covered":1,"skipped":0,"pct":100},"functions":{"total":1,"covered":1,"skipped":0,"pct":100},"statements":{"total":1,"covered":1,"skipped":0,"pct":100},"branches":{"total":0,"covered":0,"skipped":0,"pct":100}}
,"/home/runner/work/UnoSim/UnoSim/server/services/process-executor.ts": {"lines":{"total":82,"covered":58,"skipped":0,"pct":70.73},"functions":{"total":10,"covered":8,"skipped":0,"pct":80},"statements":{"total":84,"covered":58,"skipped":0,"pct":69.04},"branches":{"total":61,"covered":30,"skipped":0,"pct":49.18}}
,"/home/runner/work/UnoSim/UnoSim/server/services/protocol-version.ts": {"lines":{"total":11,"covered":11,"skipped":0,"pct":100},"functions":{"total":3,"covered":3,"skipped":0,"pct":100},"statements":{"total":11,"covered":11,"skipped":0,"pct":100},"branches":{"total":6,"covered":6,"skipped":0,"pct":100}}
,"/home/runner/work/UnoSim/UnoSim/server/services/rate-limiter.ts": {"lines":{"total":59,"covered":59,"skipped":0,"pct":100},"functions":{"total":17,"covered":17,"skipped":0,"pct":100},"statements":{"total":61,"covered":61,"skipped":0,"pct":100},"branches":{"total":13,"covered":13,"skipped":0,"pct":100}}
,"/home/runner/work/UnoSim/UnoSim/server/services/registry-logic.ts": {"lines":{"total":11,"covered":11,"skipped":0,"pct":100},"functions":{"total":3,"covered":3,"skipped":0,"pct":100},"statements":{"total":16,"covered":16,"skipped":0,"pct":100},"branches":{"total":14,"covered":12,"skipped":0,"pct":85.71}}
,"/home/runner/work/UnoSim/UnoSim/server/services/registry-manager.ts": {"lines":{"total":277,"covered":240,"skipped":0,"pct":86.64},"functions":{"total":42,"covered":37,"skipped":0,"pct":88.09},"statements":{"total":296,"covered":248,"skipped":0,"pct":83.78},"branches":{"total":199,"covered":144,"skipped":0,"pct":72.36}}
,"/home/runner/work/UnoSim/UnoSim/server/services/sandbox-runner-pool.ts": {"lines":{"total":202,"covered":189,"skipped":0,"pct":93.56},"functions":{"total":33,"covered":32,"skipped":0,"pct":96.96},"statements":{"total":208,"covered":194,"skipped":0,"pct":93.26},"branches":{"total":102,"covered":82,"skipped":0,"pct":80.39}}
,"/home/runner/work/UnoSim/UnoSim/server/services/sandbox-runner.ts": {"lines":{"total":191,"covered":156,"skipped":0,"pct":81.67},"functions":{"total":31,"covered":22,"skipped":0,"pct":70.96},"statements":{"total":222,"covered":170,"skipped":0,"pct":76.57},"branches":{"total":119,"covered":69,"skipped":0,"pct":57.98}}
,"/home/runner/work/UnoSim/UnoSim/server/services/serial-output-batcher.ts": {"lines":{"total":101,"covered":96,"skipped":0,"pct":95.04},"functions":{"total":14,"covered":13,"skipped":0,"pct":92.85},"statements":{"total":105,"covered":98,"skipped":0,"pct":93.33},"branches":{"total":46,"covered":35,"skipped":0,"pct":76.08}}
,"/home/runner/work/UnoSim/UnoSim/server/services/server-metrics.ts": {"lines":{"total":92,"covered":91,"skipped":0,"pct":98.91},"functions":{"total":14,"covered":13,"skipped":0,"pct":92.85},"statements":{"total":92,"covered":91,"skipped":0,"pct":98.91},"branches":{"total":33,"covered":33,"skipped":0,"pct":100}}
,"/home/runner/work/UnoSim/UnoSim/server/services/simulation-admission-controller.ts": {"lines":{"total":26,"covered":25,"skipped":0,"pct":96.15},"functions":{"total":5,"covered":5,"skipped":0,"pct":100},"statements":{"total":27,"covered":26,"skipped":0,"pct":96.29},"branches":{"total":9,"covered":8,"skipped":0,"pct":88.88}}
,"/home/runner/work/UnoSim/UnoSim/server/services/simulation-end.ts": {"lines":{"total":2,"covered":2,"skipped":0,"pct":100},"functions":{"total":1,"covered":1,"skipped":0,"pct":100},"statements":{"total":2,"covered":2,"skipped":0,"pct":100},"branches":{"total":0,"covered":0,"skipped":0,"pct":100}}
,"/home/runner/work/UnoSim/UnoSim/server/services/simulation-state-machine.ts": {"lines":{"total":4,"covered":4,"skipped":0,"pct":100},"functions":{"total":2,"covered":2,"skipped":0,"pct":100},"statements":{"total":5,"covered":5,"skipped":0,"pct":100},"branches":{"total":4,"covered":4,"skipped":0,"pct":100}}
,"/home/runner/work/UnoSim/UnoSim/server/services/simulation-timeout-manager.ts": {"lines":{"total":79,"covered":71,"skipped":0,"pct":89.87},"functions":{"total":11,"covered":11,"skipped":0,"pct":100},"statements":{"total":79,"covered":71,"skipped":0,"pct":89.87},"branches":{"total":37,"covered":29,"skipped":0,"pct":78.37}}
,"/home/runner/work/UnoSim/UnoSim/server/services/sketch-file-builder.ts": {"lines":{"total":55,"covered":51,"skipped":0,"pct":92.72},"functions":{"total":8,"covered":8,"skipped":0,"pct":100},"statements":{"total":56,"covered":52,"skipped":0,"pct":92.85},"branches":{"total":21,"covered":18,"skipped":0,"pct":85.71}}
,"/home/runner/work/UnoSim/UnoSim/server/services/unified-gatekeeper.ts": {"lines":{"total":193,"covered":165,"skipped":0,"pct":85.49},"functions":{"total":35,"covered":33,"skipped":0,"pct":94.28},"statements":{"total":206,"covered":174,"skipped":0,"pct":84.46},"branches":{"total":80,"covered":59,"skipped":0,"pct":73.75}}
,"/home/runner/work/UnoSim/UnoSim/server/services/ws-message-decoder.ts": {"lines":{"total":4,"covered":4,"skipped":0,"pct":100},"functions":{"total":1,"covered":1,"skipped":0,"pct":100},"statements":{"total":4,"covered":4,"skipped":0,"pct":100},"branches":{"total":2,"covered":2,"skipped":0,"pct":100}}
,"/home/runner/work/UnoSim/UnoSim/server/services/ws-session-lifecycle.ts": {"lines":{"total":8,"covered":7,"skipped":0,"pct":87.5},"functions":{"total":7,"covered":6,"skipped":0,"pct":85.71},"statements":{"total":10,"covered":9,"skipped":0,"pct":90},"branches":{"total":0,"covered":0,"skipped":0,"pct":100}}
,"/home/runner/work/UnoSim/UnoSim/server/services/compiler/cache-manager.ts": {"lines":{"total":65,"covered":65,"skipped":0,"pct":100},"functions":{"total":11,"covered":9,"skipped":0,"pct":81.81},"statements":{"total":72,"covered":70,"skipped":0,"pct":97.22},"branches":{"total":17,"covered":15,"skipped":0,"pct":88.23}}
,"/home/runner/work/UnoSim/UnoSim/server/services/compiler/cli-runner.ts": {"lines":{"total":73,"covered":65,"skipped":0,"pct":89.04},"functions":{"total":16,"covered":13,"skipped":0,"pct":81.25},"statements":{"total":77,"covered":66,"skipped":0,"pct":85.71},"branches":{"total":59,"covered":48,"skipped":0,"pct":81.35}}
,"/home/runner/work/UnoSim/UnoSim/server/services/compiler/compiler-output-parser.ts": {"lines":{"total":40,"covered":38,"skipped":0,"pct":95},"functions":{"total":15,"covered":14,"skipped":0,"pct":93.33},"statements":{"total":51,"covered":48,"skipped":0,"pct":94.11},"branches":{"total":30,"covered":28,"skipped":0,"pct":93.33}}
,"/home/runner/work/UnoSim/UnoSim/server/services/compiler/header-processor.ts": {"lines":{"total":40,"covered":38,"skipped":0,"pct":95},"functions":{"total":5,"covered":5,"skipped":0,"pct":100},"statements":{"total":44,"covered":42,"skipped":0,"pct":95.45},"branches":{"total":21,"covered":16,"skipped":0,"pct":76.19}}
,"/home/runner/work/UnoSim/UnoSim/server/services/compiler/temp-fs.ts": {"lines":{"total":34,"covered":29,"skipped":0,"pct":85.29},"functions":{"total":5,"covered":4,"skipped":0,"pct":80},"statements":{"total":36,"covered":31,"skipped":0,"pct":86.11},"branches":{"total":8,"covered":6,"skipped":0,"pct":75}}
,"/home/runner/work/UnoSim/UnoSim/server/services/examples/built-in-provider.ts": {"lines":{"total":34,"covered":2,"skipped":0,"pct":5.88},"functions":{"total":8,"covered":0,"skipped":0,"pct":0},"statements":{"total":37,"covered":2,"skipped":0,"pct":5.4},"branches":{"total":10,"covered":0,"skipped":0,"pct":0}}
,"/home/runner/work/UnoSim/UnoSim/server/services/examples/examples-cache.ts": {"lines":{"total":101,"covered":86,"skipped":0,"pct":85.14},"functions":{"total":25,"covered":22,"skipped":0,"pct":88},"statements":{"total":117,"covered":97,"skipped":0,"pct":82.9},"branches":{"total":34,"covered":29,"skipped":0,"pct":85.29}}
,"/home/runner/work/UnoSim/UnoSim/server/services/examples/examples-error.ts": {"lines":{"total":7,"covered":7,"skipped":0,"pct":100},"functions":{"total":2,"covered":2,"skipped":0,"pct":100},"statements":{"total":7,"covered":7,"skipped":0,"pct":100},"branches":{"total":2,"covered":1,"skipped":0,"pct":50}}
,"/home/runner/work/UnoSim/UnoSim/server/services/examples/examples-load-controller.ts": {"lines":{"total":58,"covered":57,"skipped":0,"pct":98.27},"functions":{"total":16,"covered":15,"skipped":0,"pct":93.75},"statements":{"total":63,"covered":60,"skipped":0,"pct":95.23},"branches":{"total":22,"covered":16,"skipped":0,"pct":72.72}}
,"/home/runner/work/UnoSim/UnoSim/server/services/examples/examples-repository.ts": {"lines":{"total":37,"covered":30,"skipped":0,"pct":81.08},"functions":{"total":14,"covered":13,"skipped":0,"pct":92.85},"statements":{"total":44,"covered":35,"skipped":0,"pct":79.54},"branches":{"total":31,"covered":22,"skipped":0,"pct":70.96}}
,"/home/runner/work/UnoSim/UnoSim/server/services/examples/examples-schema.ts": {"lines":{"total":33,"covered":30,"skipped":0,"pct":90.9},"functions":{"total":5,"covered":5,"skipped":0,"pct":100},"statements":{"total":39,"covered":34,"skipped":0,"pct":87.17},"branches":{"total":32,"covered":27,"skipped":0,"pct":84.37}}
,"/home/runner/work/UnoSim/UnoSim/server/services/examples/github-revision-resolver.ts": {"lines":{"total":13,"covered":12,"skipped":0,"pct":92.3},"functions":{"total":2,"covered":2,"skipped":0,"pct":100},"statements":{"total":14,"covered":13,"skipped":0,"pct":92.85},"branches":{"total":2,"covered":2,"skipped":0,"pct":100}}
,"/home/runner/work/UnoSim/UnoSim/server/services/examples/http-provider.ts": {"lines":{"total":78,"covered":64,"skipped":0,"pct":82.05},"functions":{"total":21,"covered":20,"skipped":0,"pct":95.23},"statements":{"total":97,"covered":78,"skipped":0,"pct":80.41},"branches":{"total":66,"covered":41,"skipped":0,"pct":62.12}}
,"/home/runner/work/UnoSim/UnoSim/server/services/examples/source-provider.ts": {"lines":{"total":41,"covered":33,"skipped":0,"pct":80.48},"functions":{"total":10,"covered":7,"skipped":0,"pct":70},"statements":{"total":48,"covered":34,"skipped":0,"pct":70.83},"branches":{"total":34,"covered":24,"skipped":0,"pct":70.58}}
,"/home/runner/work/UnoSim/UnoSim/server/services/examples/source-selection.ts": {"lines":{"total":29,"covered":25,"skipped":0,"pct":86.2},"functions":{"total":5,"covered":5,"skipped":0,"pct":100},"statements":{"total":35,"covered":29,"skipped":0,"pct":82.85},"branches":{"total":34,"covered":28,"skipped":0,"pct":82.35}}
,"/home/runner/work/UnoSim/UnoSim/server/services/sandbox/docker-compile-semaphore.ts": {"lines":{"total":38,"covered":33,"skipped":0,"pct":86.84},"functions":{"total":11,"covered":9,"skipped":0,"pct":81.81},"statements":{"total":43,"covered":34,"skipped":0,"pct":79.06},"branches":{"total":19,"covered":14,"skipped":0,"pct":73.68}}
,"/home/runner/work/UnoSim/UnoSim/server/services/sandbox/docker-manager.ts": {"lines":{"total":132,"covered":103,"skipped":0,"pct":78.03},"functions":{"total":22,"covered":18,"skipped":0,"pct":81.81},"statements":{"total":143,"covered":110,"skipped":0,"pct":76.92},"branches":{"total":91,"covered":62,"skipped":0,"pct":68.13}}
,"/home/runner/work/UnoSim/UnoSim/server/services/sandbox/execution-manager.ts": {"lines":{"total":254,"covered":189,"skipped":0,"pct":74.4},"functions":{"total":33,"covered":22,"skipped":0,"pct":66.66},"statements":{"total":267,"covered":196,"skipped":0,"pct":73.4},"branches":{"total":135,"covered":68,"skipped":0,"pct":50.37}}
,"/home/runner/work/UnoSim/UnoSim/server/services/sandbox/filesystem-helper.ts": {"lines":{"total":55,"covered":55,"skipped":0,"pct":100},"functions":{"total":9,"covered":9,"skipped":0,"pct":100},"statements":{"total":57,"covered":57,"skipped":0,"pct":100},"branches":{"total":32,"covered":28,"skipped":0,"pct":87.5}}
,"/home/runner/work/UnoSim/UnoSim/server/services/sandbox/stream-handler.ts": {"lines":{"total":35,"covered":35,"skipped":0,"pct":100},"functions":{"total":4,"covered":4,"skipped":0,"pct":100},"statements":{"total":35,"covered":35,"skipped":0,"pct":100},"branches":{"total":26,"covered":24,"skipped":0,"pct":92.3}}
,"/home/runner/work/UnoSim/UnoSim/server/services/sandbox/execution-phases/cleanup-phase.ts": {"lines":{"total":21,"covered":21,"skipped":0,"pct":100},"functions":{"total":3,"covered":3,"skipped":0,"pct":100},"statements":{"total":21,"covered":21,"skipped":0,"pct":100},"branches":{"total":20,"covered":20,"skipped":0,"pct":100}}
,"/home/runner/work/UnoSim/UnoSim/server/services/sandbox/execution-phases/prepare-phase.ts": {"lines":{"total":15,"covered":15,"skipped":0,"pct":100},"functions":{"total":3,"covered":3,"skipped":0,"pct":100},"statements":{"total":17,"covered":17,"skipped":0,"pct":100},"branches":{"total":8,"covered":7,"skipped":0,"pct":87.5}}
,"/home/runner/work/UnoSim/UnoSim/server/services/sandbox/execution-phases/start-phase.ts": {"lines":{"total":12,"covered":12,"skipped":0,"pct":100},"functions":{"total":2,"covered":2,"skipped":0,"pct":100},"statements":{"total":12,"covered":12,"skipped":0,"pct":100},"branches":{"total":4,"covered":3,"skipped":0,"pct":75}}
,"/home/runner/work/UnoSim/UnoSim/server/services/sandbox/execution-phases/stream-phase.ts": {"lines":{"total":30,"covered":30,"skipped":0,"pct":100},"functions":{"total":6,"covered":6,"skipped":0,"pct":100},"statements":{"total":32,"covered":32,"skipped":0,"pct":100},"branches":{"total":27,"covered":25,"skipped":0,"pct":92.59}}
,"/home/runner/work/UnoSim/UnoSim/server/services/sandbox/execution-phases/timeout-phase.ts": {"lines":{"total":7,"covered":7,"skipped":0,"pct":100},"functions":{"total":4,"covered":4,"skipped":0,"pct":100},"statements":{"total":7,"covered":7,"skipped":0,"pct":100},"branches":{"total":5,"covered":5,"skipped":0,"pct":100}}
,"/home/runner/work/UnoSim/UnoSim/server/services/tutor/curriculum-tutor-adapter.ts": {"lines":{"total":21,"covered":20,"skipped":0,"pct":95.23},"functions":{"total":5,"covered":5,"skipped":0,"pct":100},"statements":{"total":25,"covered":20,"skipped":0,"pct":80},"branches":{"total":25,"covered":18,"skipped":0,"pct":72}}
,"/home/runner/work/UnoSim/UnoSim/server/services/tutor/kiconnect-provider.ts": {"lines":{"total":118,"covered":86,"skipped":0,"pct":72.88},"functions":{"total":21,"covered":17,"skipped":0,"pct":80.95},"statements":{"total":143,"covered":95,"skipped":0,"pct":66.43},"branches":{"total":136,"covered":68,"skipped":0,"pct":50}}
,"/home/runner/work/UnoSim/UnoSim/server/services/tutor/llm-provider.ts": {"lines":{"total":4,"covered":4,"skipped":0,"pct":100},"functions":{"total":1,"covered":1,"skipped":0,"pct":100},"statements":{"total":4,"covered":4,"skipped":0,"pct":100},"branches":{"total":0,"covered":0,"skipped":0,"pct":100}}
,"/home/runner/work/UnoSim/UnoSim/server/services/tutor/model-preference.ts": {"lines":{"total":7,"covered":7,"skipped":0,"pct":100},"functions":{"total":6,"covered":6,"skipped":0,"pct":100},"statements":{"total":7,"covered":7,"skipped":0,"pct":100},"branches":{"total":4,"covered":4,"skipped":0,"pct":100}}
,"/home/runner/work/UnoSim/UnoSim/server/services/tutor/tutor-service-factory.ts": {"lines":{"total":1,"covered":1,"skipped":0,"pct":100},"functions":{"total":1,"covered":1,"skipped":0,"pct":100},"statements":{"total":1,"covered":1,"skipped":0,"pct":100},"branches":{"total":0,"covered":0,"skipped":0,"pct":100}}
,"/home/runner/work/UnoSim/UnoSim/server/services/tutor/tutor-service.ts": {"lines":{"total":153,"covered":137,"skipped":0,"pct":89.54},"functions":{"total":44,"covered":42,"skipped":0,"pct":95.45},"statements":{"total":183,"covered":158,"skipped":0,"pct":86.33},"branches":{"total":173,"covered":137,"skipped":0,"pct":79.19}}
,"/home/runner/work/UnoSim/UnoSim/server/services/tutor/curriculum/content-repository.ts": {"lines":{"total":103,"covered":80,"skipped":0,"pct":77.66},"functions":{"total":21,"covered":18,"skipped":0,"pct":85.71},"statements":{"total":129,"covered":95,"skipped":0,"pct":73.64},"branches":{"total":105,"covered":69,"skipped":0,"pct":65.71}}
,"/home/runner/work/UnoSim/UnoSim/server/services/tutor/curriculum/curriculum-schema.ts": {"lines":{"total":79,"covered":72,"skipped":0,"pct":91.13},"functions":{"total":25,"covered":25,"skipped":0,"pct":100},"statements":{"total":101,"covered":86,"skipped":0,"pct":85.14},"branches":{"total":51,"covered":32,"skipped":0,"pct":62.74}}
,"/home/runner/work/UnoSim/UnoSim/server/services/tutor/curriculum/learning-planner.ts": {"lines":{"total":91,"covered":81,"skipped":0,"pct":89.01},"functions":{"total":53,"covered":49,"skipped":0,"pct":92.45},"statements":{"total":132,"covered":110,"skipped":0,"pct":83.33},"branches":{"total":118,"covered":74,"skipped":0,"pct":62.71}}
,"/home/runner/work/UnoSim/UnoSim/server/services/tutor/curriculum/sketch-facts.ts": {"lines":{"total":37,"covered":35,"skipped":0,"pct":94.59},"functions":{"total":8,"covered":8,"skipped":0,"pct":100},"statements":{"total":45,"covered":41,"skipped":0,"pct":91.11},"branches":{"total":33,"covered":19,"skipped":0,"pct":57.57}}
,"/home/runner/work/UnoSim/UnoSim/server/services/tutor/curriculum/topic-matcher.ts": {"lines":{"total":5,"covered":4,"skipped":0,"pct":80},"functions":{"total":5,"covered":4,"skipped":0,"pct":80},"statements":{"total":6,"covered":5,"skipped":0,"pct":83.33},"branches":{"total":2,"covered":0,"skipped":0,"pct":0}}
,"/home/runner/work/UnoSim/UnoSim/server/services/utils/pin-validator.ts": {"lines":{"total":28,"covered":27,"skipped":0,"pct":96.42},"functions":{"total":11,"covered":11,"skipped":0,"pct":100},"statements":{"total":33,"covered":32,"skipped":0,"pct":96.96},"branches":{"total":22,"covered":21,"skipped":0,"pct":95.45}}
,"/home/runner/work/UnoSim/UnoSim/server/services/workers/compile-worker-utils.ts": {"lines":{"total":83,"covered":78,"skipped":0,"pct":93.97},"functions":{"total":20,"covered":18,"skipped":0,"pct":90},"statements":{"total":88,"covered":83,"skipped":0,"pct":94.31},"branches":{"total":26,"covered":22,"skipped":0,"pct":84.61}}
,"/home/runner/work/UnoSim/UnoSim/shared/code-parser.ts": {"lines":{"total":18,"covered":18,"skipped":0,"pct":100},"functions":{"total":8,"covered":8,"skipped":0,"pct":100},"statements":{"total":18,"covered":18,"skipped":0,"pct":100},"branches":{"total":6,"covered":5,"skipped":0,"pct":83.33}}
,"/home/runner/work/UnoSim/UnoSim/shared/examples.ts": {"lines":{"total":11,"covered":11,"skipped":0,"pct":100},"functions":{"total":1,"covered":1,"skipped":0,"pct":100},"statements":{"total":12,"covered":12,"skipped":0,"pct":100},"branches":{"total":12,"covered":12,"skipped":0,"pct":100}}
,"/home/runner/work/UnoSim/UnoSim/shared/input-limits.ts": {"lines":{"total":16,"covered":16,"skipped":0,"pct":100},"functions":{"total":3,"covered":3,"skipped":0,"pct":100},"statements":{"total":17,"covered":16,"skipped":0,"pct":94.11},"branches":{"total":13,"covered":12,"skipped":0,"pct":92.3}}
,"/home/runner/work/UnoSim/UnoSim/shared/io-registry-parser.ts": {"lines":{"total":368,"covered":362,"skipped":0,"pct":98.36},"functions":{"total":75,"covered":72,"skipped":0,"pct":96},"statements":{"total":442,"covered":417,"skipped":0,"pct":94.34},"branches":{"total":257,"covered":213,"skipped":0,"pct":82.87}}
,"/home/runner/work/UnoSim/UnoSim/shared/logger.ts": {"lines":{"total":62,"covered":56,"skipped":0,"pct":90.32},"functions":{"total":20,"covered":18,"skipped":0,"pct":90},"statements":{"total":68,"covered":59,"skipped":0,"pct":86.76},"branches":{"total":36,"covered":23,"skipped":0,"pct":63.88}}
,"/home/runner/work/UnoSim/UnoSim/shared/operation-errors.ts": {"lines":{"total":2,"covered":2,"skipped":0,"pct":100},"functions":{"total":1,"covered":1,"skipped":0,"pct":100},"statements":{"total":2,"covered":2,"skipped":0,"pct":100},"branches":{"total":2,"covered":2,"skipped":0,"pct":100}}
,"/home/runner/work/UnoSim/UnoSim/shared/parser-patterns.ts": {"lines":{"total":17,"covered":17,"skipped":0,"pct":100},"functions":{"total":5,"covered":5,"skipped":0,"pct":100},"statements":{"total":19,"covered":19,"skipped":0,"pct":100},"branches":{"total":2,"covered":2,"skipped":0,"pct":100}}
,"/home/runner/work/UnoSim/UnoSim/shared/reserved-names-validator.ts": {"lines":{"total":51,"covered":51,"skipped":0,"pct":100},"functions":{"total":5,"covered":5,"skipped":0,"pct":100},"statements":{"total":52,"covered":52,"skipped":0,"pct":100},"branches":{"total":33,"covered":31,"skipped":0,"pct":93.93}}
,"/home/runner/work/UnoSim/UnoSim/shared/schema.ts": {"lines":{"total":24,"covered":24,"skipped":0,"pct":100},"functions":{"total":12,"covered":12,"skipped":0,"pct":100},"statements":{"total":28,"covered":28,"skipped":0,"pct":100},"branches":{"total":12,"covered":12,"skipped":0,"pct":100}}
,"/home/runner/work/UnoSim/UnoSim/shared/source-project.ts": {"lines":{"total":204,"covered":189,"skipped":0,"pct":92.64},"functions":{"total":28,"covered":27,"skipped":0,"pct":96.42},"statements":{"total":230,"covered":213,"skipped":0,"pct":92.6},"branches":{"total":173,"covered":148,"skipped":0,"pct":85.54}}
,"/home/runner/work/UnoSim/UnoSim/shared/tutor.ts": {"lines":{"total":41,"covered":41,"skipped":0,"pct":100},"functions":{"total":5,"covered":5,"skipped":0,"pct":100},"statements":{"total":45,"covered":44,"skipped":0,"pct":97.77},"branches":{"total":9,"covered":7,"skipped":0,"pct":77.77}}
,"/home/runner/work/UnoSim/UnoSim/shared/worker-protocol.ts": {"lines":{"total":16,"covered":15,"skipped":0,"pct":93.75},"functions":{"total":8,"covered":8,"skipped":0,"pct":100},"statements":{"total":16,"covered":15,"skipped":0,"pct":93.75},"branches":{"total":10,"covered":9,"skipped":0,"pct":90}}
,"/home/runner/work/UnoSim/UnoSim/shared/parsers/hardware-compatibility-parser.ts": {"lines":{"total":70,"covered":69,"skipped":0,"pct":98.57},"functions":{"total":31,"covered":31,"skipped":0,"pct":100},"statements":{"total":78,"covered":76,"skipped":0,"pct":97.43},"branches":{"total":36,"covered":29,"skipped":0,"pct":80.55}}
,"/home/runner/work/UnoSim/UnoSim/shared/parsers/performance-parser.ts": {"lines":{"total":40,"covered":39,"skipped":0,"pct":97.5},"functions":{"total":5,"covered":5,"skipped":0,"pct":100},"statements":{"total":43,"covered":41,"skipped":0,"pct":95.34},"branches":{"total":22,"covered":20,"skipped":0,"pct":90.9}}
,"/home/runner/work/UnoSim/UnoSim/shared/parsers/pin-conflicts-parser.ts": {"lines":{"total":17,"covered":17,"skipped":0,"pct":100},"functions":{"total":13,"covered":13,"skipped":0,"pct":100},"statements":{"total":22,"covered":20,"skipped":0,"pct":90.9},"branches":{"total":27,"covered":20,"skipped":0,"pct":74.07}}
,"/home/runner/work/UnoSim/UnoSim/shared/parsers/serial-configuration-parser.ts": {"lines":{"total":29,"covered":29,"skipped":0,"pct":100},"functions":{"total":4,"covered":4,"skipped":0,"pct":100},"statements":{"total":35,"covered":35,"skipped":0,"pct":100},"branches":{"total":22,"covered":22,"skipped":0,"pct":100}}
,"/home/runner/work/UnoSim/UnoSim/shared/parsers/structure-parser.ts": {"lines":{"total":15,"covered":14,"skipped":0,"pct":93.33},"functions":{"total":2,"covered":2,"skipped":0,"pct":100},"statements":{"total":15,"covered":14,"skipped":0,"pct":93.33},"branches":{"total":12,"covered":11,"skipped":0,"pct":91.66}}
,"/home/runner/work/UnoSim/UnoSim/shared/utils/arduino-utils.ts": {"lines":{"total":2,"covered":2,"skipped":0,"pct":100},"functions":{"total":1,"covered":1,"skipped":0,"pct":100},"statements":{"total":2,"covered":2,"skipped":0,"pct":100},"branches":{"total":2,"covered":1,"skipped":0,"pct":50}}
,"/home/runner/work/UnoSim/UnoSim/shared/utils/ring-buffer.ts": {"lines":{"total":43,"covered":43,"skipped":0,"pct":100},"functions":{"total":11,"covered":11,"skipped":0,"pct":100},"statements":{"total":52,"covered":52,"skipped":0,"pct":100},"branches":{"total":13,"covered":13,"skipped":0,"pct":100}}
,"/home/runner/work/UnoSim/UnoSim/shared/utils/sketch-validation.ts": {"lines":{"total":11,"covered":11,"skipped":0,"pct":100},"functions":{"total":1,"covered":1,"skipped":0,"pct":100},"statements":{"total":11,"covered":11,"skipped":0,"pct":100},"branches":{"total":8,"covered":7,"skipped":0,"pct":87.5}}
,"/home/runner/work/UnoSim/UnoSim/shared/utils/temp-paths.ts": {"lines":{"total":6,"covered":4,"skipped":0,"pct":66.66},"functions":{"total":1,"covered":1,"skipped":0,"pct":100},"statements":{"total":6,"covered":4,"skipped":0,"pct":66.66},"branches":{"total":6,"covered":4,"skipped":0,"pct":66.66}}
}
