{"total": {"lines":{"total":5798,"covered":4108,"skipped":0,"pct":70.85},"statements":{"total":6236,"covered":4348,"skipped":0,"pct":69.72},"functions":{"total":1197,"covered":812,"skipped":0,"pct":67.83},"branches":{"total":3403,"covered":1996,"skipped":0,"pct":58.65},"branchesTrue":{"total":0,"covered":0,"skipped":0,"pct":100}}
,"/home/runner/work/UnoSim/UnoSim/client/src/components/features/compilation-output.tsx": {"lines":{"total":2,"covered":1,"skipped":0,"pct":50},"functions":{"total":2,"covered":1,"skipped":0,"pct":50},"statements":{"total":2,"covered":1,"skipped":0,"pct":50},"branches":{"total":24,"covered":12,"skipped":0,"pct":50}}
,"/home/runner/work/UnoSim/UnoSim/client/src/components/features/examples-menu.tsx": {"lines":{"total":143,"covered":1,"skipped":0,"pct":0.69},"functions":{"total":32,"covered":0,"skipped":0,"pct":0},"statements":{"total":148,"covered":1,"skipped":0,"pct":0.67},"branches":{"total":63,"covered":0,"skipped":0,"pct":0}}
,"/home/runner/work/UnoSim/UnoSim/client/src/components/features/mobile-layout.tsx": {"lines":{"total":13,"covered":10,"skipped":0,"pct":76.92},"functions":{"total":7,"covered":4,"skipped":0,"pct":57.14},"statements":{"total":14,"covered":11,"skipped":0,"pct":78.57},"branches":{"total":29,"covered":22,"skipped":0,"pct":75.86}}
,"/home/runner/work/UnoSim/UnoSim/client/src/components/features/output-panel.tsx": {"lines":{"total":45,"covered":21,"skipped":0,"pct":46.66},"functions":{"total":31,"covered":5,"skipped":0,"pct":16.12},"statements":{"total":55,"covered":21,"skipped":0,"pct":38.18},"branches":{"total":69,"covered":18,"skipped":0,"pct":26.08}}
,"/home/runner/work/UnoSim/UnoSim/client/src/components/features/parser-output.tsx": {"lines":{"total":114,"covered":108,"skipped":0,"pct":94.73},"functions":{"total":45,"covered":43,"skipped":0,"pct":95.55},"statements":{"total":124,"covered":117,"skipped":0,"pct":94.35},"branches":{"total":159,"covered":141,"skipped":0,"pct":88.67}}
,"/home/runner/work/UnoSim/UnoSim/client/src/components/features/pin-monitor.tsx": {"lines":{"total":21,"covered":1,"skipped":0,"pct":4.76},"functions":{"total":7,"covered":0,"skipped":0,"pct":0},"statements":{"total":23,"covered":1,"skipped":0,"pct":4.34},"branches":{"total":21,"covered":0,"skipped":0,"pct":0}}
,"/home/runner/work/UnoSim/UnoSim/client/src/components/features/serial-monitor.tsx": {"lines":{"total":168,"covered":124,"skipped":0,"pct":73.8},"functions":{"total":22,"covered":16,"skipped":0,"pct":72.72},"statements":{"total":174,"covered":126,"skipped":0,"pct":72.41},"branches":{"total":102,"covered":78,"skipped":0,"pct":76.47}}
,"/home/runner/work/UnoSim/UnoSim/client/src/components/features/sim-cockpit.tsx": {"lines":{"total":6,"covered":6,"skipped":0,"pct":100},"functions":{"total":1,"covered":1,"skipped":0,"pct":100},"statements":{"total":6,"covered":6,"skipped":0,"pct":100},"branches":{"total":12,"covered":9,"skipped":0,"pct":75}}
,"/home/runner/work/UnoSim/UnoSim/client/src/components/features/simulator/SimulatorSidebar.tsx": {"lines":{"total":2,"covered":2,"skipped":0,"pct":100},"functions":{"total":1,"covered":1,"skipped":0,"pct":100},"statements":{"total":2,"covered":2,"skipped":0,"pct":100},"branches":{"total":5,"covered":3,"skipped":0,"pct":60}}
,"/home/runner/work/UnoSim/UnoSim/client/src/components/simulator/ArduinoSimulatorPage.styles.ts": {"lines":{"total":9,"covered":4,"skipped":0,"pct":44.44},"functions":{"total":1,"covered":0,"skipped":0,"pct":0},"statements":{"total":9,"covered":4,"skipped":0,"pct":44.44},"branches":{"total":8,"covered":0,"skipped":0,"pct":0}}
,"/home/runner/work/UnoSim/UnoSim/client/src/components/simulator/ArduinoSimulatorPage.tsx": {"lines":{"total":2,"covered":2,"skipped":0,"pct":100},"functions":{"total":1,"covered":1,"skipped":0,"pct":100},"statements":{"total":2,"covered":2,"skipped":0,"pct":100},"branches":{"total":0,"covered":0,"skipped":0,"pct":100}}
,"/home/runner/work/UnoSim/UnoSim/client/src/components/simulator/ArduinoSimulatorPageLayout.tsx": {"lines":{"total":15,"covered":2,"skipped":0,"pct":13.33},"functions":{"total":6,"covered":1,"skipped":0,"pct":16.66},"statements":{"total":17,"covered":2,"skipped":0,"pct":11.76},"branches":{"total":22,"covered":6,"skipped":0,"pct":27.27}}
,"/home/runner/work/UnoSim/UnoSim/client/src/components/simulator/PinMonitorView.tsx": {"lines":{"total":2,"covered":0,"skipped":0,"pct":0},"functions":{"total":1,"covered":0,"skipped":0,"pct":0},"statements":{"total":2,"covered":0,"skipped":0,"pct":0},"branches":{"total":5,"covered":0,"skipped":0,"pct":0}}
,"/home/runner/work/UnoSim/UnoSim/client/src/components/simulator/SerialMonitorView.tsx": {"lines":{"total":49,"covered":37,"skipped":0,"pct":75.51},"functions":{"total":15,"covered":7,"skipped":0,"pct":46.66},"statements":{"total":55,"covered":39,"skipped":0,"pct":70.9},"branches":{"total":38,"covered":20,"skipped":0,"pct":52.63}}
,"/home/runner/work/UnoSim/UnoSim/client/src/components/simulator/SimulationControls.tsx": {"lines":{"total":1,"covered":1,"skipped":0,"pct":100},"functions":{"total":1,"covered":1,"skipped":0,"pct":100},"statements":{"total":1,"covered":1,"skipped":0,"pct":100},"branches":{"total":0,"covered":0,"skipped":0,"pct":100}}
,"/home/runner/work/UnoSim/UnoSim/client/src/components/simulator/sub-components/SimulatorOutputContainer.tsx": {"lines":{"total":1,"covered":1,"skipped":0,"pct":100},"functions":{"total":1,"covered":1,"skipped":0,"pct":100},"statements":{"total":1,"covered":1,"skipped":0,"pct":100},"branches":{"total":0,"covered":0,"skipped":0,"pct":100}}
,"/home/runner/work/UnoSim/UnoSim/client/src/components/ui/button.tsx": {"lines":{"total":5,"covered":5,"skipped":0,"pct":100},"functions":{"total":1,"covered":1,"skipped":0,"pct":100},"statements":{"total":5,"covered":5,"skipped":0,"pct":100},"branches":{"total":3,"covered":2,"skipped":0,"pct":66.66}}
,"/home/runner/work/UnoSim/UnoSim/client/src/components/ui/dropdown-menu.tsx": {"lines":{"total":31,"covered":22,"skipped":0,"pct":70.96},"functions":{"total":9,"covered":0,"skipped":0,"pct":0},"statements":{"total":31,"covered":22,"skipped":0,"pct":70.96},"branches":{"total":7,"covered":0,"skipped":0,"pct":0}}
,"/home/runner/work/UnoSim/UnoSim/client/src/components/ui/input-group.tsx": {"lines":{"total":8,"covered":8,"skipped":0,"pct":100},"functions":{"total":2,"covered":2,"skipped":0,"pct":100},"statements":{"total":10,"covered":10,"skipped":0,"pct":100},"branches":{"total":10,"covered":10,"skipped":0,"pct":100}}
,"/home/runner/work/UnoSim/UnoSim/client/src/components/ui/resizable.tsx": {"lines":{"total":5,"covered":5,"skipped":0,"pct":100},"functions":{"total":2,"covered":2,"skipped":0,"pct":100},"statements":{"total":5,"covered":5,"skipped":0,"pct":100},"branches":{"total":2,"covered":2,"skipped":0,"pct":100}}
,"/home/runner/work/UnoSim/UnoSim/client/src/components/ui/scroll-area.tsx": {"lines":{"total":6,"covered":6,"skipped":0,"pct":100},"functions":{"total":2,"covered":2,"skipped":0,"pct":100},"statements":{"total":6,"covered":6,"skipped":0,"pct":100},"branches":{"total":5,"covered":4,"skipped":0,"pct":80}}
,"/home/runner/work/UnoSim/UnoSim/client/src/components/ui/tabs.tsx": {"lines":{"total":10,"covered":10,"skipped":0,"pct":100},"functions":{"total":3,"covered":3,"skipped":0,"pct":100},"statements":{"total":10,"covered":10,"skipped":0,"pct":100},"branches":{"total":0,"covered":0,"skipped":0,"pct":100}}
,"/home/runner/work/UnoSim/UnoSim/client/src/hooks/use-backend-health.ts": {"lines":{"total":58,"covered":58,"skipped":0,"pct":100},"functions":{"total":12,"covered":12,"skipped":0,"pct":100},"statements":{"total":61,"covered":61,"skipped":0,"pct":100},"branches":{"total":40,"covered":35,"skipped":0,"pct":87.5}}
,"/home/runner/work/UnoSim/UnoSim/client/src/hooks/use-compilation.ts": {"lines":{"total":15,"covered":15,"skipped":0,"pct":100},"functions":{"total":7,"covered":5,"skipped":0,"pct":71.42},"statements":{"total":15,"covered":15,"skipped":0,"pct":100},"branches":{"total":8,"covered":7,"skipped":0,"pct":87.5}}
,"/home/runner/work/UnoSim/UnoSim/client/src/hooks/use-compile-and-run.ts": {"lines":{"total":257,"covered":210,"skipped":0,"pct":81.71},"functions":{"total":46,"covered":41,"skipped":0,"pct":89.13},"statements":{"total":270,"covered":221,"skipped":0,"pct":81.85},"branches":{"total":128,"covered":80,"skipped":0,"pct":62.5}}
,"/home/runner/work/UnoSim/UnoSim/client/src/hooks/use-debug-console.ts": {"lines":{"total":27,"covered":24,"skipped":0,"pct":88.88},"functions":{"total":9,"covered":8,"skipped":0,"pct":88.88},"statements":{"total":28,"covered":25,"skipped":0,"pct":89.28},"branches":{"total":6,"covered":4,"skipped":0,"pct":66.66}}
,"/home/runner/work/UnoSim/UnoSim/client/src/hooks/use-debug-mode-store.ts": {"lines":{"total":28,"covered":17,"skipped":0,"pct":60.71},"functions":{"total":10,"covered":5,"skipped":0,"pct":50},"statements":{"total":31,"covered":19,"skipped":0,"pct":61.29},"branches":{"total":12,"covered":2,"skipped":0,"pct":16.66}}
,"/home/runner/work/UnoSim/UnoSim/client/src/hooks/use-editor-commands.ts": {"lines":{"total":83,"covered":68,"skipped":0,"pct":81.92},"functions":{"total":13,"covered":13,"skipped":0,"pct":100},"statements":{"total":87,"covered":68,"skipped":0,"pct":78.16},"branches":{"total":43,"covered":32,"skipped":0,"pct":74.41}}
,"/home/runner/work/UnoSim/UnoSim/client/src/hooks/use-file-manager.ts": {"lines":{"total":36,"covered":24,"skipped":0,"pct":66.66},"functions":{"total":7,"covered":4,"skipped":0,"pct":57.14},"statements":{"total":39,"covered":24,"skipped":0,"pct":61.53},"branches":{"total":21,"covered":14,"skipped":0,"pct":66.66}}
,"/home/runner/work/UnoSim/UnoSim/client/src/hooks/use-mobile-layout.ts": {"lines":{"total":73,"covered":67,"skipped":0,"pct":91.78},"functions":{"total":11,"covered":11,"skipped":0,"pct":100},"statements":{"total":81,"covered":69,"skipped":0,"pct":85.18},"branches":{"total":67,"covered":49,"skipped":0,"pct":73.13}}
,"/home/runner/work/UnoSim/UnoSim/client/src/hooks/use-output-panel.ts": {"lines":{"total":169,"covered":130,"skipped":0,"pct":76.92},"functions":{"total":34,"covered":29,"skipped":0,"pct":85.29},"statements":{"total":187,"covered":141,"skipped":0,"pct":75.4},"branches":{"total":97,"covered":56,"skipped":0,"pct":57.73}}
,"/home/runner/work/UnoSim/UnoSim/client/src/hooks/use-pin-state.ts": {"lines":{"total":30,"covered":29,"skipped":0,"pct":96.66},"functions":{"total":7,"covered":7,"skipped":0,"pct":100},"statements":{"total":30,"covered":29,"skipped":0,"pct":96.66},"branches":{"total":10,"covered":10,"skipped":0,"pct":100}}
,"/home/runner/work/UnoSim/UnoSim/client/src/hooks/use-serial-io.ts": {"lines":{"total":49,"covered":44,"skipped":0,"pct":89.79},"functions":{"total":18,"covered":15,"skipped":0,"pct":83.33},"statements":{"total":55,"covered":50,"skipped":0,"pct":90.9},"branches":{"total":20,"covered":14,"skipped":0,"pct":70}}
,"/home/runner/work/UnoSim/UnoSim/client/src/hooks/use-simulation-controls.ts": {"lines":{"total":17,"covered":16,"skipped":0,"pct":94.11},"functions":{"total":15,"covered":10,"skipped":0,"pct":66.66},"statements":{"total":18,"covered":17,"skipped":0,"pct":94.44},"branches":{"total":12,"covered":11,"skipped":0,"pct":91.66}}
,"/home/runner/work/UnoSim/UnoSim/client/src/hooks/use-simulation-lifecycle.ts": {"lines":{"total":31,"covered":31,"skipped":0,"pct":100},"functions":{"total":9,"covered":6,"skipped":0,"pct":66.66},"statements":{"total":33,"covered":33,"skipped":0,"pct":100},"branches":{"total":22,"covered":19,"skipped":0,"pct":86.36}}
,"/home/runner/work/UnoSim/UnoSim/client/src/hooks/use-simulation-store.ts": {"lines":{"total":87,"covered":23,"skipped":0,"pct":26.43},"functions":{"total":21,"covered":4,"skipped":0,"pct":19.04},"statements":{"total":95,"covered":25,"skipped":0,"pct":26.31},"branches":{"total":44,"covered":1,"skipped":0,"pct":2.27}}
,"/home/runner/work/UnoSim/UnoSim/client/src/hooks/use-simulation.ts": {"lines":{"total":5,"covered":5,"skipped":0,"pct":100},"functions":{"total":1,"covered":1,"skipped":0,"pct":100},"statements":{"total":5,"covered":5,"skipped":0,"pct":100},"branches":{"total":2,"covered":1,"skipped":0,"pct":50}}
,"/home/runner/work/UnoSim/UnoSim/client/src/hooks/use-sketch-analysis.ts": {"lines":{"total":80,"covered":76,"skipped":0,"pct":95},"functions":{"total":15,"covered":14,"skipped":0,"pct":93.33},"statements":{"total":101,"covered":92,"skipped":0,"pct":91.08},"branches":{"total":58,"covered":43,"skipped":0,"pct":74.13}}
,"/home/runner/work/UnoSim/UnoSim/client/src/hooks/use-sketch-tabs.ts": {"lines":{"total":23,"covered":23,"skipped":0,"pct":100},"functions":{"total":11,"covered":11,"skipped":0,"pct":100},"statements":{"total":26,"covered":26,"skipped":0,"pct":100},"branches":{"total":7,"covered":6,"skipped":0,"pct":85.71}}
,"/home/runner/work/UnoSim/UnoSim/client/src/hooks/use-telemetry-store.ts": {"lines":{"total":46,"covered":41,"skipped":0,"pct":89.13},"functions":{"total":11,"covered":10,"skipped":0,"pct":90.9},"statements":{"total":52,"covered":46,"skipped":0,"pct":88.46},"branches":{"total":4,"covered":2,"skipped":0,"pct":50}}
,"/home/runner/work/UnoSim/UnoSim/client/src/hooks/use-telemetry.ts": {"lines":{"total":5,"covered":5,"skipped":0,"pct":100},"functions":{"total":2,"covered":2,"skipped":0,"pct":100},"statements":{"total":5,"covered":5,"skipped":0,"pct":100},"branches":{"total":8,"covered":8,"skipped":0,"pct":100}}
,"/home/runner/work/UnoSim/UnoSim/client/src/hooks/useArduinoSimulatorPage.tsx": {"lines":{"total":106,"covered":70,"skipped":0,"pct":66.03},"functions":{"total":19,"covered":9,"skipped":0,"pct":47.36},"statements":{"total":114,"covered":73,"skipped":0,"pct":64.03},"branches":{"total":28,"covered":16,"skipped":0,"pct":57.14}}
,"/home/runner/work/UnoSim/UnoSim/client/src/hooks/useFileSystem.ts": {"lines":{"total":19,"covered":19,"skipped":0,"pct":100},"functions":{"total":4,"covered":4,"skipped":0,"pct":100},"statements":{"total":20,"covered":19,"skipped":0,"pct":95},"branches":{"total":13,"covered":10,"skipped":0,"pct":76.92}}
,"/home/runner/work/UnoSim/UnoSim/client/src/hooks/usePinPollingEngine.ts": {"lines":{"total":207,"covered":121,"skipped":0,"pct":58.45},"functions":{"total":28,"covered":21,"skipped":0,"pct":75},"statements":{"total":234,"covered":134,"skipped":0,"pct":57.26},"branches":{"total":130,"covered":49,"skipped":0,"pct":37.69}}
,"/home/runner/work/UnoSim/UnoSim/client/src/hooks/useSimulatorActions.ts": {"lines":{"total":13,"covered":7,"skipped":0,"pct":53.84},"functions":{"total":7,"covered":1,"skipped":0,"pct":14.28},"statements":{"total":13,"covered":7,"skipped":0,"pct":53.84},"branches":{"total":0,"covered":0,"skipped":0,"pct":100}}
,"/home/runner/work/UnoSim/UnoSim/client/src/hooks/useSimulatorFileSystem.ts": {"lines":{"total":56,"covered":10,"skipped":0,"pct":17.85},"functions":{"total":16,"covered":2,"skipped":0,"pct":12.5},"statements":{"total":62,"covered":10,"skipped":0,"pct":16.12},"branches":{"total":16,"covered":0,"skipped":0,"pct":0}}
,"/home/runner/work/UnoSim/UnoSim/client/src/hooks/useSimulatorKeyboardShortcuts.ts": {"lines":{"total":43,"covered":8,"skipped":0,"pct":18.6},"functions":{"total":7,"covered":5,"skipped":0,"pct":71.42},"statements":{"total":45,"covered":10,"skipped":0,"pct":22.22},"branches":{"total":46,"covered":0,"skipped":0,"pct":0}}
,"/home/runner/work/UnoSim/UnoSim/client/src/hooks/useSimulatorOutputPanel.ts": {"lines":{"total":21,"covered":8,"skipped":0,"pct":38.09},"functions":{"total":6,"covered":1,"skipped":0,"pct":16.66},"statements":{"total":21,"covered":8,"skipped":0,"pct":38.09},"branches":{"total":10,"covered":3,"skipped":0,"pct":30}}
,"/home/runner/work/UnoSim/UnoSim/client/src/hooks/useSimulatorPinControls.ts": {"lines":{"total":27,"covered":5,"skipped":0,"pct":18.51},"functions":{"total":8,"covered":1,"skipped":0,"pct":12.5},"statements":{"total":29,"covered":5,"skipped":0,"pct":17.24},"branches":{"total":8,"covered":0,"skipped":0,"pct":0}}
,"/home/runner/work/UnoSim/UnoSim/client/src/hooks/useSimulatorSerialPanel.ts": {"lines":{"total":15,"covered":5,"skipped":0,"pct":33.33},"functions":{"total":5,"covered":1,"skipped":0,"pct":20},"statements":{"total":17,"covered":5,"skipped":0,"pct":29.41},"branches":{"total":10,"covered":0,"skipped":0,"pct":0}}
,"/home/runner/work/UnoSim/UnoSim/client/src/hooks/useSimulatorUIState.tsx": {"lines":{"total":23,"covered":15,"skipped":0,"pct":65.21},"functions":{"total":12,"covered":7,"skipped":0,"pct":58.33},"statements":{"total":24,"covered":16,"skipped":0,"pct":66.66},"branches":{"total":6,"covered":1,"skipped":0,"pct":16.66}}
,"/home/runner/work/UnoSim/UnoSim/client/src/hooks/useSimulatorWebSocketBridge.ts": {"lines":{"total":1,"covered":1,"skipped":0,"pct":100},"functions":{"total":1,"covered":1,"skipped":0,"pct":100},"statements":{"total":1,"covered":1,"skipped":0,"pct":100},"branches":{"total":0,"covered":0,"skipped":0,"pct":100}}
,"/home/runner/work/UnoSim/UnoSim/client/src/hooks/useWebSocketHandler.ts": {"lines":{"total":174,"covered":44,"skipped":0,"pct":25.28},"functions":{"total":35,"covered":8,"skipped":0,"pct":22.85},"statements":{"total":189,"covered":45,"skipped":0,"pct":23.8},"branches":{"total":111,"covered":15,"skipped":0,"pct":13.51}}
,"/home/runner/work/UnoSim/UnoSim/client/src/lib/compilation-error-state.ts": {"lines":{"total":5,"covered":5,"skipped":0,"pct":100},"functions":{"total":1,"covered":1,"skipped":0,"pct":100},"statements":{"total":5,"covered":5,"skipped":0,"pct":100},"branches":{"total":4,"covered":2,"skipped":0,"pct":50}}
,"/home/runner/work/UnoSim/UnoSim/client/src/lib/font-scale-utils.ts": {"lines":{"total":38,"covered":35,"skipped":0,"pct":92.1},"functions":{"total":8,"covered":8,"skipped":0,"pct":100},"statements":{"total":43,"covered":40,"skipped":0,"pct":93.02},"branches":{"total":16,"covered":14,"skipped":0,"pct":87.5}}
,"/home/runner/work/UnoSim/UnoSim/client/src/lib/platform.ts": {"lines":{"total":1,"covered":1,"skipped":0,"pct":100},"functions":{"total":0,"covered":0,"skipped":0,"pct":100},"statements":{"total":1,"covered":1,"skipped":0,"pct":100},"branches":{"total":2,"covered":2,"skipped":0,"pct":100}}
,"/home/runner/work/UnoSim/UnoSim/client/src/lib/queryClient.ts": {"lines":{"total":20,"covered":3,"skipped":0,"pct":15},"functions":{"total":4,"covered":1,"skipped":0,"pct":25},"statements":{"total":20,"covered":3,"skipped":0,"pct":15},"branches":{"total":16,"covered":0,"skipped":0,"pct":0}}
,"/home/runner/work/UnoSim/UnoSim/client/src/lib/utils.ts": {"lines":{"total":1,"covered":1,"skipped":0,"pct":100},"functions":{"total":1,"covered":1,"skipped":0,"pct":100},"statements":{"total":1,"covered":1,"skipped":0,"pct":100},"branches":{"total":0,"covered":0,"skipped":0,"pct":100}}
,"/home/runner/work/UnoSim/UnoSim/client/src/lib/websocket-manager.ts": {"lines":{"total":179,"covered":25,"skipped":0,"pct":13.96},"functions":{"total":30,"covered":5,"skipped":0,"pct":16.66},"statements":{"total":183,"covered":26,"skipped":0,"pct":14.2},"branches":{"total":68,"covered":2,"skipped":0,"pct":2.94}}
,"/home/runner/work/UnoSim/UnoSim/client/src/pages/arduino-simulator.tsx": {"lines":{"total":1,"covered":1,"skipped":0,"pct":100},"functions":{"total":1,"covered":1,"skipped":0,"pct":100},"statements":{"total":1,"covered":1,"skipped":0,"pct":100},"branches":{"total":0,"covered":0,"skipped":0,"pct":100}}
,"/home/runner/work/UnoSim/UnoSim/client/src/types/websocket.ts": {"lines":{"total":6,"covered":4,"skipped":0,"pct":66.66},"functions":{"total":5,"covered":3,"skipped":0,"pct":60},"statements":{"total":6,"covered":4,"skipped":0,"pct":66.66},"branches":{"total":3,"covered":3,"skipped":0,"pct":100}}
,"/home/runner/work/UnoSim/UnoSim/client/src/utils/serial-character-renderer.ts": {"lines":{"total":54,"covered":52,"skipped":0,"pct":96.29},"functions":{"total":14,"covered":14,"skipped":0,"pct":100},"statements":{"total":57,"covered":54,"skipped":0,"pct":94.73},"branches":{"total":33,"covered":30,"skipped":0,"pct":90.9}}
,"/home/runner/work/UnoSim/UnoSim/server/storage.ts": {"lines":{"total":20,"covered":20,"skipped":0,"pct":100},"functions":{"total":8,"covered":8,"skipped":0,"pct":100},"statements":{"total":21,"covered":21,"skipped":0,"pct":100},"branches":{"total":2,"covered":2,"skipped":0,"pct":100}}
,"/home/runner/work/UnoSim/UnoSim/server/mocks/arduino-mock/arduino-constants.ts": {"lines":{"total":1,"covered":1,"skipped":0,"pct":100},"functions":{"total":0,"covered":0,"skipped":0,"pct":100},"statements":{"total":1,"covered":1,"skipped":0,"pct":100},"branches":{"total":0,"covered":0,"skipped":0,"pct":100}}
,"/home/runner/work/UnoSim/UnoSim/server/mocks/arduino-mock/arduino-mock.ts": {"lines":{"total":1,"covered":1,"skipped":0,"pct":100},"functions":{"total":0,"covered":0,"skipped":0,"pct":100},"statements":{"total":1,"covered":1,"skipped":0,"pct":100},"branches":{"total":0,"covered":0,"skipped":0,"pct":100}}
,"/home/runner/work/UnoSim/UnoSim/server/mocks/arduino-mock/arduino-registry-logic.ts": {"lines":{"total":1,"covered":1,"skipped":0,"pct":100},"functions":{"total":0,"covered":0,"skipped":0,"pct":100},"statements":{"total":1,"covered":1,"skipped":0,"pct":100},"branches":{"total":0,"covered":0,"skipped":0,"pct":100}}
,"/home/runner/work/UnoSim/UnoSim/server/mocks/arduino-mock/arduino-registry.ts": {"lines":{"total":2,"covered":2,"skipped":0,"pct":100},"functions":{"total":0,"covered":0,"skipped":0,"pct":100},"statements":{"total":2,"covered":2,"skipped":0,"pct":100},"branches":{"total":0,"covered":0,"skipped":0,"pct":100}}
,"/home/runner/work/UnoSim/UnoSim/server/mocks/arduino-mock/arduino-stdin.ts": {"lines":{"total":1,"covered":1,"skipped":0,"pct":100},"functions":{"total":0,"covered":0,"skipped":0,"pct":100},"statements":{"total":1,"covered":1,"skipped":0,"pct":100},"branches":{"total":0,"covered":0,"skipped":0,"pct":100}}
,"/home/runner/work/UnoSim/UnoSim/server/mocks/arduino-mock/arduino-string-utils.ts": {"lines":{"total":1,"covered":1,"skipped":0,"pct":100},"functions":{"total":0,"covered":0,"skipped":0,"pct":100},"statements":{"total":1,"covered":1,"skipped":0,"pct":100},"branches":{"total":0,"covered":0,"skipped":0,"pct":100}}
,"/home/runner/work/UnoSim/UnoSim/server/mocks/arduino-mock/arduino-string.ts": {"lines":{"total":1,"covered":1,"skipped":0,"pct":100},"functions":{"total":0,"covered":0,"skipped":0,"pct":100},"statements":{"total":1,"covered":1,"skipped":0,"pct":100},"branches":{"total":0,"covered":0,"skipped":0,"pct":100}}
,"/home/runner/work/UnoSim/UnoSim/server/mocks/arduino-mock/arduino-timing.ts": {"lines":{"total":2,"covered":2,"skipped":0,"pct":100},"functions":{"total":0,"covered":0,"skipped":0,"pct":100},"statements":{"total":2,"covered":2,"skipped":0,"pct":100},"branches":{"total":0,"covered":0,"skipped":0,"pct":100}}
,"/home/runner/work/UnoSim/UnoSim/server/mocks/arduino-mock/index.ts": {"lines":{"total":0,"covered":0,"skipped":0,"pct":100},"functions":{"total":0,"covered":0,"skipped":0,"pct":100},"statements":{"total":0,"covered":0,"skipped":0,"pct":100},"branches":{"total":0,"covered":0,"skipped":0,"pct":100}}
,"/home/runner/work/UnoSim/UnoSim/server/services/arduino-compiler.ts": {"lines":{"total":269,"covered":197,"skipped":0,"pct":73.23},"functions":{"total":38,"covered":22,"skipped":0,"pct":57.89},"statements":{"total":281,"covered":201,"skipped":0,"pct":71.53},"branches":{"total":137,"covered":87,"skipped":0,"pct":63.5}}
,"/home/runner/work/UnoSim/UnoSim/server/services/arduino-mock.ts": {"lines":{"total":0,"covered":0,"skipped":0,"pct":100},"functions":{"total":0,"covered":0,"skipped":0,"pct":100},"statements":{"total":0,"covered":0,"skipped":0,"pct":100},"branches":{"total":0,"covered":0,"skipped":0,"pct":100}}
,"/home/runner/work/UnoSim/UnoSim/server/services/arduino-output-parser.ts": {"lines":{"total":58,"covered":54,"skipped":0,"pct":93.1},"functions":{"total":4,"covered":4,"skipped":0,"pct":100},"statements":{"total":58,"covered":54,"skipped":0,"pct":93.1},"branches":{"total":53,"covered":42,"skipped":0,"pct":79.24}}
,"/home/runner/work/UnoSim/UnoSim/server/services/compilation-worker-pool.ts": {"lines":{"total":92,"covered":25,"skipped":0,"pct":27.17},"functions":{"total":16,"covered":3,"skipped":0,"pct":18.75},"statements":{"total":94,"covered":25,"skipped":0,"pct":26.59},"branches":{"total":28,"covered":6,"skipped":0,"pct":21.42}}
,"/home/runner/work/UnoSim/UnoSim/server/services/compile-gatekeeper.ts": {"lines":{"total":19,"covered":12,"skipped":0,"pct":63.15},"functions":{"total":6,"covered":4,"skipped":0,"pct":66.66},"statements":{"total":19,"covered":12,"skipped":0,"pct":63.15},"branches":{"total":6,"covered":5,"skipped":0,"pct":83.33}}
,"/home/runner/work/UnoSim/UnoSim/server/services/docker-command-builder.ts": {"lines":{"total":5,"covered":5,"skipped":0,"pct":100},"functions":{"total":2,"covered":2,"skipped":0,"pct":100},"statements":{"total":6,"covered":6,"skipped":0,"pct":100},"branches":{"total":2,"covered":1,"skipped":0,"pct":50}}
,"/home/runner/work/UnoSim/UnoSim/server/services/local-compiler.ts": {"lines":{"total":151,"covered":124,"skipped":0,"pct":82.11},"functions":{"total":16,"covered":15,"skipped":0,"pct":93.75},"statements":{"total":156,"covered":128,"skipped":0,"pct":82.05},"branches":{"total":52,"covered":31,"skipped":0,"pct":59.61}}
,"/home/runner/work/UnoSim/UnoSim/server/services/pin-state-batcher.ts": {"lines":{"total":37,"covered":36,"skipped":0,"pct":97.29},"functions":{"total":11,"covered":11,"skipped":0,"pct":100},"statements":{"total":38,"covered":37,"skipped":0,"pct":97.36},"branches":{"total":12,"covered":9,"skipped":0,"pct":75}}
,"/home/runner/work/UnoSim/UnoSim/server/services/pooled-compiler.ts": {"lines":{"total":20,"covered":8,"skipped":0,"pct":40},"functions":{"total":5,"covered":3,"skipped":0,"pct":60},"statements":{"total":20,"covered":8,"skipped":0,"pct":40},"branches":{"total":14,"covered":3,"skipped":0,"pct":21.42}}
,"/home/runner/work/UnoSim/UnoSim/server/services/process-controller.ts": {"lines":{"total":116,"covered":97,"skipped":0,"pct":83.62},"functions":{"total":27,"covered":23,"skipped":0,"pct":85.18},"statements":{"total":129,"covered":102,"skipped":0,"pct":79.06},"branches":{"total":73,"covered":51,"skipped":0,"pct":69.86}}
,"/home/runner/work/UnoSim/UnoSim/server/services/process-executor.ts": {"lines":{"total":82,"covered":69,"skipped":0,"pct":84.14},"functions":{"total":10,"covered":10,"skipped":0,"pct":100},"statements":{"total":84,"covered":69,"skipped":0,"pct":82.14},"branches":{"total":61,"covered":37,"skipped":0,"pct":60.65}}
,"/home/runner/work/UnoSim/UnoSim/server/services/rate-limiter.ts": {"lines":{"total":54,"covered":53,"skipped":0,"pct":98.14},"functions":{"total":12,"covered":11,"skipped":0,"pct":91.66},"statements":{"total":55,"covered":54,"skipped":0,"pct":98.18},"branches":{"total":21,"covered":20,"skipped":0,"pct":95.23}}
,"/home/runner/work/UnoSim/UnoSim/server/services/registry-manager.ts": {"lines":{"total":274,"covered":236,"skipped":0,"pct":86.13},"functions":{"total":43,"covered":37,"skipped":0,"pct":86.04},"statements":{"total":292,"covered":243,"skipped":0,"pct":83.21},"branches":{"total":191,"covered":137,"skipped":0,"pct":71.72}}
,"/home/runner/work/UnoSim/UnoSim/server/services/sandbox-runner.ts": {"lines":{"total":153,"covered":109,"skipped":0,"pct":71.24},"functions":{"total":25,"covered":17,"skipped":0,"pct":68},"statements":{"total":185,"covered":126,"skipped":0,"pct":68.1},"branches":{"total":88,"covered":50,"skipped":0,"pct":56.81}}
,"/home/runner/work/UnoSim/UnoSim/server/services/serial-output-batcher.ts": {"lines":{"total":101,"covered":97,"skipped":0,"pct":96.03},"functions":{"total":14,"covered":13,"skipped":0,"pct":92.85},"statements":{"total":105,"covered":99,"skipped":0,"pct":94.28},"branches":{"total":46,"covered":37,"skipped":0,"pct":80.43}}
,"/home/runner/work/UnoSim/UnoSim/server/services/simulation-end.ts": {"lines":{"total":2,"covered":2,"skipped":0,"pct":100},"functions":{"total":1,"covered":1,"skipped":0,"pct":100},"statements":{"total":2,"covered":2,"skipped":0,"pct":100},"branches":{"total":0,"covered":0,"skipped":0,"pct":100}}
,"/home/runner/work/UnoSim/UnoSim/server/services/simulation-timeout-manager.ts": {"lines":{"total":79,"covered":71,"skipped":0,"pct":89.87},"functions":{"total":11,"covered":11,"skipped":0,"pct":100},"statements":{"total":79,"covered":71,"skipped":0,"pct":89.87},"branches":{"total":37,"covered":29,"skipped":0,"pct":78.37}}
,"/home/runner/work/UnoSim/UnoSim/server/services/sketch-file-builder.ts": {"lines":{"total":32,"covered":29,"skipped":0,"pct":90.62},"functions":{"total":5,"covered":5,"skipped":0,"pct":100},"statements":{"total":32,"covered":29,"skipped":0,"pct":90.62},"branches":{"total":10,"covered":8,"skipped":0,"pct":80}}
,"/home/runner/work/UnoSim/UnoSim/server/services/unified-gatekeeper.ts": {"lines":{"total":192,"covered":164,"skipped":0,"pct":85.41},"functions":{"total":35,"covered":33,"skipped":0,"pct":94.28},"statements":{"total":201,"covered":172,"skipped":0,"pct":85.57},"branches":{"total":72,"covered":56,"skipped":0,"pct":77.77}}
,"/home/runner/work/UnoSim/UnoSim/server/services/compiler/compiler-output-parser.ts": {"lines":{"total":20,"covered":20,"skipped":0,"pct":100},"functions":{"total":2,"covered":2,"skipped":0,"pct":100},"statements":{"total":21,"covered":21,"skipped":0,"pct":100},"branches":{"total":11,"covered":11,"skipped":0,"pct":100}}
,"/home/runner/work/UnoSim/UnoSim/server/services/sandbox/docker-manager.ts": {"lines":{"total":86,"covered":58,"skipped":0,"pct":67.44},"functions":{"total":15,"covered":11,"skipped":0,"pct":73.33},"statements":{"total":90,"covered":59,"skipped":0,"pct":65.55},"branches":{"total":62,"covered":36,"skipped":0,"pct":58.06}}
,"/home/runner/work/UnoSim/UnoSim/server/services/sandbox/execution-manager.ts": {"lines":{"total":282,"covered":200,"skipped":0,"pct":70.92},"functions":{"total":39,"covered":29,"skipped":0,"pct":74.35},"statements":{"total":297,"covered":208,"skipped":0,"pct":70.03},"branches":{"total":188,"covered":102,"skipped":0,"pct":54.25}}
,"/home/runner/work/UnoSim/UnoSim/server/services/sandbox/filesystem-helper.ts": {"lines":{"total":56,"covered":27,"skipped":0,"pct":48.21},"functions":{"total":9,"covered":7,"skipped":0,"pct":77.77},"statements":{"total":58,"covered":28,"skipped":0,"pct":48.27},"branches":{"total":32,"covered":13,"skipped":0,"pct":40.62}}
,"/home/runner/work/UnoSim/UnoSim/server/services/sandbox/stream-handler.ts": {"lines":{"total":35,"covered":12,"skipped":0,"pct":34.28},"functions":{"total":4,"covered":3,"skipped":0,"pct":75},"statements":{"total":35,"covered":12,"skipped":0,"pct":34.28},"branches":{"total":26,"covered":10,"skipped":0,"pct":38.46}}
,"/home/runner/work/UnoSim/UnoSim/server/services/utils/pin-validator.ts": {"lines":{"total":28,"covered":27,"skipped":0,"pct":96.42},"functions":{"total":11,"covered":11,"skipped":0,"pct":100},"statements":{"total":33,"covered":32,"skipped":0,"pct":96.96},"branches":{"total":22,"covered":21,"skipped":0,"pct":95.45}}
,"/home/runner/work/UnoSim/UnoSim/shared/code-parser.ts": {"lines":{"total":260,"covered":248,"skipped":0,"pct":95.38},"functions":{"total":34,"covered":34,"skipped":0,"pct":100},"statements":{"total":285,"covered":272,"skipped":0,"pct":95.43},"branches":{"total":144,"covered":125,"skipped":0,"pct":86.8}}
,"/home/runner/work/UnoSim/UnoSim/shared/io-registry-parser.ts": {"lines":{"total":190,"covered":181,"skipped":0,"pct":95.26},"functions":{"total":45,"covered":42,"skipped":0,"pct":93.33},"statements":{"total":230,"covered":212,"skipped":0,"pct":92.17},"branches":{"total":137,"covered":112,"skipped":0,"pct":81.75}}
,"/home/runner/work/UnoSim/UnoSim/shared/logger.ts": {"lines":{"total":62,"covered":37,"skipped":0,"pct":59.67},"functions":{"total":20,"covered":12,"skipped":0,"pct":60},"statements":{"total":68,"covered":38,"skipped":0,"pct":55.88},"branches":{"total":36,"covered":14,"skipped":0,"pct":38.88}}
,"/home/runner/work/UnoSim/UnoSim/shared/reserved-names-validator.ts": {"lines":{"total":44,"covered":44,"skipped":0,"pct":100},"functions":{"total":3,"covered":3,"skipped":0,"pct":100},"statements":{"total":44,"covered":44,"skipped":0,"pct":100},"branches":{"total":31,"covered":29,"skipped":0,"pct":93.54}}
,"/home/runner/work/UnoSim/UnoSim/shared/schema.ts": {"lines":{"total":2,"covered":2,"skipped":0,"pct":100},"functions":{"total":0,"covered":0,"skipped":0,"pct":100},"statements":{"total":2,"covered":2,"skipped":0,"pct":100},"branches":{"total":0,"covered":0,"skipped":0,"pct":100}}
,"/home/runner/work/UnoSim/UnoSim/shared/worker-protocol.ts": {"lines":{"total":8,"covered":5,"skipped":0,"pct":62.5},"functions":{"total":4,"covered":1,"skipped":0,"pct":25},"statements":{"total":9,"covered":6,"skipped":0,"pct":66.66},"branches":{"total":4,"covered":2,"skipped":0,"pct":50}}
,"/home/runner/work/UnoSim/UnoSim/shared/utils/arduino-utils.ts": {"lines":{"total":2,"covered":2,"skipped":0,"pct":100},"functions":{"total":1,"covered":1,"skipped":0,"pct":100},"statements":{"total":2,"covered":2,"skipped":0,"pct":100},"branches":{"total":2,"covered":1,"skipped":0,"pct":50}}
,"/home/runner/work/UnoSim/UnoSim/shared/utils/ring-buffer.ts": {"lines":{"total":43,"covered":35,"skipped":0,"pct":81.39},"functions":{"total":11,"covered":7,"skipped":0,"pct":63.63},"statements":{"total":52,"covered":40,"skipped":0,"pct":76.92},"branches":{"total":13,"covered":9,"skipped":0,"pct":69.23}}
,"/home/runner/work/UnoSim/UnoSim/shared/utils/sketch-validation.ts": {"lines":{"total":11,"covered":11,"skipped":0,"pct":100},"functions":{"total":1,"covered":1,"skipped":0,"pct":100},"statements":{"total":11,"covered":11,"skipped":0,"pct":100},"branches":{"total":8,"covered":7,"skipped":0,"pct":87.5}}
,"/home/runner/work/UnoSim/UnoSim/shared/utils/temp-paths.ts": {"lines":{"total":5,"covered":4,"skipped":0,"pct":80},"functions":{"total":1,"covered":1,"skipped":0,"pct":100},"statements":{"total":5,"covered":4,"skipped":0,"pct":80},"branches":{"total":4,"covered":3,"skipped":0,"pct":75}}
,"/home/runner/work/UnoSim/UnoSim/tests/TestLogger.ts": {"lines":{"total":9,"covered":5,"skipped":0,"pct":55.55},"functions":{"total":4,"covered":4,"skipped":0,"pct":100},"statements":{"total":9,"covered":5,"skipped":0,"pct":55.55},"branches":{"total":8,"covered":2,"skipped":0,"pct":25}}
,"/home/runner/work/UnoSim/UnoSim/tests/e2e/test-utils.ts": {"lines":{"total":19,"covered":0,"skipped":0,"pct":0},"functions":{"total":14,"covered":0,"skipped":0,"pct":0},"statements":{"total":22,"covered":0,"skipped":0,"pct":0},"branches":{"total":5,"covered":0,"skipped":0,"pct":0}}
,"/home/runner/work/UnoSim/UnoSim/tests/utils/integration-helpers.ts": {"lines":{"total":14,"covered":12,"skipped":0,"pct":85.71},"functions":{"total":6,"covered":4,"skipped":0,"pct":66.66},"statements":{"total":15,"covered":12,"skipped":0,"pct":80},"branches":{"total":4,"covered":4,"skipped":0,"pct":100}}
,"/home/runner/work/UnoSim/UnoSim/tests/utils/serial-test-helper.ts": {"lines":{"total":69,"covered":37,"skipped":0,"pct":53.62},"functions":{"total":20,"covered":11,"skipped":0,"pct":55},"statements":{"total":74,"covered":39,"skipped":0,"pct":52.7},"branches":{"total":48,"covered":16,"skipped":0,"pct":33.33}}
}
